
src/__tests__/_deprecated/browser/effectProcessor.browser.test.ts(64,3): error TS2739: Type '{ id: string; name: string; effectKey: string; enabled: boolean; parameters: Record<string, any>; }' is missing the following properties from type 'EffectInstance': category, expanded
src/__tests__/_deprecated/browser/poseExport.browser.test.ts(12,8): error TS2614: Module '"@/services/export/poseExport"' has no exported member 'Pose'. Did you mean to use 'import Pose from "@/services/export/poseExport"' instead?
src/__tests__/_deprecated/properties/arbitraries.ts(372,14): error TS2322: Type 'Arbitrary<{ position: { x: number; y: number; z: 0; }; scale: { x: number; y: number; z: 100; }; rotation: { x: 0; y: 0; z: number; }; origin: Vec2; }>' is not assignable to type 'Arbitrary<LayerTransform>'.
src/__tests__/_deprecated/properties/cameraExportFormats.property.test.ts(57,7): error TS2322: Type 'Arbitrary<{ id: string; name: string; type: "perspective" | "orthographic"; position: { x: number; y: number; z: number; }; orientation: { x: number; y: number; z: number; }; focalLength: number; zoom: number; filmSize: number; depthOfField: { ...; }; }>' is not assignable to type 'Arbitrary<Camera3D>'.
src/__tests__/_deprecated/properties/cameraExportFormats.property.test.ts(546,7): error TS2322: Type '"perspective"' is not assignable to type 'CameraType'.
src/__tests__/_deprecated/properties/cameraExportFormats.property.test.ts(556,9): error TS2353: Object literal may only specify known properties, and 'blurAmount' does not exist in type '{ enabled: boolean; focusDistance: number; aperture: number; fStop: number; blurLevel: number; lockToZoom: boolean; }'.
src/__tests__/_deprecated/properties/cameraExportFormats.property.test.ts(581,7): error TS2322: Type '"perspective"' is not assignable to type 'CameraType'.
src/__tests__/_deprecated/properties/cameraExportFormats.property.test.ts(591,9): error TS2353: Object literal may only specify known properties, and 'blurAmount' does not exist in type '{ enabled: boolean; focusDistance: number; aperture: number; fStop: number; blurLevel: number; lockToZoom: boolean; }'.
src/__tests__/_deprecated/properties/cameraExportFormats.property.test.ts(611,7): error TS2322: Type '"perspective"' is not assignable to type 'CameraType'.
src/__tests__/_deprecated/properties/cameraExportFormats.property.test.ts(621,9): error TS2353: Object literal may only specify known properties, and 'blurAmount' does not exist in type '{ enabled: boolean; focusDistance: number; aperture: number; fStop: number; blurLevel: number; lockToZoom: boolean; }'.
src/__tests__/_deprecated/properties/depthRenderer.property.test.ts(33,7): error TS2322: Type 'Arbitrary<{ id: string; name: string; type: "perspective" | "orthographic"; position: { x: number; y: number; z: number; }; orientation: { x: number; y: number; z: number; }; focalLength: number; zoom: number; filmSize: number; depthOfField: { ...; }; }>' is not assignable to type 'Arbitrary<Camera3D>'.
src/__tests__/_deprecated/properties/depthRenderer.property.test.ts(55,45): error TS2352: Conversion of type 'Arbitrary<{ id: string; name: string; type: "normal" | "depth" | "path" | "image" | "generated" | "spline" | "group" | "solid" | "video" | "audio" | "model" | "pointcloud" | "text" | "shape" | ... 11 more ... | "adjustment"; ... 13 more ...; motionBlurShutterAngle: 180; }>' to type 'Arbitrary<Layer>' may be a mistake because neither type sufficiently overlaps with the other. If this was intentional, convert the expression to 'unknown' first.
src/__tests__/_deprecated/properties/depthRenderer.property.test.ts(205,7): error TS2322: Type '"perspective"' is not assignable to type 'CameraType'.
src/__tests__/_deprecated/properties/depthRenderer.property.test.ts(215,9): error TS2353: Object literal may only specify known properties, and 'blurAmount' does not exist in type '{ enabled: boolean; focusDistance: number; aperture: number; fStop: number; blurLevel: number; lockToZoom: boolean; }'.
src/__tests__/_deprecated/properties/depthRenderer.property.test.ts(219,26): error TS2352: Conversion of type '{ id: string; name: string; type: "solid"; visible: true; locked: false; inFrame: number; outFrame: number; opacity: { id: string; name: string; value: number; keyframes: never[]; expression: null; }; transform: { ...; }; ... 7 more ...; motionBlurShutterAngle: number; }' to type 'Layer' may be a mistake because neither type sufficiently overlaps with the other. If this was intentional, convert the expression to 'unknown' first.
src/__tests__/_deprecated/properties/depthRenderer.property.test.ts(520,7): error TS2322: Type '"perspective"' is not assignable to type 'CameraType'.
src/__tests__/_deprecated/properties/depthRenderer.property.test.ts(530,9): error TS2353: Object literal may only specify known properties, and 'blurAmount' does not exist in type '{ enabled: boolean; focusDistance: number; aperture: number; fStop: number; blurLevel: number; lockToZoom: boolean; }'.
src/__tests__/_deprecated/properties/depthRenderer.property.test.ts(534,26): error TS2352: Conversion of type '{ id: string; name: string; type: "solid"; visible: false; locked: false; inFrame: number; outFrame: number; opacity: { id: string; name: string; value: number; keyframes: never[]; expression: null; }; transform: { ...; }; ... 7 more ...; motionBlurShutterAngle: number; }' to type 'Layer' may be a mistake because neither type sufficiently overlaps with the other. If this was intentional, convert the expression to 'unknown' first.
src/__tests__/_deprecated/properties/depthRenderer.property.test.ts(581,7): error TS2322: Type '"perspective"' is not assignable to type 'CameraType'.
src/__tests__/_deprecated/properties/depthRenderer.property.test.ts(591,9): error TS2353: Object literal may only specify known properties, and 'blurAmount' does not exist in type '{ enabled: boolean; focusDistance: number; aperture: number; fStop: number; blurLevel: number; lockToZoom: boolean; }'.
src/__tests__/_deprecated/properties/depthRenderer.property.test.ts(595,26): error TS2352: Conversion of type '{ id: string; name: string; type: "solid"; visible: true; locked: false; inFrame: number; outFrame: number; opacity: { id: string; name: string; value: number; keyframes: never[]; expression: null; }; transform: { ...; }; ... 7 more ...; motionBlurShutterAngle: number; }' to type 'Layer' may be a mistake because neither type sufficiently overlaps with the other. If this was intentional, convert the expression to 'unknown' first.
src/__tests__/_deprecated/properties/interpolation-probes.test.ts(12,27): error TS2322: Type '"object"' is not assignable to type '"number" | "position" | "color" | "enum" | "vector3"'.
src/__tests__/_deprecated/properties/interpolation-probes.test.ts(45,27): error TS2322: Type '"object"' is not assignable to type '"number" | "position" | "color" | "enum" | "vector3"'.
src/__tests__/_deprecated/properties/interpolation-probes.test.ts(74,27): error TS2322: Type '"string"' is not assignable to type '"number" | "position" | "color" | "enum" | "vector3"'.
src/__tests__/_deprecated/properties/interpolation-probes.test.ts(103,27): error TS2322: Type '"string"' is not assignable to type '"number" | "position" | "color" | "enum" | "vector3"'.
src/__tests__/_deprecated/properties/interpolation-probes.test.ts(118,27): error TS2322: Type '"string"' is not assignable to type '"number" | "position" | "color" | "enum" | "vector3"'.
src/__tests__/_deprecated/properties/layerEvaluationCache.property.test.ts(31,10): error TS2352: Conversion of type '{ id: string; name: string; type: "solid"; visible: true; locked: false; solo: boolean; shy: boolean; blendMode: "normal"; threeD: false; parentId: null; opacity: { id: string; name: string; type: "number"; value: number; animated: false; keyframes: never[]; }; ... 6 more ...; data: null; }' to type 'Layer' may be a mistake because neither type sufficiently overlaps with the other. If this was intentional, convert the expression to 'unknown' first.
src/__tests__/_deprecated/properties/projectStorage.property.test.ts(38,5): error TS2739: Type '{ width: number; height: number; frameCount: number; fps: number; backgroundColor: string; }' is missing the following properties from type 'CompositionSettings': duration, autoResizeToContent, frameBlendingEnabled
src/__tests__/_deprecated/properties/projectStorage.property.test.ts(49,9): error TS2739: Type '{ width: number; height: number; frameCount: number; fps: number; backgroundColor: string; }' is missing the following properties from type 'CompositionSettings': duration, autoResizeToContent, frameBlendingEnabled
src/__tests__/_deprecated/properties/strict-audio.property.test.ts(19,8): error TS2614: Module '"@/services/audioFeatures"' has no exported member 'AudioFeature'. Did you mean to use 'import AudioFeature from "@/services/audioFeatures"' instead?
src/__tests__/_deprecated/properties/strict-cameraexport.property.test.ts(52,3): error TS2322: Type 'Arbitrary<{ type: "perspective"; position: { x: number; y: number; z: number; }; orientation: { x: number; y: number; z: number; }; focalLength: number; zoom: number; filmSize: 36; depthOfField: { enabled: boolean; fStop: number; focusDistance: number; bladeCount: number; }; }>' is not assignable to type 'Arbitrary<Camera3D>'.
src/__tests__/_deprecated/properties/strict-depthrender.property.test.ts(32,3): error TS2322: Type 'Arbitrary<{ type: "perspective"; position: { x: number; y: number; z: number; }; orientation: { x: 0; y: 0; z: 0; }; focalLength: 50; zoom: 1; filmSize: 36; depthOfField: { enabled: false; fStop: 2.8; focusDistance: 1000; bladeCount: 7; }; }>' is not assignable to type 'Arbitrary<Camera3D>'.
src/__tests__/_deprecated/properties/strict-depthrender.property.test.ts(56,3): error TS2322: Type 'Arbitrary<{ id: string; name: "Test Layer"; type: "solid"; visible: boolean; locked: false; transform: { position: { value: { x: number; y: number; z: number; }; }; scale: { value: { x: 100; y: 100; }; }; rotation: { value: 0; }; anchor: { ...; }; }; ... 5 more ...; opacity: { ...; }; }>' is not assignable to type 'Arbitrary<Layer>'.
src/__tests__/_deprecated/properties/strict-effectprocessor.property.test.ts(87,3): error TS2739: Type '{ id: string; name: string; effectKey: string; enabled: boolean; parameters: Record<string, AnimatableProperty<any>>; }' is missing the following properties from type 'EffectInstance': category, expanded
src/__tests__/_deprecated/properties/strict-export.property.test.ts(26,3): error TS2322: Type 'Arbitrary<"custom" | "wan-i2v" | "wan-v2v" | "wan-flf" | "svd" | "animatediff" | "cogvideo" | "ltx-video" | "hunyuan">' is not assignable to type 'Arbitrary<ExportTarget>'.
src/__tests__/_deprecated/properties/strict-export.property.test.ts(48,3): error TS2322: Type 'Arbitrary<{ target: "wan-move" | "wan22-i2v" | "wan22-t2v" | "wan22-fun-camera" | "wan22-first-last" | "uni3c-camera" | "uni3c-motion" | "motionctrl" | "motionctrl-svd" | "cogvideox" | ... 11 more ... | "camera-comfyui"; ... 11 more ...; autoQueue: boolean; }>' is not assignable to type 'Arbitrary<ExportConfig>'.
src/__tests__/_deprecated/properties/strict-export.property.test.ts(108,26): error TS2339: Property 'frameStart' does not exist on type 'ExportConfig'.
src/__tests__/_deprecated/properties/strict-export.property.test.ts(109,26): error TS2339: Property 'frameEnd' does not exist on type 'ExportConfig'.
src/__tests__/_deprecated/properties/strict-export.property.test.ts(116,19): error TS2339: Property 'frameEnd' does not exist on type 'ExportConfig'.
src/__tests__/_deprecated/properties/strict-export.property.test.ts(116,59): error TS2339: Property 'frameStart' does not exist on type 'ExportConfig'.
src/__tests__/_deprecated/properties/strict-export.property.test.ts(129,31): error TS2339: Property 'frameEnd' does not exist on type 'ExportConfig'.
src/__tests__/_deprecated/properties/strict-export.property.test.ts(129,49): error TS2339: Property 'frameStart' does not exist on type 'ExportConfig'.
src/__tests__/_deprecated/properties/strict-export.property.test.ts(140,5): error TS2820: Type '"wan-i2v"' is not assignable to type 'ExportTarget'. Did you mean '"wan22-i2v"'?
src/__tests__/_deprecated/properties/strict-export.property.test.ts(140,16): error TS2322: Type '"wan-v2v"' is not assignable to type 'ExportTarget'.
src/__tests__/_deprecated/properties/strict-export.property.test.ts(140,27): error TS2322: Type '"wan-flf"' is not assignable to type 'ExportTarget'.
src/__tests__/_deprecated/properties/strict-export.property.test.ts(140,38): error TS2322: Type '"svd"' is not assignable to type 'ExportTarget'.
src/__tests__/_deprecated/properties/strict-export.property.test.ts(141,5): error TS2322: Type '"animatediff"' is not assignable to type 'ExportTarget'.
src/__tests__/_deprecated/properties/strict-export.property.test.ts(141,20): error TS2820: Type '"cogvideo"' is not assignable to type 'ExportTarget'. Did you mean '"cogvideox"'?
src/__tests__/_deprecated/properties/strict-export.property.test.ts(141,32): error TS2322: Type '"ltx-video"' is not assignable to type 'ExportTarget'.
src/__tests__/_deprecated/properties/strict-export.property.test.ts(141,45): error TS2322: Type '"hunyuan"' is not assignable to type 'ExportTarget'.

