src/__tests__/_deprecated/browser/effectProcessor.browser.test.ts(64,3): error TS2739: Type '{ id: string; name: string; effectKey: string; enabled: boolean; parameters: Record<string, any>; }' is missing the following properties from type 'EffectInstance': category, expanded
src/__tests__/_deprecated/browser/poseExport.browser.test.ts(12,8): error TS2614: Module '"@/services/export/poseExport"' has no exported member 'Pose'. Did you mean to use 'import Pose from "@/services/export/poseExport"' instead?
src/__tests__/_deprecated/properties/arbitraries.ts(372,14): error TS2322: Type 'Arbitrary<{ position: { x: number; y: number; z: 0; }; scale: { x: number; y: number; z: 100; }; rotation: { x: 0; y: 0; z: number; }; origin: Vec2; }>' is not assignable to type 'Arbitrary<LayerTransform>'.
  Type '{ position: { x: number; y: number; z: 0; }; scale: { x: number; y: number; z: 100; }; rotation: { x: 0; y: 0; z: number; }; origin: Vec2; }' is not assignable to type 'LayerTransform'.
    Types of property 'position' are incompatible.
      Type '{ x: number; y: number; z: 0; }' is missing the following properties from type 'AnimatableProperty<{ x: number; y: number; z?: number | undefined; }>': id, name, type, value, and 2 more.
src/__tests__/_deprecated/properties/cameraExportFormats.property.test.ts(57,7): error TS2322: Type 'Arbitrary<{ id: string; name: string; type: "perspective" | "orthographic"; position: { x: number; y: number; z: number; }; orientation: { x: number; y: number; z: number; }; focalLength: number; zoom: number; filmSize: number; depthOfField: { ...; }; }>' is not assignable to type 'Arbitrary<Camera3D>'.
  Type '{ id: string; name: string; type: "perspective" | "orthographic"; position: { x: number; y: number; z: number; }; orientation: { x: number; y: number; z: number; }; focalLength: number; zoom: number; filmSize: number; depthOfField: { ...; }; }' is missing the following properties from type 'Camera3D': pointOfInterest, xRotation, yRotation, zRotation, and 7 more.
src/__tests__/_deprecated/properties/cameraExportFormats.property.test.ts(546,7): error TS2322: Type '"perspective"' is not assignable to type 'CameraType'.
src/__tests__/_deprecated/properties/cameraExportFormats.property.test.ts(556,9): error TS2353: Object literal may only specify known properties, and 'blurAmount' does not exist in type '{ enabled: boolean; focusDistance: number; aperture: number; fStop: number; blurLevel: number; lockToZoom: boolean; }'.
src/__tests__/_deprecated/properties/cameraExportFormats.property.test.ts(581,7): error TS2322: Type '"perspective"' is not assignable to type 'CameraType'.
src/__tests__/_deprecated/properties/cameraExportFormats.property.test.ts(591,9): error TS2353: Object literal may only specify known properties, and 'blurAmount' does not exist in type '{ enabled: boolean; focusDistance: number; aperture: number; fStop: number; blurLevel: number; lockToZoom: boolean; }'.
src/__tests__/_deprecated/properties/cameraExportFormats.property.test.ts(611,7): error TS2322: Type '"perspective"' is not assignable to type 'CameraType'.
src/__tests__/_deprecated/properties/cameraExportFormats.property.test.ts(621,9): error TS2353: Object literal may only specify known properties, and 'blurAmount' does not exist in type '{ enabled: boolean; focusDistance: number; aperture: number; fStop: number; blurLevel: number; lockToZoom: boolean; }'.
src/__tests__/_deprecated/properties/depthRenderer.property.test.ts(33,7): error TS2322: Type 'Arbitrary<{ id: string; name: string; type: "perspective" | "orthographic"; position: { x: number; y: number; z: number; }; orientation: { x: number; y: number; z: number; }; focalLength: number; zoom: number; filmSize: number; depthOfField: { ...; }; }>' is not assignable to type 'Arbitrary<Camera3D>'.
  Type '{ id: string; name: string; type: "perspective" | "orthographic"; position: { x: number; y: number; z: number; }; orientation: { x: number; y: number; z: number; }; focalLength: number; zoom: number; filmSize: number; depthOfField: { ...; }; }' is missing the following properties from type 'Camera3D': pointOfInterest, xRotation, yRotation, zRotation, and 7 more.
src/__tests__/_deprecated/properties/depthRenderer.property.test.ts(55,45): error TS2352: Conversion of type 'Arbitrary<{ id: string; name: string; type: "normal" | "depth" | "path" | "image" | "generated" | "spline" | "group" | "solid" | "video" | "audio" | "model" | "pointcloud" | "text" | "shape" | ... 11 more ... | "adjustment"; ... 13 more ...; motionBlurShutterAngle: 180; }>' to type 'Arbitrary<Layer>' may be a mistake because neither type sufficiently overlaps with the other. If this was intentional, convert the expression to 'unknown' first.
  Type '{ id: string; name: string; type: "normal" | "depth" | "path" | "image" | "generated" | "spline" | "group" | "solid" | "video" | "audio" | "model" | "pointcloud" | "text" | "shape" | "particle" | ... 10 more ... | "adjustment"; ... 13 more ...; motionBlurShutterAngle: 180; }' is missing the following properties from type 'Layer': isolate, threeD, startFrame, endFrame, and 2 more.
src/__tests__/_deprecated/properties/depthRenderer.property.test.ts(205,7): error TS2322: Type '"perspective"' is not assignable to type 'CameraType'.
src/__tests__/_deprecated/properties/depthRenderer.property.test.ts(215,9): error TS2353: Object literal may only specify known properties, and 'blurAmount' does not exist in type '{ enabled: boolean; focusDistance: number; aperture: number; fStop: number; blurLevel: number; lockToZoom: boolean; }'.
src/__tests__/_deprecated/properties/depthRenderer.property.test.ts(219,26): error TS2352: Conversion of type '{ id: string; name: string; type: "solid"; visible: true; locked: false; inFrame: number; outFrame: number; opacity: { id: string; name: string; value: number; keyframes: never[]; expression: null; }; transform: { ...; }; ... 7 more ...; motionBlurShutterAngle: number; }' to type 'Layer' may be a mistake because neither type sufficiently overlaps with the other. If this was intentional, convert the expression to 'unknown' first.
  Type '{ id: string; name: string; type: "solid"; visible: true; locked: false; inFrame: number; outFrame: number; opacity: { id: string; name: string; value: number; keyframes: never[]; expression: null; }; transform: { ...; }; ... 7 more ...; motionBlurShutterAngle: number; }' is missing the following properties from type 'Layer': isolate, threeD, startFrame, endFrame, and 2 more.
src/__tests__/_deprecated/properties/depthRenderer.property.test.ts(520,7): error TS2322: Type '"perspective"' is not assignable to type 'CameraType'.
src/__tests__/_deprecated/properties/depthRenderer.property.test.ts(530,9): error TS2353: Object literal may only specify known properties, and 'blurAmount' does not exist in type '{ enabled: boolean; focusDistance: number; aperture: number; fStop: number; blurLevel: number; lockToZoom: boolean; }'.
src/__tests__/_deprecated/properties/depthRenderer.property.test.ts(534,26): error TS2352: Conversion of type '{ id: string; name: string; type: "solid"; visible: false; locked: false; inFrame: number; outFrame: number; opacity: { id: string; name: string; value: number; keyframes: never[]; expression: null; }; transform: { ...; }; ... 7 more ...; motionBlurShutterAngle: number; }' to type 'Layer' may be a mistake because neither type sufficiently overlaps with the other. If this was intentional, convert the expression to 'unknown' first.
  Type '{ id: string; name: string; type: "solid"; visible: false; locked: false; inFrame: number; outFrame: number; opacity: { id: string; name: string; value: number; keyframes: never[]; expression: null; }; transform: { ...; }; ... 7 more ...; motionBlurShutterAngle: number; }' is missing the following properties from type 'Layer': isolate, threeD, startFrame, endFrame, and 2 more.
src/__tests__/_deprecated/properties/depthRenderer.property.test.ts(581,7): error TS2322: Type '"perspective"' is not assignable to type 'CameraType'.
src/__tests__/_deprecated/properties/depthRenderer.property.test.ts(591,9): error TS2353: Object literal may only specify known properties, and 'blurAmount' does not exist in type '{ enabled: boolean; focusDistance: number; aperture: number; fStop: number; blurLevel: number; lockToZoom: boolean; }'.
src/__tests__/_deprecated/properties/depthRenderer.property.test.ts(595,26): error TS2352: Conversion of type '{ id: string; name: string; type: "solid"; visible: true; locked: false; inFrame: number; outFrame: number; opacity: { id: string; name: string; value: number; keyframes: never[]; expression: null; }; transform: { ...; }; ... 7 more ...; motionBlurShutterAngle: number; }' to type 'Layer' may be a mistake because neither type sufficiently overlaps with the other. If this was intentional, convert the expression to 'unknown' first.
  Type '{ id: string; name: string; type: "solid"; visible: true; locked: false; inFrame: number; outFrame: number; opacity: { id: string; name: string; value: number; keyframes: never[]; expression: null; }; transform: { ...; }; ... 7 more ...; motionBlurShutterAngle: number; }' is missing the following properties from type 'Layer': isolate, threeD, startFrame, endFrame, and 2 more.
src/__tests__/_deprecated/properties/interpolation-probes.test.ts(12,27): error TS2322: Type '"object"' is not assignable to type '"number" | "position" | "color" | "enum" | "vector3"'.
src/__tests__/_deprecated/properties/interpolation-probes.test.ts(45,27): error TS2322: Type '"object"' is not assignable to type '"number" | "position" | "color" | "enum" | "vector3"'.
src/__tests__/_deprecated/properties/interpolation-probes.test.ts(74,27): error TS2322: Type '"string"' is not assignable to type '"number" | "position" | "color" | "enum" | "vector3"'.
src/__tests__/_deprecated/properties/interpolation-probes.test.ts(103,27): error TS2322: Type '"string"' is not assignable to type '"number" | "position" | "color" | "enum" | "vector3"'.
src/__tests__/_deprecated/properties/interpolation-probes.test.ts(118,27): error TS2322: Type '"string"' is not assignable to type '"number" | "position" | "color" | "enum" | "vector3"'.
src/__tests__/_deprecated/properties/strict-audio.property.test.ts(19,8): error TS2614: Module '"@/services/audioFeatures"' has no exported member 'AudioFeature'. Did you mean to use 'import AudioFeature from "@/services/audioFeatures"' instead?
src/__tests__/_deprecated/properties/strict-cameraexport.property.test.ts(52,3): error TS2322: Type 'Arbitrary<{ type: "perspective"; position: { x: number; y: number; z: number; }; orientation: { x: number; y: number; z: number; }; focalLength: number; zoom: number; filmSize: 36; depthOfField: { enabled: boolean; fStop: number; focusDistance: number; bladeCount: number; }; }>' is not assignable to type 'Arbitrary<Camera3D>'.
  Type '{ type: "perspective"; position: { x: number; y: number; z: number; }; orientation: { x: number; y: number; z: number; }; focalLength: number; zoom: number; filmSize: 36; depthOfField: { enabled: boolean; fStop: number; focusDistance: number; bladeCount: number; }; }' is missing the following properties from type 'Camera3D': id, name, pointOfInterest, xRotation, and 9 more.
src/__tests__/_deprecated/properties/strict-depthrender.property.test.ts(32,3): error TS2322: Type 'Arbitrary<{ type: "perspective"; position: { x: number; y: number; z: number; }; orientation: { x: 0; y: 0; z: 0; }; focalLength: 50; zoom: 1; filmSize: 36; depthOfField: { enabled: false; fStop: 2.8; focusDistance: 1000; bladeCount: 7; }; }>' is not assignable to type 'Arbitrary<Camera3D>'.
  Type '{ type: "perspective"; position: { x: number; y: number; z: number; }; orientation: { x: 0; y: 0; z: 0; }; focalLength: 50; zoom: 1; filmSize: 36; depthOfField: { enabled: false; fStop: 2.8; focusDistance: 1000; bladeCount: 7; }; }' is missing the following properties from type 'Camera3D': id, name, pointOfInterest, xRotation, and 9 more.
src/__tests__/_deprecated/properties/strict-depthrender.property.test.ts(56,3): error TS2322: Type 'Arbitrary<{ id: string; name: "Test Layer"; type: "solid"; visible: boolean; locked: false; transform: { position: { value: { x: number; y: number; z: number; }; }; scale: { value: { x: 100; y: 100; }; }; rotation: { value: 0; }; anchor: { ...; }; }; ... 5 more ...; opacity: { ...; }; }>' is not assignable to type 'Arbitrary<Layer>'.
  Type '{ id: string; name: "Test Layer"; type: "solid"; visible: boolean; locked: false; transform: { position: { value: { x: number; y: number; z: number; }; }; scale: { value: { x: 100; y: 100; }; }; rotation: { value: 0; }; anchor: { ...; }; }; ... 5 more ...; opacity: { ...; }; }' is missing the following properties from type 'Layer': isolate, threeD, motionBlur, parentId, and 3 more.
src/__tests__/_deprecated/properties/strict-effectprocessor.property.test.ts(87,3): error TS2739: Type '{ id: string; name: string; effectKey: string; enabled: boolean; parameters: Record<string, AnimatableProperty<any>>; }' is missing the following properties from type 'EffectInstance': category, expanded
src/__tests__/_deprecated/properties/strict-export.property.test.ts(26,3): error TS2322: Type 'Arbitrary<"custom" | "wan-i2v" | "wan-v2v" | "wan-flf" | "svd" | "animatediff" | "cogvideo" | "ltx-video" | "hunyuan">' is not assignable to type 'Arbitrary<ExportTarget>'.
  Type '"custom" | "wan-i2v" | "wan-v2v" | "wan-flf" | "svd" | "animatediff" | "cogvideo" | "ltx-video" | "hunyuan"' is not assignable to type 'ExportTarget'.
    Type '"custom"' is not assignable to type 'ExportTarget'.
src/__tests__/_deprecated/properties/strict-export.property.test.ts(48,3): error TS2322: Type 'Arbitrary<{ target: "wan-move" | "wan22-i2v" | "wan22-t2v" | "wan22-fun-camera" | "wan22-first-last" | "uni3c-camera" | "uni3c-motion" | "motionctrl" | "motionctrl-svd" | "cogvideox" | ... 11 more ... | "camera-comfyui"; ... 11 more ...; autoQueue: boolean; }>' is not assignable to type 'Arbitrary<ExportConfig>'.
  Type '{ target: "wan-move" | "wan22-i2v" | "wan22-t2v" | "wan22-fun-camera" | "wan22-first-last" | "uni3c-camera" | "uni3c-motion" | "motionctrl" | "motionctrl-svd" | "cogvideox" | ... 11 more ... | "camera-comfyui"; ... 11 more ...; autoQueue: boolean; }' is missing the following properties from type 'ExportConfig': frameCount, startFrame, endFrame, outputDir, and 4 more.
src/__tests__/_deprecated/properties/strict-export.property.test.ts(108,26): error TS2339: Property 'frameStart' does not exist on type 'ExportConfig'.
src/__tests__/_deprecated/properties/strict-export.property.test.ts(109,26): error TS2339: Property 'frameEnd' does not exist on type 'ExportConfig'.
src/__tests__/_deprecated/properties/strict-export.property.test.ts(116,19): error TS2339: Property 'frameEnd' does not exist on type 'ExportConfig'.
src/__tests__/_deprecated/properties/strict-export.property.test.ts(116,59): error TS2339: Property 'frameStart' does not exist on type 'ExportConfig'.
src/__tests__/_deprecated/properties/strict-export.property.test.ts(129,31): error TS2339: Property 'frameEnd' does not exist on type 'ExportConfig'.
src/__tests__/_deprecated/properties/strict-export.property.test.ts(129,49): error TS2339: Property 'frameStart' does not exist on type 'ExportConfig'.
src/__tests__/_deprecated/properties/strict-export.property.test.ts(140,5): error TS2820: Type '"wan-i2v"' is not assignable to type 'ExportTarget'. Did you mean '"wan22-i2v"'?
src/__tests__/_deprecated/properties/strict-export.property.test.ts(140,16): error TS2322: Type '"wan-v2v"' is not assignable to type 'ExportTarget'.
src/__tests__/_deprecated/properties/strict-export.property.test.ts(140,27): error TS2322: Type '"wan-flf"' is not assignable to type 'ExportTarget'.
src/__tests__/_deprecated/properties/strict-export.property.test.ts(140,38): error TS2322: Type '"svd"' is not assignable to type 'ExportTarget'.
src/__tests__/_deprecated/properties/strict-export.property.test.ts(141,5): error TS2322: Type '"animatediff"' is not assignable to type 'ExportTarget'.
src/__tests__/_deprecated/properties/strict-export.property.test.ts(141,20): error TS2820: Type '"cogvideo"' is not assignable to type 'ExportTarget'. Did you mean '"cogvideox"'?
src/__tests__/_deprecated/properties/strict-export.property.test.ts(141,32): error TS2322: Type '"ltx-video"' is not assignable to type 'ExportTarget'.
src/__tests__/_deprecated/properties/strict-export.property.test.ts(141,45): error TS2322: Type '"hunyuan"' is not assignable to type 'ExportTarget'.
src/__tests__/_deprecated/properties/strict-export.property.test.ts(141,56): error TS2322: Type '"custom"' is not assignable to type 'ExportTarget'.
src/__tests__/_deprecated/properties/strict-export.property.test.ts(363,21): error TS2339: Property 'frameEnd' does not exist on type 'ExportConfig'.
src/__tests__/_deprecated/properties/strict-export.property.test.ts(363,61): error TS2339: Property 'frameStart' does not exist on type 'ExportConfig'.
src/__tests__/_deprecated/properties/strict-interpolation.property.test.ts(386,11): error TS2322: Type '"string"' is not assignable to type '"number" | "position" | "color" | "enum" | "vector3"'.
src/__tests__/_deprecated/properties/strict-interpolation.property.test.ts(406,9): error TS2322: Type '"string"' is not assignable to type '"number" | "position" | "color" | "enum" | "vector3"'.
src/__tests__/_deprecated/properties/strict-interpolation.property.test.ts(438,11): error TS2322: Type '"object"' is not assignable to type '"number" | "position" | "color" | "enum" | "vector3"'.
src/__tests__/_deprecated/properties/strict-interpolation.property.test.ts(468,11): error TS2322: Type '"object"' is not assignable to type '"number" | "position" | "color" | "enum" | "vector3"'.
src/__tests__/_deprecated/properties/strict-interpolation.property.test.ts(495,9): error TS2322: Type '"object"' is not assignable to type '"number" | "position" | "color" | "enum" | "vector3"'.
src/__tests__/_deprecated/properties/strict-meshdeform.property.test.ts(52,3): error TS2322: Type 'Arbitrary<{ value: { x: number; y: number; }; keyframes: []; expression: undefined; }>' is not assignable to type 'Arbitrary<AnimatableProperty<{ x: number; y: number; }>>'.
  Type '{ value: { x: number; y: number; }; keyframes: []; expression: undefined; }' is missing the following properties from type 'AnimatableProperty<{ x: number; y: number; }>': id, name, type, animated
src/__tests__/_deprecated/properties/strict-meshdeform.property.test.ts(66,3): error TS2322: Type 'Arbitrary<{ id: string; name: string; type: "position" | "rotation" | "starch" | "overlap" | "bend" | "advanced"; position: AnimatableProperty<{ x: number; y: number; }>; starchAmount: 0; starchExtent: 0; inFront: number; enabled: true; }>' is not assignable to type 'Arbitrary<WarpPin>'.
  Type '{ id: string; name: string; type: "position" | "rotation" | "starch" | "overlap" | "bend" | "advanced"; position: AnimatableProperty<{ x: number; y: number; }>; starchAmount: 0; starchExtent: 0; inFront: number; enabled: true; }' is missing the following properties from type 'WarpPin': radius, stiffness, rotation, scale, depth
src/__tests__/_deprecated/properties/strict-meshdeform.property.test.ts(82,3): error TS2322: Type 'Arbitrary<{ id: string; name: string; type: "position" | "rotation" | "starch" | "overlap" | "bend" | "advanced"; position: AnimatableProperty<{ x: number; y: number; }>; starchAmount: 0; starchExtent: 0; inFront: number; enabled: true; }>' is not assignable to type 'Arbitrary<WarpPin>'.
  Type '{ id: string; name: string; type: "position" | "rotation" | "starch" | "overlap" | "bend" | "advanced"; position: AnimatableProperty<{ x: number; y: number; }>; starchAmount: 0; starchExtent: 0; inFront: number; enabled: true; }' is missing the following properties from type 'WarpPin': radius, stiffness, rotation, scale, depth
src/__tests__/_deprecated/properties/strict-meshdeform.property.test.ts(140,7): error TS2739: Type '{ value: { x: number; y: number; }; keyframes: never[]; }' is missing the following properties from type 'AnimatableProperty<{ x: number; y: number; }>': id, name, type, animated
src/__tests__/_deprecated/properties/strict-meshdeform.property.test.ts(143,7): error TS2322: Type 'number' is not assignable to type 'AnimatableProperty<number>'.
src/__tests__/_deprecated/properties/strict-meshdeform.property.test.ts(172,9): error TS2739: Type '{ value: { x: number; y: number; }; keyframes: never[]; }' is missing the following properties from type 'AnimatableProperty<{ x: number; y: number; }>': id, name, type, animated
src/__tests__/_deprecated/properties/strict-meshdeform.property.test.ts(175,9): error TS2322: Type 'number' is not assignable to type 'AnimatableProperty<number>'.
src/__tests__/_deprecated/properties/strict-meshdeform.property.test.ts(198,7): error TS2739: Type '{ value: { x: number; y: number; }; keyframes: never[]; }' is missing the following properties from type 'AnimatableProperty<{ x: number; y: number; }>': id, name, type, animated
src/__tests__/_deprecated/properties/strict-meshdeform.property.test.ts(201,7): error TS2322: Type 'number' is not assignable to type 'AnimatableProperty<number>'.
src/__tests__/_deprecated/properties/strict-meshdeform.property.test.ts(226,7): error TS2739: Type '{ value: { x: number; y: number; }; keyframes: never[]; }' is missing the following properties from type 'AnimatableProperty<{ x: number; y: number; }>': id, name, type, animated
src/__tests__/_deprecated/properties/strict-meshdeform.property.test.ts(229,7): error TS2322: Type 'number' is not assignable to type 'AnimatableProperty<number>'.
src/__tests__/_deprecated/properties/strict-meshdeform.property.test.ts(250,52): error TS2739: Type '{ value: { x: number; y: number; }; keyframes: never[]; }' is missing the following properties from type 'AnimatableProperty<{ x: number; y: number; }>': id, name, type, animated
src/__tests__/_deprecated/properties/strict-meshdeform.property.test.ts(250,140): error TS2322: Type 'number' is not assignable to type 'AnimatableProperty<number>'.
src/__tests__/_deprecated/properties/strict-meshdeform.property.test.ts(251,52): error TS2739: Type '{ value: { x: number; y: number; }; keyframes: never[]; }' is missing the following properties from type 'AnimatableProperty<{ x: number; y: number; }>': id, name, type, animated
src/__tests__/_deprecated/properties/strict-meshdeform.property.test.ts(251,140): error TS2322: Type 'number' is not assignable to type 'AnimatableProperty<number>'.
src/__tests__/_deprecated/properties/strict-meshdeform.property.test.ts(252,53): error TS2739: Type '{ value: { x: number; y: number; }; keyframes: never[]; }' is missing the following properties from type 'AnimatableProperty<{ x: number; y: number; }>': id, name, type, animated
src/__tests__/_deprecated/properties/strict-meshdeform.property.test.ts(252,141): error TS2322: Type 'number' is not assignable to type 'AnimatableProperty<number>'.
src/__tests__/_deprecated/properties/strict-meshdeform.property.test.ts(271,59): error TS2739: Type '{ value: { x: number; y: number; }; keyframes: never[]; }' is missing the following properties from type 'AnimatableProperty<{ x: number; y: number; }>': id, name, type, animated
src/__tests__/_deprecated/properties/strict-meshdeform.property.test.ts(271,147): error TS2322: Type 'number' is not assignable to type 'AnimatableProperty<number>'.
src/__tests__/_deprecated/properties/strict-meshdeform.property.test.ts(272,59): error TS2739: Type '{ value: { x: number; y: number; }; keyframes: never[]; }' is missing the following properties from type 'AnimatableProperty<{ x: number; y: number; }>': id, name, type, animated
src/__tests__/_deprecated/properties/strict-meshdeform.property.test.ts(272,147): error TS2322: Type 'number' is not assignable to type 'AnimatableProperty<number>'.
src/__tests__/_deprecated/properties/strict-meshdeform.property.test.ts(290,52): error TS2739: Type '{ value: { x: number; y: number; }; keyframes: never[]; }' is missing the following properties from type 'AnimatableProperty<{ x: number; y: number; }>': id, name, type, animated
src/__tests__/_deprecated/properties/strict-meshdeform.property.test.ts(290,140): error TS2322: Type 'number' is not assignable to type 'AnimatableProperty<number>'.
src/__tests__/_deprecated/properties/strict-meshdeform.property.test.ts(291,51): error TS2739: Type '{ value: { x: number; y: number; }; keyframes: never[]; }' is missing the following properties from type 'AnimatableProperty<{ x: number; y: number; }>': id, name, type, animated
src/__tests__/_deprecated/properties/strict-meshdeform.property.test.ts(291,141): error TS2322: Type 'number' is not assignable to type 'AnimatableProperty<number>'.
src/__tests__/_deprecated/properties/strict-meshdeform.property.test.ts(292,53): error TS2739: Type '{ value: { x: number; y: number; }; keyframes: never[]; }' is missing the following properties from type 'AnimatableProperty<{ x: number; y: number; }>': id, name, type, animated
src/__tests__/_deprecated/properties/strict-meshdeform.property.test.ts(292,141): error TS2322: Type 'number' is not assignable to type 'AnimatableProperty<number>'.
src/__tests__/_deprecated/properties/strict-meshdeform.property.test.ts(561,7): error TS2739: Type '{ value: { x: number; y: number; }; keyframes: never[]; }' is missing the following properties from type 'AnimatableProperty<{ x: number; y: number; }>': id, name, type, animated
src/__tests__/_deprecated/properties/strict-meshdeform.property.test.ts(564,7): error TS2322: Type 'number' is not assignable to type 'AnimatableProperty<number>'.
src/__tests__/_deprecated/properties/strict-meshdeform.property.test.ts(575,52): error TS2739: Type '{ value: { x: number; y: number; }; keyframes: never[]; }' is missing the following properties from type 'AnimatableProperty<{ x: number; y: number; }>': id, name, type, animated
src/__tests__/_deprecated/properties/strict-meshdeform.property.test.ts(575,140): error TS2322: Type 'number' is not assignable to type 'AnimatableProperty<number>'.
src/__tests__/_deprecated/properties/strict-meshdeform.property.test.ts(576,52): error TS2739: Type '{ value: { x: number; y: number; }; keyframes: never[]; }' is missing the following properties from type 'AnimatableProperty<{ x: number; y: number; }>': id, name, type, animated
src/__tests__/_deprecated/properties/strict-meshdeform.property.test.ts(576,140): error TS2322: Type 'number' is not assignable to type 'AnimatableProperty<number>'.
src/__tests__/_deprecated/properties/strict-meshdeform.property.test.ts(601,7): error TS2739: Type '{ value: { x: number; y: number; }; keyframes: never[]; }' is missing the following properties from type 'AnimatableProperty<{ x: number; y: number; }>': id, name, type, animated
src/__tests__/_deprecated/properties/strict-meshdeform.property.test.ts(604,7): error TS2322: Type 'number' is not assignable to type 'AnimatableProperty<number>'.
src/__tests__/_deprecated/properties/strict-meshdeform.property.test.ts(688,7): error TS2739: Type '{ value: { x: number; y: number; }; keyframes: never[]; }' is missing the following properties from type 'AnimatableProperty<{ x: number; y: number; }>': id, name, type, animated
src/__tests__/_deprecated/properties/strict-meshdeform.property.test.ts(691,7): error TS2322: Type 'number' is not assignable to type 'AnimatableProperty<number>'.
src/__tests__/_deprecated/properties/strict-meshdeform.property.test.ts(707,54): error TS2739: Type '{ value: { x: number; y: number; }; keyframes: never[]; }' is missing the following properties from type 'AnimatableProperty<{ x: number; y: number; }>': id, name, type, animated
src/__tests__/_deprecated/properties/strict-meshdeform.property.test.ts(707,140): error TS2322: Type 'number' is not assignable to type 'AnimatableProperty<number>'.
src/__tests__/_deprecated/properties/strict-meshdeform.property.test.ts(708,58): error TS2739: Type '{ value: { x: number; y: number; }; keyframes: never[]; }' is missing the following properties from type 'AnimatableProperty<{ x: number; y: number; }>': id, name, type, animated
src/__tests__/_deprecated/properties/strict-meshdeform.property.test.ts(708,146): error TS2322: Type 'number' is not assignable to type 'AnimatableProperty<number>'.
src/__tests__/_deprecated/properties/strict-meshdeform.property.test.ts(731,7): error TS2739: Type '{ value: { x: number; y: number; }; keyframes: never[]; }' is missing the following properties from type 'AnimatableProperty<{ x: number; y: number; }>': id, name, type, animated
src/__tests__/_deprecated/properties/strict-meshdeform.property.test.ts(734,7): error TS2322: Type 'number' is not assignable to type 'AnimatableProperty<number>'.
src/__tests__/_deprecated/properties/strict-particles.property.test.ts(169,7): error TS2561: Object literal may only specify known properties, but 'seed' does not exist in type 'EmitterConfig'. Did you mean to write 'speed'?
src/__tests__/_deprecated/properties/strict-particles.property.test.ts(175,7): error TS2561: Object literal may only specify known properties, but 'seed' does not exist in type 'EmitterConfig'. Did you mean to write 'speed'?
src/__tests__/_deprecated/properties/strict-particles.property.test.ts(212,7): error TS2561: Object literal may only specify known properties, but 'seed' does not exist in type 'EmitterConfig'. Did you mean to write 'speed'?
src/__tests__/_deprecated/properties/strict-particles.property.test.ts(255,7): error TS2561: Object literal may only specify known properties, but 'seed' does not exist in type 'EmitterConfig'. Did you mean to write 'speed'?
src/__tests__/_deprecated/properties/strict-particles.property.test.ts(298,7): error TS2561: Object literal may only specify known properties, but 'seed' does not exist in type 'EmitterConfig'. Did you mean to write 'speed'?
src/__tests__/_deprecated/properties/strict-particles.property.test.ts(346,7): error TS2561: Object literal may only specify known properties, but 'seed' does not exist in type 'EmitterConfig'. Did you mean to write 'speed'?
src/__tests__/_deprecated/properties/strict-particles.property.test.ts(403,7): error TS2561: Object literal may only specify known properties, but 'seed' does not exist in type 'EmitterConfig'. Did you mean to write 'speed'?
src/__tests__/_deprecated/properties/strict-particles.property.test.ts(427,7): error TS2322: Type '{ x: number; y: number; z: number; }' is not assignable to type 'number'.
src/__tests__/_deprecated/properties/strict-particles.property.test.ts(433,7): error TS2561: Object literal may only specify known properties, but 'seed' does not exist in type 'EmitterConfig'. Did you mean to write 'speed'?
src/__tests__/_deprecated/properties/strict-particles.property.test.ts(479,7): error TS2561: Object literal may only specify known properties, but 'seed' does not exist in type 'EmitterConfig'. Did you mean to write 'speed'?
src/__tests__/_deprecated/properties/strict-particles.property.test.ts(525,7): error TS2561: Object literal may only specify known properties, but 'seed' does not exist in type 'EmitterConfig'. Did you mean to write 'speed'?
src/__tests__/_deprecated/properties/strict-poseexport.property.test.ts(72,3): error TS2322: Type 'Arbitrary<{ width: number; height: number; startFrame: number; endFrame: number; boneWidth: number; keypointRadius: number; showKeypoints: boolean; showBones: boolean; useOpenPoseColors: boolean; customColor: unknown; backgroundColor: unknown; outputFormat: "both" | ... 1 more ... | "images"; }>' is not assignable to type 'Arbitrary<PoseExportConfig>'.
  Type '{ width: number; height: number; startFrame: number; endFrame: number; boneWidth: number; keypointRadius: number; showKeypoints: boolean; showBones: boolean; useOpenPoseColors: boolean; customColor: unknown; backgroundColor: unknown; outputFormat: "both" | ... 1 more ... | "images"; }' is not assignable to type 'PoseExportConfig'.
    Types of property 'customColor' are incompatible.
      Type 'unknown' is not assignable to type 'string | undefined'.
src/__tests__/_deprecated/properties/strict-poseexport.property.test.ts(82,21): error TS2339: Property 'hexaString' does not exist on type 'typeof import("C:/Users/justi/Desktop/ComfyUI-Lattice-Compositor/ui/node_modules/fast-check/lib/types/fast-check")'.
src/__tests__/_deprecated/properties/strict-poseexport.property.test.ts(82,68): error TS7006: Parameter 's' implicitly has an 'any' type.
src/__tests__/_deprecated/properties/strict-poseexport.property.test.ts(83,25): error TS2339: Property 'hexaString' does not exist on type 'typeof import("C:/Users/justi/Desktop/ComfyUI-Lattice-Compositor/ui/node_modules/fast-check/lib/types/fast-check")'.
src/__tests__/_deprecated/properties/strict-poseexport.property.test.ts(83,72): error TS7006: Parameter 's' implicitly has an 'any' type.
src/__tests__/_deprecated/properties/strict-serialization.property.test.ts(12,3): error TS2305: Module '"@/types/project"' has no exported member 'LatticeComposition'.
src/__tests__/_deprecated/properties/strict-serialization.property.test.ts(19,3): error TS2724: '"@/types/project"' has no exported member named 'LayerStyle'. Did you mean 'LayerStyles'?
src/__tests__/_deprecated/properties/strict-serialization.property.test.ts(168,7): error TS2322: Type 'Arbitrary<{ type: "none"; enabled: boolean; } | { type: "preset"; name: string; enabled: boolean; params: Record<string, number>; }>' is not assignable to type 'Arbitrary<PropertyExpression>'.
  Type '{ type: "none"; enabled: boolean; } | { type: "preset"; name: string; enabled: boolean; params: Record<string, number>; }' is not assignable to type 'PropertyExpression'.
    Type '{ type: "none"; enabled: boolean; }' is missing the following properties from type 'PropertyExpression': name, params
src/__tests__/_deprecated/properties/strict-serialization.property.test.ts(184,7): error TS2322: Type 'Arbitrary<{ frame: number; value: number; interpolation: "linear" | "bezier" | "hold" | "easeIn" | "easeOut" | "easeInOut"; inHandle: BezierHandle; outHandle: BezierHandle; }>' is not assignable to type 'Arbitrary<Keyframe<number>>'.
  Type '{ frame: number; value: number; interpolation: "linear" | "bezier" | "hold" | "easeIn" | "easeOut" | "easeInOut"; inHandle: BezierHandle; outHandle: BezierHandle; }' is missing the following properties from type 'Keyframe<number>': id, controlMode
src/__tests__/_deprecated/properties/strict-serialization.property.test.ts(195,7): error TS2322: Type 'Arbitrary<{ frame: number; value: ({ x: number; y: number; } | { x: number; y: number; z: number; } | undefined) & ({ x: number; y: number; } | { x: number; y: number; z: number; }); interpolation: "linear" | "bezier" | "hold"; inHandle: BezierHandle; outHandle: BezierHandle; }>' is not assignable to type 'Arbitrary<Keyframe<{ x: number; y: number; z?: number | undefined; }>>'.
  Type '{ frame: number; value: ({ x: number; y: number; } | { x: number; y: number; z: number; } | undefined) & ({ x: number; y: number; } | { x: number; y: number; z: number; }); interpolation: "linear" | "bezier" | "hold"; inHandle: BezierHandle; outHandle: BezierHandle; }' is missing the following properties from type 'Keyframe<{ x: number; y: number; z?: number | undefined; }>': id, controlMode
src/__tests__/_deprecated/properties/strict-serialization.property.test.ts(216,7): error TS2322: Type 'Arbitrary<{ name: string; value: number; animated: boolean; keyframes: Keyframe<number>[]; expression: PropertyExpression; }>' is not assignable to type 'Arbitrary<AnimatableProperty<number>>'.
  Type '{ name: string; value: number; animated: boolean; keyframes: Keyframe<number>[]; expression: PropertyExpression; }' is missing the following properties from type 'AnimatableProperty<number>': id, type
src/__tests__/_deprecated/properties/strict-serialization.property.test.ts(227,7): error TS2322: Type 'Arbitrary<{ position: { name: "Position"; value: { x: number; y: number; z: number; }; animated: boolean; keyframes: []; expression: { readonly type: "none"; readonly enabled: false; }; }; anchorPoint: { name: "Anchor Point"; value: { ...; }; animated: boolean; keyframes: []; expression: { ...; }; }; scale: { ...; }...' is not assignable to type 'Arbitrary<LayerTransform>'.
  Property 'origin' is missing in type '{ position: { name: "Position"; value: { x: number; y: number; z: number; }; animated: boolean; keyframes: []; expression: { readonly type: "none"; readonly enabled: false; }; }; anchorPoint: { name: "Anchor Point"; value: { ...; }; animated: boolean; keyframes: []; expression: { ...; }; }; scale: { ...; }; rotation...' but required in type 'LayerTransform'.
src/__tests__/_deprecated/properties/strict-serialization.property.test.ts(280,7): error TS2322: Type 'Arbitrary<{ id: string; name: string; type: "image" | "solid" | "video" | "audio" | "text" | "shape" | "camera" | "light" | "null" | "adjustment" | "precomp"; visible: boolean; locked: boolean; ... 17 more ...; autoOrient: boolean; }>' is not assignable to type 'Arbitrary<Layer>'.
  Type '{ id: string; name: string; type: "image" | "solid" | "video" | "audio" | "text" | "shape" | "camera" | "light" | "null" | "adjustment" | "precomp"; visible: boolean; locked: boolean; solo: boolean; ... 16 more ...; autoOrient: boolean; }' is missing the following properties from type 'Layer': isolate, threeD, startFrame, endFrame, and 3 more.
src/__tests__/_deprecated/properties/strict-serialization.property.test.ts(503,9): error TS2353: Object literal may only specify known properties, and 'description' does not exist in type 'ProjectMeta'.
src/__tests__/_deprecated/properties/strict-serialization.property.test.ts(515,7): error TS2322: Type 'never[]' is not assignable to type 'Record<string, Composition>'.
  Index signature for type 'string' is missing in type 'never[]'.
src/__tests__/_deprecated/properties/strict-serialization.property.test.ts(516,7): error TS2322: Type 'never[]' is not assignable to type 'Record<string, AssetReference>'.
  Index signature for type 'string' is missing in type 'never[]'.
src/__tests__/_deprecated/properties/strict-serialization.property.test.ts(544,25): error TS2322: Type '"none"' is not assignable to type '"preset" | "custom"'.
src/__tests__/_deprecated/properties/strict-serialization.property.test.ts(551,25): error TS2322: Type '"none"' is not assignable to type '"preset" | "custom"'.
src/__tests__/_deprecated/properties/strict-serialization.property.test.ts(558,25): error TS2322: Type '"none"' is not assignable to type '"preset" | "custom"'.
src/__tests__/_deprecated/properties/strict-serialization.property.test.ts(565,25): error TS2322: Type '"none"' is not assignable to type '"preset" | "custom"'.
src/__tests__/_deprecated/properties/strict-serialization.property.test.ts(582,7): error TS2322: Type 'false' is not assignable to type 'AutoOrientMode | undefined'.
src/__tests__/_deprecated/properties/strict-serialization.property.test.ts(704,25): error TS2322: Type '"none"' is not assignable to type '"preset" | "custom"'.
src/__tests__/_deprecated/properties/strict-serialization.property.test.ts(711,25): error TS2322: Type '"none"' is not assignable to type '"preset" | "custom"'.
src/__tests__/_deprecated/properties/strict-serialization.property.test.ts(718,25): error TS2322: Type '"none"' is not assignable to type '"preset" | "custom"'.
src/__tests__/_deprecated/properties/strict-serialization.property.test.ts(725,25): error TS2322: Type '"none"' is not assignable to type '"preset" | "custom"'.
src/__tests__/_deprecated/properties/strict-serialization.property.test.ts(742,7): error TS2322: Type 'false' is not assignable to type 'AutoOrientMode | undefined'.
src/__tests__/_deprecated/properties/strict-serialization.property.test.ts(756,81): error TS2739: Type '{ frame: number; value: number; interpolation: "linear"; inHandle: { frame: number; value: number; enabled: true; }; outHandle: { frame: number; value: number; enabled: true; }; }' is missing the following properties from type 'Keyframe<number>': id, controlMode
src/__tests__/_deprecated/properties/strict-serialization.property.test.ts(769,21): error TS2322: Type '"none"' is not assignable to type '"preset" | "custom"'.
src/__tests__/_deprecated/properties/strict-undoredo.property.test.ts(35,3): error TS2322: Type 'Arbitrary<{ name: string; value: T | (undefined & T); keyframes: { frame: number; value: T | (undefined & T); easing: "linear" | "easeIn" | "easeOut" | "easeInOut"; }[]; }>' is not assignable to type 'Arbitrary<AnimatableProperty<T>>'.
  Type '{ name: string; value: T | (undefined & T); keyframes: { frame: number; value: T | (undefined & T); easing: "linear" | "easeIn" | "easeOut" | "easeInOut"; }[]; }' is missing the following properties from type 'AnimatableProperty<T>': id, type, animated
src/__tests__/_deprecated/properties/strict-undoredo.property.test.ts(52,3): error TS2352: Conversion of type 'Arbitrary<{ id: string; name: string; type: "image" | "solid" | "video" | "text" | "shape" | "camera" | "light" | "null"; visible: boolean; locked: boolean; solo: boolean; shy: boolean; blendMode: "normal" | "multiply" | "screen" | "overlay"; ... 9 more ...; data: null; }>' to type 'Arbitrary<Layer>' may be a mistake because neither type sufficiently overlaps with the other. If this was intentional, convert the expression to 'unknown' first.
  Type '{ id: string; name: string; type: "image" | "solid" | "video" | "text" | "shape" | "camera" | "light" | "null"; visible: boolean; locked: boolean; solo: boolean; shy: boolean; blendMode: "normal" | "multiply" | "screen" | "overlay"; ... 9 more ...; data: null; }' is missing the following properties from type 'Layer': isolate, motionBlur
src/__tests__/_deprecated/properties/strict-undoredo.property.test.ts(110,3): error TS2352: Conversion of type 'Arbitrary<{ version: "1.0.0"; mainCompositionId: string; meta: { name: string; created: string; modified: string; }; composition: { width: number; height: number; frameCount: number; fps: 16 | 30 | 60 | 24; backgroundColor: "#ffffff" | ... 3 more ... | "#0000ff"; }; compositions: Record<...>; assets: {}; audioMappin...' to type 'Arbitrary<LatticeProject>' may be a mistake because neither type sufficiently overlaps with the other. If this was intentional, convert the expression to 'unknown' first.
  Type '{ version: "1.0.0"; mainCompositionId: string; meta: { name: string; created: string; modified: string; }; composition: { width: number; height: number; frameCount: number; fps: 16 | 30 | 60 | 24; backgroundColor: "#ffffff" | ... 3 more ... | "#0000ff"; }; compositions: Record<...>; assets: {}; audioMappings: readon...' is missing the following properties from type 'LatticeProject': layers, currentFrame
src/__tests__/_deprecated/properties/strict-vaceexport.property.test.ts(53,3): error TS2322: Type 'Arbitrary<{ x: number; y: number; handleIn: { x: number; y: number; } | null; handleOut: { x: number; y: number; } | null; }>' is not assignable to type 'Arbitrary<ControlPoint>'.
  Type '{ x: number; y: number; handleIn: { x: number; y: number; } | null; handleOut: { x: number; y: number; } | null; }' is missing the following properties from type 'ControlPoint': id, type
src/__tests__/_deprecated/properties/strict-vaceexport.property.test.ts(86,3): error TS2322: Type 'Arbitrary<{ id: string; controlPoints: ControlPoint[]; closed: boolean; shape: "custom" | "diamond" | "circle" | "square" | "triangle" | "arrow"; size: [number, number]; fillColor: unknown; ... 12 more ...; opacityEnd: number; }>' is not assignable to type 'Arbitrary<PathFollowerConfig>'.
  Type '{ id: string; controlPoints: ControlPoint[]; closed: boolean; shape: "custom" | "diamond" | "circle" | "square" | "triangle" | "arrow"; size: [number, number]; fillColor: unknown; ... 12 more ...; opacityEnd: number; }' is not assignable to type 'PathFollowerConfig'.
    Types of property 'fillColor' are incompatible.
      Type 'unknown' is not assignable to type 'string'.
src/__tests__/_deprecated/properties/strict-vaceexport.property.test.ts(95,19): error TS2339: Property 'hexaString' does not exist on type 'typeof import("C:/Users/justi/Desktop/ComfyUI-Lattice-Compositor/ui/node_modules/fast-check/lib/types/fast-check")'.
src/__tests__/_deprecated/properties/strict-vaceexport.property.test.ts(95,66): error TS7006: Parameter 's' implicitly has an 'any' type.
src/__tests__/_deprecated/properties/strict-vaceexport.property.test.ts(97,10): error TS2339: Property 'hexaString' does not exist on type 'typeof import("C:/Users/justi/Desktop/ComfyUI-Lattice-Compositor/ui/node_modules/fast-check/lib/types/fast-check")'.
src/__tests__/_deprecated/properties/strict-vaceexport.property.test.ts(97,57): error TS7006: Parameter 's' implicitly has an 'any' type.
src/__tests__/_deprecated/properties/strict-vaceexport.property.test.ts(187,7): error TS2322: Type '{ x: number; y: number; handleIn: null; handleOut: { x: number; y: number; }; }' is not assignable to type 'SplineControlPoint'.
  Type '{ x: number; y: number; handleIn: null; handleOut: { x: number; y: number; }; }' is missing the following properties from type 'ControlPoint': id, type
src/__tests__/_deprecated/properties/strict-vaceexport.property.test.ts(188,7): error TS2322: Type '{ x: number; y: number; handleIn: { x: number; y: number; }; handleOut: null; }' is not assignable to type 'SplineControlPoint'.
  Type '{ x: number; y: number; handleIn: { x: number; y: number; }; handleOut: null; }' is missing the following properties from type 'ControlPoint': id, type
src/__tests__/_deprecated/properties/strict-vaceexport.property.test.ts(198,7): error TS2322: Type '{ x: number; y: number; handleIn: null; handleOut: null; }' is not assignable to type 'SplineControlPoint'.
  Type '{ x: number; y: number; handleIn: null; handleOut: null; }' is missing the following properties from type 'ControlPoint': id, type
src/__tests__/_deprecated/properties/strict-vaceexport.property.test.ts(208,7): error TS2322: Type '{ x: number; y: number; handleIn: null; handleOut: null; }' is not assignable to type 'SplineControlPoint'.
  Type '{ x: number; y: number; handleIn: null; handleOut: null; }' is missing the following properties from type 'ControlPoint': id, type
src/__tests__/_deprecated/properties/strict-vaceexport.property.test.ts(209,7): error TS2322: Type '{ x: number; y: number; handleIn: null; handleOut: null; }' is not assignable to type 'SplineControlPoint'.
  Type '{ x: number; y: number; handleIn: null; handleOut: null; }' is missing the following properties from type 'ControlPoint': id, type
src/__tests__/_deprecated/properties/strict-vaceexport.property.test.ts(221,7): error TS2322: Type '{ x: number; y: number; handleIn: null; handleOut: null; }' is not assignable to type 'SplineControlPoint'.
  Type '{ x: number; y: number; handleIn: null; handleOut: null; }' is missing the following properties from type 'ControlPoint': id, type
src/__tests__/_deprecated/properties/strict-vaceexport.property.test.ts(222,7): error TS2322: Type '{ x: number; y: number; handleIn: null; handleOut: null; }' is not assignable to type 'SplineControlPoint'.
  Type '{ x: number; y: number; handleIn: null; handleOut: null; }' is missing the following properties from type 'ControlPoint': id, type
src/__tests__/_deprecated/properties/strict-vaceexport.property.test.ts(234,7): error TS2322: Type '{ x: number; y: number; handleIn: null; handleOut: null; }' is not assignable to type 'SplineControlPoint'.
  Type '{ x: number; y: number; handleIn: null; handleOut: null; }' is missing the following properties from type 'ControlPoint': id, type
src/__tests__/_deprecated/properties/strict-vaceexport.property.test.ts(235,7): error TS2322: Type '{ x: number; y: number; handleIn: null; handleOut: null; }' is not assignable to type 'SplineControlPoint'.
  Type '{ x: number; y: number; handleIn: null; handleOut: null; }' is missing the following properties from type 'ControlPoint': id, type
src/__tests__/_deprecated/properties/strict-vaceexport.property.test.ts(247,7): error TS2322: Type '{ x: number; y: number; handleIn: null; handleOut: null; }' is not assignable to type 'SplineControlPoint'.
  Type '{ x: number; y: number; handleIn: null; handleOut: null; }' is missing the following properties from type 'ControlPoint': id, type
src/__tests__/_deprecated/properties/strict-vaceexport.property.test.ts(248,7): error TS2322: Type '{ x: number; y: number; handleIn: null; handleOut: null; }' is not assignable to type 'SplineControlPoint'.
  Type '{ x: number; y: number; handleIn: null; handleOut: null; }' is missing the following properties from type 'ControlPoint': id, type
src/__tests__/_deprecated/properties/strict-vaceexport.property.test.ts(259,7): error TS2322: Type '{ x: number; y: number; handleIn: null; handleOut: null; }' is not assignable to type 'SplineControlPoint'.
  Type '{ x: number; y: number; handleIn: null; handleOut: null; }' is missing the following properties from type 'ControlPoint': id, type
src/__tests__/_deprecated/properties/strict-vaceexport.property.test.ts(260,7): error TS2322: Type '{ x: number; y: number; handleIn: null; handleOut: null; }' is not assignable to type 'SplineControlPoint'.
  Type '{ x: number; y: number; handleIn: null; handleOut: null; }' is missing the following properties from type 'ControlPoint': id, type
src/__tests__/_deprecated/properties/strict-vaceexport.property.test.ts(271,7): error TS2322: Type '{ x: number; y: number; handleIn: null; handleOut: null; }' is not assignable to type 'SplineControlPoint'.
  Type '{ x: number; y: number; handleIn: null; handleOut: null; }' is missing the following properties from type 'ControlPoint': id, type
src/__tests__/_deprecated/properties/strict-vaceexport.property.test.ts(272,7): error TS2322: Type '{ x: number; y: number; handleIn: null; handleOut: null; }' is not assignable to type 'SplineControlPoint'.
  Type '{ x: number; y: number; handleIn: null; handleOut: null; }' is missing the following properties from type 'ControlPoint': id, type
src/__tests__/_deprecated/properties/strict-vaceexport.property.test.ts(286,7): error TS2322: Type '{ x: number; y: number; handleIn: null; handleOut: null; }' is not assignable to type 'SplineControlPoint'.
  Type '{ x: number; y: number; handleIn: null; handleOut: null; }' is missing the following properties from type 'ControlPoint': id, type
src/__tests__/_deprecated/properties/strict-vaceexport.property.test.ts(287,7): error TS2322: Type '{ x: number; y: number; handleIn: null; handleOut: null; }' is not assignable to type 'SplineControlPoint'.
  Type '{ x: number; y: number; handleIn: null; handleOut: null; }' is missing the following properties from type 'ControlPoint': id, type
src/__tests__/_deprecated/properties/strict-vaceexport.property.test.ts(303,7): error TS2322: Type '{ x: number; y: number; handleIn: null; handleOut: null; }' is not assignable to type 'SplineControlPoint'.
  Type '{ x: number; y: number; handleIn: null; handleOut: null; }' is missing the following properties from type 'ControlPoint': id, type
src/__tests__/_deprecated/properties/strict-vaceexport.property.test.ts(304,7): error TS2322: Type '{ x: number; y: number; handleIn: null; handleOut: null; }' is not assignable to type 'SplineControlPoint'.
  Type '{ x: number; y: number; handleIn: null; handleOut: null; }' is missing the following properties from type 'ControlPoint': id, type
src/__tests__/_deprecated/properties/strict-vaceexport.property.test.ts(322,7): error TS2322: Type '{ x: number; y: number; handleIn: null; handleOut: null; }' is not assignable to type 'SplineControlPoint'.
  Type '{ x: number; y: number; handleIn: null; handleOut: null; }' is missing the following properties from type 'ControlPoint': id, type
src/__tests__/_deprecated/properties/strict-vaceexport.property.test.ts(323,7): error TS2322: Type '{ x: number; y: number; handleIn: null; handleOut: null; }' is not assignable to type 'SplineControlPoint'.
  Type '{ x: number; y: number; handleIn: null; handleOut: null; }' is missing the following properties from type 'ControlPoint': id, type
src/__tests__/_deprecated/properties/strict-vaceexport.property.test.ts(337,7): error TS2322: Type '{ x: number; y: number; handleIn: null; handleOut: null; }' is not assignable to type 'SplineControlPoint'.
  Type '{ x: number; y: number; handleIn: null; handleOut: null; }' is missing the following properties from type 'ControlPoint': id, type
src/__tests__/_deprecated/properties/strict-vaceexport.property.test.ts(338,7): error TS2322: Type '{ x: number; y: number; handleIn: null; handleOut: null; }' is not assignable to type 'SplineControlPoint'.
  Type '{ x: number; y: number; handleIn: null; handleOut: null; }' is missing the following properties from type 'ControlPoint': id, type
src/__tests__/_deprecated/properties/strict-vaceexport.property.test.ts(352,7): error TS2322: Type '{ x: number; y: number; handleIn: null; handleOut: null; }' is not assignable to type 'SplineControlPoint'.
  Type '{ x: number; y: number; handleIn: null; handleOut: null; }' is missing the following properties from type 'ControlPoint': id, type
src/__tests__/_deprecated/properties/strict-vaceexport.property.test.ts(353,7): error TS2322: Type '{ x: number; y: number; handleIn: null; handleOut: null; }' is not assignable to type 'SplineControlPoint'.
  Type '{ x: number; y: number; handleIn: null; handleOut: null; }' is missing the following properties from type 'ControlPoint': id, type
src/__tests__/_deprecated/properties/strict-vaceexport.property.test.ts(384,9): error TS2322: Type '{ x: number; y: number; handleIn: null; handleOut: null; }' is not assignable to type 'SplineControlPoint'.
  Type '{ x: number; y: number; handleIn: null; handleOut: null; }' is missing the following properties from type 'ControlPoint': id, type
src/__tests__/_deprecated/properties/strict-vaceexport.property.test.ts(385,9): error TS2322: Type '{ x: number; y: number; handleIn: null; handleOut: null; }' is not assignable to type 'SplineControlPoint'.
  Type '{ x: number; y: number; handleIn: null; handleOut: null; }' is missing the following properties from type 'ControlPoint': id, type
src/__tests__/_deprecated/properties/strict-vaceexport.property.test.ts(388,9): error TS2322: Type '{ x: number; y: number; handleIn: null; handleOut: null; }' is not assignable to type 'SplineControlPoint'.
  Type '{ x: number; y: number; handleIn: null; handleOut: null; }' is missing the following properties from type 'ControlPoint': id, type
src/__tests__/_deprecated/properties/strict-vaceexport.property.test.ts(389,9): error TS2322: Type '{ x: number; y: number; handleIn: null; handleOut: null; }' is not assignable to type 'SplineControlPoint'.
  Type '{ x: number; y: number; handleIn: null; handleOut: null; }' is missing the following properties from type 'ControlPoint': id, type
src/__tests__/_deprecated/properties/strict-vaceexport.property.test.ts(430,7): error TS2322: Type '{ x: number; y: number; handleIn: null; handleOut: null; }' is not assignable to type 'SplineControlPoint'.
  Type '{ x: number; y: number; handleIn: null; handleOut: null; }' is missing the following properties from type 'ControlPoint': id, type
src/__tests__/_deprecated/properties/strict-vaceexport.property.test.ts(431,7): error TS2322: Type '{ x: number; y: number; handleIn: null; handleOut: null; }' is not assignable to type 'SplineControlPoint'.
  Type '{ x: number; y: number; handleIn: null; handleOut: null; }' is missing the following properties from type 'ControlPoint': id, type
src/__tests__/_deprecated/properties/strict-vaceexport.property.test.ts(466,7): error TS2739: Type '{ x: number; y: number; handleIn: null; handleOut: null; }' is missing the following properties from type 'ControlPoint': id, type
src/__tests__/_deprecated/properties/strict-vaceexport.property.test.ts(467,7): error TS2739: Type '{ x: number; y: number; handleIn: null; handleOut: null; }' is missing the following properties from type 'ControlPoint': id, type
src/__tests__/_deprecated/properties/strict-vaceexport.property.test.ts(493,7): error TS2322: Type '{ x: number; y: number; handleIn: null; handleOut: null; }' is not assignable to type 'SplineControlPoint'.
  Type '{ x: number; y: number; handleIn: null; handleOut: null; }' is missing the following properties from type 'ControlPoint': id, type
src/__tests__/_deprecated/properties/strict-vaceexport.property.test.ts(505,7): error TS2322: Type '{ x: number; y: number; handleIn: null; handleOut: null; }' is not assignable to type 'SplineControlPoint'.
  Type '{ x: number; y: number; handleIn: null; handleOut: null; }' is missing the following properties from type 'ControlPoint': id, type
src/__tests__/_deprecated/properties/strict-vaceexport.property.test.ts(506,7): error TS2322: Type '{ x: number; y: number; handleIn: null; handleOut: null; }' is not assignable to type 'SplineControlPoint'.
  Type '{ x: number; y: number; handleIn: null; handleOut: null; }' is missing the following properties from type 'ControlPoint': id, type
src/__tests__/_deprecated/properties/strict-vaceexport.property.test.ts(519,7): error TS2322: Type '{ x: number; y: number; handleIn: null; handleOut: null; }' is not assignable to type 'SplineControlPoint'.
  Type '{ x: number; y: number; handleIn: null; handleOut: null; }' is missing the following properties from type 'ControlPoint': id, type
src/__tests__/_deprecated/properties/strict-vaceexport.property.test.ts(520,7): error TS2322: Type '{ x: number; y: number; handleIn: null; handleOut: null; }' is not assignable to type 'SplineControlPoint'.
  Type '{ x: number; y: number; handleIn: null; handleOut: null; }' is missing the following properties from type 'ControlPoint': id, type
src/__tests__/_deprecated/properties/strict-vaceexport.property.test.ts(533,7): error TS2322: Type '{ x: number; y: number; handleIn: null; handleOut: null; }' is not assignable to type 'SplineControlPoint'.
  Type '{ x: number; y: number; handleIn: null; handleOut: null; }' is missing the following properties from type 'ControlPoint': id, type
src/__tests__/_deprecated/properties/strict-vaceexport.property.test.ts(534,7): error TS2322: Type '{ x: number; y: number; handleIn: null; handleOut: null; }' is not assignable to type 'SplineControlPoint'.
  Type '{ x: number; y: number; handleIn: null; handleOut: null; }' is missing the following properties from type 'ControlPoint': id, type
src/__tests__/_deprecated/properties/strict-videoencoder.property.test.ts(485,27): error TS2367: This comparison appears to be unintentional because the types '"vp9"' and '"avc"' have no overlap.
src/__tests__/_deprecated/properties/strict-videoencoder.property.test.ts(492,27): error TS2367: This comparison appears to be unintentional because the types '"vp8"' and '"avc"' have no overlap.
src/__tests__/_deprecated/services/comfyui/workflowTemplates.adversarial.test.ts(177,7): error TS2322: Type '"scail"' is not assignable to type 'ExportTarget'.
src/__tests__/_deprecated/services/comfyui/workflowTemplates.adversarial.test.ts(194,9): error TS2353: Object literal may only specify known properties, and 'ttmMotionVideo' does not exist in type 'Partial<WorkflowParams>'.
src/__tests__/_deprecated/services/comfyui/workflowTemplates.adversarial.test.ts(205,9): error TS2353: Object literal may only specify known properties, and 'ttmMotionVideo' does not exist in type 'Partial<WorkflowParams>'.
src/__tests__/_deprecated/services/comfyui/workflowTemplates.adversarial.test.ts(215,9): error TS2353: Object literal may only specify known properties, and 'ttmMaskDirectory' does not exist in type 'Partial<WorkflowParams>'.
src/__tests__/_deprecated/services/comfyui/workflowTemplates.adversarial.test.ts(227,9): error TS2353: Object literal may only specify known properties, and 'trackCoords' does not exist in type 'Partial<WorkflowParams>'.
src/__tests__/_deprecated/services/comfyui/workflowTemplates.adversarial.test.ts(237,9): error TS2353: Object literal may only specify known properties, and 'trackCoords' does not exist in type 'Partial<WorkflowParams>'.
src/__tests__/_deprecated/services/comfyui/workflowTemplates.adversarial.test.ts(248,9): error TS2353: Object literal may only specify known properties, and 'scailPoseVideo' does not exist in type 'Partial<WorkflowParams>'.
src/__tests__/_deprecated/services/comfyui/workflowTemplates.adversarial.test.ts(253,35): error TS2345: Argument of type '"scail"' is not assignable to parameter of type 'ExportTarget'.
src/__tests__/_deprecated/services/comfyui/workflowTemplates.adversarial.test.ts(259,9): error TS2353: Object literal may only specify known properties, and 'scailPoseVideo' does not exist in type 'Partial<WorkflowParams>'.
src/__tests__/_deprecated/services/comfyui/workflowTemplates.adversarial.test.ts(262,50): error TS2345: Argument of type '"scail"' is not assignable to parameter of type 'ExportTarget'.
src/__tests__/_deprecated/services/comfyui/workflowTemplates.adversarial.test.ts(415,7): error TS2353: Object literal may only specify known properties, and 'uni3cRenderVideo' does not exist in type 'Partial<WorkflowParams>'.
src/__tests__/_deprecated/services/comfyui/workflowTemplates.adversarial.test.ts(427,7): error TS2353: Object literal may only specify known properties, and 'ttmMotionVideo' does not exist in type 'Partial<WorkflowParams>'.
src/__tests__/_deprecated/services/comfyui/workflowTemplates.adversarial.test.ts(440,7): error TS2353: Object literal may only specify known properties, and 'trackCoords' does not exist in type 'Partial<WorkflowParams>'.
src/__tests__/_deprecated/services/comfyui/workflowTemplates.adversarial.test.ts(452,7): error TS2353: Object literal may only specify known properties, and 'trackCoords' does not exist in type 'Partial<WorkflowParams>'.
src/__tests__/_deprecated/services/comfyui/workflowTemplates.adversarial.test.ts(474,7): error TS2353: Object literal may only specify known properties, and 'scailPoseVideo' does not exist in type 'Partial<WorkflowParams>'.
src/__tests__/_deprecated/services/comfyui/workflowTemplates.adversarial.test.ts(478,48): error TS2345: Argument of type '"scail"' is not assignable to parameter of type 'ExportTarget'.
src/__tests__/_deprecated/services/comfyui/workflowTemplates.adversarial.test.ts(607,7): error TS2353: Object literal may only specify known properties, and 'ttmMotionVideo' does not exist in type 'Partial<WorkflowParams>'.
src/__tests__/_deprecated/services/comfyui/workflowTemplates.adversarial.test.ts(624,7): error TS2353: Object literal may only specify known properties, and 'ttmMotionVideo' does not exist in type 'Partial<WorkflowParams>'.
src/__tests__/_deprecated/services/comfyui/workflowTemplates.adversarial.test.ts(646,7): error TS2353: Object literal may only specify known properties, and 'uni3cRenderVideo' does not exist in type 'Partial<WorkflowParams>'.
src/__tests__/_deprecated/services/export/allTargets.comprehensive.test.ts(75,3): error TS2322: Type '"scail"' is not assignable to type 'ExportTarget'.
src/__tests__/_deprecated/services/export/allTargets.comprehensive.test.ts(102,3): error TS2322: Type '"scail"' is not assignable to type 'ExportTarget'.
src/__tests__/_deprecated/services/export/allTargets.comprehensive.test.ts(185,9): error TS2353: Object literal may only specify known properties, and 'uni3cRenderVideo' does not exist in type 'WorkflowParams'.
src/__tests__/_deprecated/services/export/allTargets.comprehensive.test.ts(191,25): error TS2353: Object literal may only specify known properties, and 'trackCoords' does not exist in type 'WorkflowParams'.
src/__tests__/_deprecated/services/export/allTargets.comprehensive.test.ts(194,25): error TS2353: Object literal may only specify known properties, and 'trackCoords' does not exist in type 'WorkflowParams'.
src/__tests__/_deprecated/services/export/allTargets.comprehensive.test.ts(202,9): error TS2353: Object literal may only specify known properties, and 'ttmMotionVideo' does not exist in type 'WorkflowParams'.
src/__tests__/_deprecated/services/export/allTargets.comprehensive.test.ts(207,10): error TS2678: Type '"scail"' is not comparable to type 'ExportTarget'.
src/__tests__/_deprecated/services/export/allTargets.comprehensive.test.ts(210,9): error TS2353: Object literal may only specify known properties, and 'scailPoseVideo' does not exist in type 'WorkflowParams'.
src/__tests__/_deprecated/services/export/allTargets.comprehensive.test.ts(216,25): error TS2353: Object literal may only specify known properties, and 'lightXLora' does not exist in type 'WorkflowParams'.
src/__tests__/_deprecated/services/export/allTargets.comprehensive.test.ts(311,7): error TS2353: Object literal may only specify known properties, and 'trackCoords' does not exist in type 'Partial<WorkflowParams>'.
src/__tests__/_deprecated/services/export/allTargets.comprehensive.test.ts(320,51): error TS2353: Object literal may only specify known properties, and 'trackCoords' does not exist in type 'Partial<WorkflowParams>'.
src/__tests__/_deprecated/services/export/allTargets.comprehensive.test.ts(329,7): error TS2353: Object literal may only specify known properties, and 'trackCoords' does not exist in type 'Partial<WorkflowParams>'.
src/__tests__/_deprecated/services/export/allTargets.comprehensive.test.ts(346,9): error TS2353: Object literal may only specify known properties, and 'ttmMotionVideo' does not exist in type 'Partial<WorkflowParams>'.
src/__tests__/_deprecated/services/export/allTargets.comprehensive.test.ts(359,9): error TS2353: Object literal may only specify known properties, and 'ttmMotionVideo' does not exist in type 'Partial<WorkflowParams>'.
src/__tests__/_deprecated/services/export/allTargets.comprehensive.test.ts(368,9): error TS2353: Object literal may only specify known properties, and 'ttmMotionVideo' does not exist in type 'Partial<WorkflowParams>'.
src/__tests__/_deprecated/services/export/allTargets.comprehensive.test.ts(380,42): error TS2345: Argument of type '"scail"' is not assignable to parameter of type 'ExportTarget'.
src/__tests__/_deprecated/services/export/allTargets.comprehensive.test.ts(386,33): error TS2345: Argument of type '"scail"' is not assignable to parameter of type 'ExportTarget'.
src/__tests__/_deprecated/services/export/allTargets.comprehensive.test.ts(391,42): error TS2345: Argument of type '"scail"' is not assignable to parameter of type 'ExportTarget'.
src/__tests__/_deprecated/services/export/allTargets.comprehensive.test.ts(395,48): error TS2345: Argument of type '"scail"' is not assignable to parameter of type 'ExportTarget'.
src/__tests__/_deprecated/services/export/allTargets.comprehensive.test.ts(545,5): error TS2322: Type '"scail"' is not assignable to type 'ExportTarget'.
src/__tests__/_deprecated/services/export/allTargets.comprehensive.test.ts(619,5): error TS2322: Type '"scail"' is not assignable to type 'ExportTarget'.
src/__tests__/_deprecated/services/export/allTargets.comprehensive.test.ts(641,5): error TS2322: Type '"scail"' is not assignable to type 'ExportTarget'.
src/__tests__/_deprecated/services/export/allTargets.comprehensive.test.ts(647,21): error TS2339: Property 'exportSceneVideo' does not exist on type 'Partial<ExportConfig>'.
src/__tests__/_deprecated/services/export/allTargets.comprehensive.test.ts(661,21): error TS2339: Property 'exportMaskVideo' does not exist on type 'Partial<ExportConfig>'.
src/__tests__/_deprecated/services/export/allTargets.comprehensive.test.ts(831,7): error TS2353: Object literal may only specify known properties, and 'trackCoords' does not exist in type 'Partial<WorkflowParams>'.
src/__tests__/_deprecated/services/export/allTargets.comprehensive.test.ts(842,7): error TS2353: Object literal may only specify known properties, and 'ttmStartStep' does not exist in type 'Partial<WorkflowParams>'.
src/__tests__/_deprecated/services/export/allTargets.comprehensive.test.ts(851,42): error TS2345: Argument of type '"scail"' is not assignable to parameter of type 'ExportTarget'.
src/__tests__/_deprecated/services/export/allTargets.comprehensive.test.ts(852,48): error TS2345: Argument of type '"scail"' is not assignable to parameter of type 'ExportTarget'.
src/__tests__/_deprecated/services/export/allTargets.comprehensive.test.ts(941,5): error TS2322: Type '"scail"' is not assignable to type 'ExportTarget'.
src/__tests__/_deprecated/services/export/depthRenderer.adversarial.test.ts(21,3): error TS2305: Module '"@/services/export/depthRenderer"' has no exported member 'depthToGrayscaleImageData'.
src/__tests__/_deprecated/services/export/depthRenderer.adversarial.test.ts(321,55): error TS2554: Expected 1-3 arguments, but got 4.
src/__tests__/_deprecated/services/export/depthRenderer.adversarial.test.ts(343,55): error TS2554: Expected 1-3 arguments, but got 4.
src/__tests__/_deprecated/services/export/exportPipeline.adversarial.test.ts(69,5): error TS2353: Object literal may only specify known properties, and 'exportSceneVideo' does not exist in type 'ExportConfig'.
src/__tests__/_deprecated/services/export/exportPipeline.adversarial.test.ts(358,7): error TS2353: Object literal may only specify known properties, and 'exportSceneVideo' does not exist in type 'Partial<ExportConfig>'.
src/__tests__/_deprecated/services/export/exportPipeline.adversarial.test.ts(375,9): error TS2353: Object literal may only specify known properties, and 'engine' does not exist in type 'Partial<ExportPipelineOptions>'.
src/__tests__/_deprecated/services/export/exportPipeline.adversarial.test.ts(392,9): error TS2353: Object literal may only specify known properties, and 'engine' does not exist in type 'Partial<ExportPipelineOptions>'.
src/__tests__/_deprecated/services/export/modelExport.adversarial.test.ts(182,3): error TS2614: Module '"@/services/modelExport"' has no exported member 'exportWanMoveTracksForKijai'. Did you mean to use 'import exportWanMoveTracksForKijai from "@/services/modelExport"' instead?
src/__tests__/_deprecated/services/frameBlending.test.ts(13,36): error TS2307: Cannot find module '../../stores/compositorStore' or its corresponding type declarations.
src/__tests__/_deprecated/services/frameBlending.test.ts(212,16): error TS18046: 'c' is of type 'unknown'.
src/__tests__/_deprecated/services/frameBlending.test.ts(215,26): error TS2339: Property 'settings' does not exist on type '{}'.
src/__tests__/_deprecated/services/freezeFrame.test.ts(9,36): error TS2307: Cannot find module '../../types/effects' or its corresponding type declarations.
src/__tests__/_deprecated/services/freezeFrame.test.ts(30,40): error TS7006: Parameter 'p' implicitly has an 'any' type.
src/__tests__/_deprecated/services/freezeFrame.test.ts(61,9): error TS2307: Cannot find module '../../services/effects/timeRenderer' or its corresponding type declarations.
src/__tests__/_deprecated/services/freezeFrame.test.ts(80,9): error TS2307: Cannot find module '../../services/effects/timeRenderer' or its corresponding type declarations.
src/__tests__/_deprecated/services/freezeFrame.test.ts(107,22): error TS2307: Cannot find module '../../services/effects/timeRenderer' or its corresponding type declarations.
src/__tests__/_deprecated/services/freezeFrame.test.ts(147,9): error TS2307: Cannot find module '../../services/effects/timeRenderer' or its corresponding type declarations.
src/__tests__/_deprecated/services/freezeFrame.test.ts(178,9): error TS2307: Cannot find module '../../services/effects/timeRenderer' or its corresponding type declarations.
src/__tests__/_deprecated/services/freezeFrame.test.ts(201,9): error TS2307: Cannot find module '../../services/effects/timeRenderer' or its corresponding type declarations.
src/__tests__/_deprecated/services/freezeFrame.test.ts(226,9): error TS2307: Cannot find module '../../services/effects/timeRenderer' or its corresponding type declarations.
src/__tests__/_deprecated/services/freezeFrame.test.ts(234,41): error TS2307: Cannot find module '../../services/effects/timeRenderer' or its corresponding type declarations.
src/__tests__/_deprecated/services/freezeFrame.test.ts(250,9): error TS2307: Cannot find module '../../services/effects/timeRenderer' or its corresponding type declarations.
src/__tests__/_deprecated/services/freezeFrame.test.ts(267,9): error TS2307: Cannot find module '../../services/effects/timeRenderer' or its corresponding type declarations.
src/__tests__/_deprecated/services/freezeFrame.test.ts(286,9): error TS2307: Cannot find module '../../services/effects/timeRenderer' or its corresponding type declarations.
src/__tests__/_deprecated/services/freezeFrame.test.ts(309,22): error TS2307: Cannot find module '../../services/effects/timeRenderer' or its corresponding type declarations.
src/__tests__/_deprecated/services/freezeFrame.test.ts(324,10): error TS7006: Parameter 'p' implicitly has an 'any' type.
src/__tests__/_deprecated/setup.ts(64,10): error TS2551: Property 'imageData' does not exist on type 'MockOffscreenCanvasRenderingContext2D'. Did you mean 'getImageData'?
src/__tests__/_deprecated/setup.ts(107,10): error TS2551: Property 'imageData' does not exist on type 'MockOffscreenCanvasRenderingContext2D'. Did you mean 'getImageData'?
src/__tests__/engine/layerEvaluation.property.test.ts(44,3): error TS2322: Type 'Arbitrary<{ frame: number; value: T | (undefined & T); easing: "linear" | "easeIn" | "easeOut" | "easeInOut"; }>' is not assignable to type 'Arbitrary<Keyframe<T>>'.
  Type '{ frame: number; value: T | (undefined & T); easing: "linear" | "easeIn" | "easeOut" | "easeInOut"; }' is missing the following properties from type 'Keyframe<T>': id, interpolation, inHandle, outHandle, controlMode
src/__tests__/engine/layerEvaluation.property.test.ts(54,3): error TS2322: Type 'Arbitrary<{ name: string; value: T | (undefined & T); animated: boolean; keyframes: Keyframe<T>[]; }>' is not assignable to type 'Arbitrary<AnimatableProperty<T>>'.
  Type '{ name: string; value: T | (undefined & T); animated: boolean; keyframes: Keyframe<T>[]; }' is missing the following properties from type 'AnimatableProperty<T>': id, type
src/__tests__/engine/layerEvaluation.property.test.ts(86,3): error TS2352: Conversion of type 'Arbitrary<{ endFrame: number; id: string; name: string; type: "image" | "solid" | "text" | "null"; visible: boolean; locked: false; solo: false; shy: false; blendMode: "normal" | "multiply" | "screen"; ... 8 more ...; data: null; }>' to type 'Arbitrary<Layer>' may be a mistake because neither type sufficiently overlaps with the other. If this was intentional, convert the expression to 'unknown' first.
  Type '{ endFrame: number; id: string; name: string; type: "image" | "solid" | "text" | "null"; visible: boolean; locked: false; solo: false; shy: false; blendMode: "normal" | "multiply" | "screen"; ... 8 more ...; data: null; }' is missing the following properties from type 'Layer': isolate, motionBlur
src/__tests__/engine/layerEvaluation.property.test.ts(119,10): error TS2352: Conversion of type 'Arbitrary<{ version: "1.0.0"; mainCompositionId: string; meta: { name: "Test Project"; created: string; modified: string; }; composition: { width: 1920; height: 1080; frameCount: 300; fps: 30; backgroundColor: "#000000"; }; compositions: { ...; }; assets: {}; audioMappings: readonly []; }>' to type 'Arbitrary<LatticeProject>' may be a mistake because neither type sufficiently overlaps with the other. If this was intentional, convert the expression to 'unknown' first.
  Type '{ version: "1.0.0"; mainCompositionId: string; meta: { name: "Test Project"; created: string; modified: string; }; composition: { width: 1920; height: 1080; frameCount: 300; fps: 30; backgroundColor: "#000000"; }; compositions: { ...; }; assets: {}; audioMappings: readonly []; }' is missing the following properties from type 'LatticeProject': layers, currentFrame
src/__tests__/engine/layerEvaluation.property.test.ts(274,7): error TS2739: Type '{ width: number; height: number; frameCount: number; fps: number; backgroundColor: string; }' is missing the following properties from type 'CompositionSettings': duration, autoResizeToContent, frameBlendingEnabled
src/__tests__/engine/layerEvaluation.property.test.ts(279,11): error TS2739: Type '{ width: number; height: number; frameCount: number; fps: number; backgroundColor: string; }' is missing the following properties from type 'CompositionSettings': duration, autoResizeToContent, frameBlendingEnabled
src/__tests__/engine/layerEvaluation.property.test.ts(337,55): error TS2353: Object literal may only specify known properties, and 'easing' does not exist in type 'Keyframe<number>'.
src/__tests__/engine/layerEvaluation.property.test.ts(340,9): error TS2739: Type '{ name: string; value: { x: number; y: number; z: number; }; keyframes: never[]; }' is missing the following properties from type 'AnimatableProperty<{ x: number; y: number; z?: number | undefined; }>': id, type, animated
src/__tests__/engine/layerEvaluation.property.test.ts(341,9): error TS2739: Type '{ name: string; value: { x: number; y: number; z: number; }; keyframes: never[]; }' is missing the following properties from type 'AnimatableProperty<{ x: number; y: number; z?: number | undefined; }>': id, type, animated
src/__tests__/engine/layerEvaluation.property.test.ts(342,9): error TS2739: Type '{ name: string; value: number; keyframes: never[]; }' is missing the following properties from type 'AnimatableProperty<number>': id, type, animated
src/__tests__/engine/layerEvaluation.property.test.ts(357,7): error TS2739: Type '{ width: number; height: number; frameCount: number; fps: number; backgroundColor: string; }' is missing the following properties from type 'CompositionSettings': duration, autoResizeToContent, frameBlendingEnabled
src/__tests__/engine/layerEvaluation.property.test.ts(362,11): error TS2739: Type '{ width: number; height: number; frameCount: number; fps: number; backgroundColor: string; }' is missing the following properties from type 'CompositionSettings': duration, autoResizeToContent, frameBlendingEnabled
src/__tests__/engine/layerEvaluation.property.test.ts(399,7): error TS2739: Type '{ name: string; value: number; keyframes: never[]; }' is missing the following properties from type 'AnimatableProperty<number>': id, type, animated
src/__tests__/engine/layerEvaluation.property.test.ts(406,61): error TS2353: Object literal may only specify known properties, and 'easing' does not exist in type 'Keyframe<{ x: number; y: number; z?: number | undefined; }>'.
src/__tests__/engine/layerEvaluation.property.test.ts(407,61): error TS2353: Object literal may only specify known properties, and 'easing' does not exist in type 'Keyframe<{ x: number; y: number; z?: number | undefined; }>'.
src/__tests__/engine/layerEvaluation.property.test.ts(410,9): error TS2739: Type '{ name: string; value: { x: number; y: number; z: number; }; keyframes: never[]; }' is missing the following properties from type 'AnimatableProperty<{ x: number; y: number; z?: number | undefined; }>': id, type, animated
src/__tests__/engine/layerEvaluation.property.test.ts(411,9): error TS2739: Type '{ name: string; value: number; keyframes: never[]; }' is missing the following properties from type 'AnimatableProperty<number>': id, type, animated
src/__tests__/engine/layerEvaluation.property.test.ts(426,7): error TS2739: Type '{ width: number; height: number; frameCount: number; fps: number; backgroundColor: string; }' is missing the following properties from type 'CompositionSettings': duration, autoResizeToContent, frameBlendingEnabled
src/__tests__/engine/layerEvaluation.property.test.ts(431,11): error TS2739: Type '{ width: number; height: number; frameCount: number; fps: number; backgroundColor: string; }' is missing the following properties from type 'CompositionSettings': duration, autoResizeToContent, frameBlendingEnabled
src/__tests__/engine/layerEvaluation.property.test.ts(466,7): error TS2739: Type '{ name: string; value: number; keyframes: never[]; }' is missing the following properties from type 'AnimatableProperty<number>': id, type, animated
src/__tests__/engine/layerEvaluation.property.test.ts(468,9): error TS2739: Type '{ name: string; value: { x: number; y: number; z: number; }; keyframes: never[]; }' is missing the following properties from type 'AnimatableProperty<{ x: number; y: number; z?: number | undefined; }>': id, type, animated
src/__tests__/engine/layerEvaluation.property.test.ts(473,74): error TS2353: Object literal may only specify known properties, and 'easing' does not exist in type 'Keyframe<{ x: number; y: number; z?: number | undefined; }>'.
src/__tests__/engine/layerEvaluation.property.test.ts(474,72): error TS2353: Object literal may only specify known properties, and 'easing' does not exist in type 'Keyframe<{ x: number; y: number; z?: number | undefined; }>'.
src/__tests__/engine/layerEvaluation.property.test.ts(477,9): error TS2739: Type '{ name: string; value: number; keyframes: never[]; }' is missing the following properties from type 'AnimatableProperty<number>': id, type, animated
src/__tests__/engine/layerEvaluation.property.test.ts(492,7): error TS2739: Type '{ width: number; height: number; frameCount: number; fps: number; backgroundColor: string; }' is missing the following properties from type 'CompositionSettings': duration, autoResizeToContent, frameBlendingEnabled
src/__tests__/engine/layerEvaluation.property.test.ts(497,11): error TS2739: Type '{ width: number; height: number; frameCount: number; fps: number; backgroundColor: string; }' is missing the following properties from type 'CompositionSettings': duration, autoResizeToContent, frameBlendingEnabled
src/__tests__/engine/layerEvaluation.property.test.ts(536,7): error TS2739: Type '{ name: string; value: number; keyframes: never[]; }' is missing the following properties from type 'AnimatableProperty<number>': id, type, animated
src/__tests__/engine/layerEvaluation.property.test.ts(538,9): error TS2739: Type '{ name: string; value: { x: number; y: number; z: number; }; keyframes: never[]; }' is missing the following properties from type 'AnimatableProperty<{ x: number; y: number; z?: number | undefined; }>': id, type, animated
src/__tests__/engine/layerEvaluation.property.test.ts(539,9): error TS2739: Type '{ name: string; value: { x: number; y: number; z: number; }; keyframes: never[]; }' is missing the following properties from type 'AnimatableProperty<{ x: number; y: number; z?: number | undefined; }>': id, type, animated
src/__tests__/engine/layerEvaluation.property.test.ts(540,9): error TS2739: Type '{ name: string; value: number; keyframes: never[]; }' is missing the following properties from type 'AnimatableProperty<number>': id, type, animated
src/__tests__/engine/layerEvaluation.property.test.ts(555,7): error TS2739: Type '{ width: number; height: number; frameCount: number; fps: number; backgroundColor: string; }' is missing the following properties from type 'CompositionSettings': duration, autoResizeToContent, frameBlendingEnabled
src/__tests__/engine/layerEvaluation.property.test.ts(560,11): error TS2739: Type '{ width: number; height: number; frameCount: number; fps: number; backgroundColor: string; }' is missing the following properties from type 'CompositionSettings': duration, autoResizeToContent, frameBlendingEnabled
src/__tests__/engine/layerEvaluation.property.test.ts(595,7): error TS2739: Type '{ name: string; value: number; keyframes: never[]; }' is missing the following properties from type 'AnimatableProperty<number>': id, type, animated
src/__tests__/engine/layerEvaluation.property.test.ts(597,9): error TS2739: Type '{ name: string; value: { x: number; y: number; z: number; }; keyframes: never[]; }' is missing the following properties from type 'AnimatableProperty<{ x: number; y: number; z?: number | undefined; }>': id, type, animated
src/__tests__/engine/layerEvaluation.property.test.ts(598,9): error TS2739: Type '{ name: string; value: { x: number; y: number; z: number; }; keyframes: never[]; }' is missing the following properties from type 'AnimatableProperty<{ x: number; y: number; z?: number | undefined; }>': id, type, animated
src/__tests__/engine/layerEvaluation.property.test.ts(599,9): error TS2739: Type '{ name: string; value: number; keyframes: never[]; }' is missing the following properties from type 'AnimatableProperty<number>': id, type, animated
src/__tests__/engine/layerEvaluation.property.test.ts(614,7): error TS2739: Type '{ width: number; height: number; frameCount: number; fps: number; backgroundColor: string; }' is missing the following properties from type 'CompositionSettings': duration, autoResizeToContent, frameBlendingEnabled
src/__tests__/engine/layerEvaluation.property.test.ts(619,11): error TS2739: Type '{ width: number; height: number; frameCount: number; fps: number; backgroundColor: string; }' is missing the following properties from type 'CompositionSettings': duration, autoResizeToContent, frameBlendingEnabled
src/__tests__/engine/MotionEngine.test.ts(42,5): error TS2739: Type '{ width: number; height: number; fps: number; duration: number; backgroundColor: string; }' is missing the following properties from type 'CompositionSettings': frameCount, autoResizeToContent, frameBlendingEnabled
src/__tests__/engine/MotionEngine.test.ts(62,7): error TS2353: Object literal may only specify known properties, and 'version' does not exist in type 'ProjectMeta'.
src/__tests__/engine/MotionEngine.test.ts(103,5): error TS2322: Type '{ color: string; }' is not assignable to type 'ParticleData | ParticleLayerData | ShapeLayerData | SplineData | PathLayerData | TextData | ... 21 more ... | null'.
  Type '{ color: string; }' is missing the following properties from type 'EffectLayerData': effectLayer, adjustmentLayer
src/__tests__/engine/MotionEngine.test.ts(398,9): error TS2739: Type '{ width: number; height: number; fps: number; duration: number; backgroundColor: string; }' is missing the following properties from type 'CompositionSettings': frameCount, autoResizeToContent, frameBlendingEnabled
src/__tests__/engine/MotionEngine.test.ts(406,58): error TS2353: Object literal may only specify known properties, and 'version' does not exist in type 'ProjectMeta'.
src/__tests__/engine/MotionEngine.test.ts(633,15): error TS2322: Type 'string' is not assignable to type 'AnimatableProperty<any>'.
src/__tests__/engine/MotionEngine.test.ts(651,11): error TS2739: Type '{ id: string; effectKey: string; enabled: true; parameters: { radius: { id: string; name: string; type: any; value: number; animated: true; keyframes: { id: string; frame: number; value: number; interpolation: "linear"; inHandle: { ...; }; outHandle: { ...; }; controlMode: "smooth"; }[]; }; }; }' is missing the following properties from type 'EffectInstance': name, category, expanded
src/__tests__/engine/MotionEngine.test.ts(680,11): error TS2739: Type '{ id: string; effectKey: string; enabled: false; parameters: { radius: AnimatableProperty<number>; }; }' is missing the following properties from type 'EffectInstance': name, category, expanded
src/__tests__/engine/MotionEngine.test.ts(944,11): error TS2353: Object literal may only specify known properties, and 'type' does not exist in type 'ParticleData | ParticleLayerData | ShapeLayerData | SplineData | PathLayerData | TextData | ... 20 more ... | MatteLayerData'.
src/__tests__/engine/MotionEngine.test.ts(1019,11): error TS2353: Object literal may only specify known properties, and 'type' does not exist in type 'ParticleData | ParticleLayerData | ShapeLayerData | SplineData | PathLayerData | TextData | ... 20 more ... | MatteLayerData'.
src/__tests__/engine/MotionEngine.test.ts(1045,11): error TS2353: Object literal may only specify known properties, and 'type' does not exist in type 'ParticleData | ParticleLayerData | ShapeLayerData | SplineData | PathLayerData | TextData | ... 20 more ... | MatteLayerData'.
src/__tests__/engine/MotionEngine.test.ts(1069,11): error TS2353: Object literal may only specify known properties, and 'type' does not exist in type 'ParticleData | ParticleLayerData | ShapeLayerData | SplineData | PathLayerData | TextData | ... 20 more ... | MatteLayerData'.
src/__tests__/engine/MotionEngine.test.ts(1090,11): error TS2353: Object literal may only specify known properties, and 'type' does not exist in type 'ParticleData | ParticleLayerData | ShapeLayerData | SplineData | PathLayerData | TextData | ... 20 more ... | MatteLayerData'.
src/__tests__/engine/MotionEngine.test.ts(1182,9): error TS2322: Type '{}' is not assignable to type 'ParticleData | ParticleLayerData | ShapeLayerData | SplineData | PathLayerData | TextData | ... 22 more ... | undefined'.
src/__tests__/engine/MotionEngine.test.ts(1193,9): error TS2322: Type '{ animatedZoom: { id: string; name: string; type: any; value: number; animated: true; keyframes: { id: string; frame: number; value: number; interpolation: "linear"; inHandle: { frame: number; value: number; enabled: false; }; outHandle: { ...; }; controlMode: "smooth"; }[]; }; }' is not assignable to type 'ParticleData | ParticleLayerData | ShapeLayerData | SplineData | PathLayerData | TextData | ... 22 more ... | undefined'.
  Type '{ animatedZoom: { id: string; name: string; type: any; value: number; animated: true; keyframes: { id: string; frame: number; value: number; interpolation: "linear"; inHandle: { frame: number; value: number; enabled: false; }; outHandle: { ...; }; controlMode: "smooth"; }[]; }; }' is missing the following properties from type 'DepthflowLayerData': sourceLayerId, depthLayerId, config
src/__tests__/engine/MotionEngine.test.ts(1295,9): error TS2739: Type '{ width: number; height: number; fps: number; duration: number; backgroundColor: string; }' is missing the following properties from type 'CompositionSettings': frameCount, autoResizeToContent, frameBlendingEnabled
src/__tests__/engine/MotionEngine.test.ts(1310,58): error TS2353: Object literal may only specify known properties, and 'version' does not exist in type 'ProjectMeta'.
src/__tests__/engine/particles/GPUParticleSystem.property.test.ts(26,79): error TS2493: Tuple type '[]' of length '0' has no element at index '0'.
src/__tests__/engine/particles/GPUParticleSystem.property.test.ts(30,5): error TS2698: Spread types may only be created from object types.
src/__tests__/engine/particles/GPUParticleSystem.property.test.ts(80,41): error TS2345: Argument of type '{ maxParticles: number; }' is not assignable to parameter of type 'undefined'.
src/__tests__/engine/particles/GPUParticleSystem.property.test.ts(101,42): error TS2345: Argument of type '{ randomSeed: number; maxParticles: number; }' is not assignable to parameter of type 'undefined'.
src/__tests__/engine/particles/GPUParticleSystem.property.test.ts(102,42): error TS2345: Argument of type '{ randomSeed: number; maxParticles: number; }' is not assignable to parameter of type 'undefined'.
src/__tests__/engine/particles/GPUParticleSystem.property.test.ts(186,35): error TS2345: Argument of type '{ maxParticles: number; }' is not assignable to parameter of type 'undefined'.
src/__tests__/engine/particles/GPUParticleSystem.property.test.ts(242,41): error TS2345: Argument of type '{ maxParticles: number; }' is not assignable to parameter of type 'undefined'.
src/__tests__/engine/particles/GPUParticleSystem.property.test.ts(259,41): error TS2345: Argument of type '{ randomSeed: number; maxParticles: number; }' is not assignable to parameter of type 'undefined'.
src/__tests__/engine/particles/GPUParticleSystem.property.test.ts(303,41): error TS2345: Argument of type '{ maxParticles: number; }' is not assignable to parameter of type 'undefined'.
src/__tests__/engine/particles/GPUParticleSystem.property.test.ts(331,41): error TS2345: Argument of type '{ maxParticles: number; }' is not assignable to parameter of type 'undefined'.
src/__tests__/engine/particles/GPUParticleSystem.property.test.ts(354,41): error TS2345: Argument of type '{ maxParticles: number; }' is not assignable to parameter of type 'undefined'.
src/__tests__/engine/particles/GPUParticleSystem.property.test.ts(376,41): error TS2345: Argument of type '{ maxParticles: number; }' is not assignable to parameter of type 'undefined'.
src/__tests__/engine/particles/GPUParticleSystem.property.test.ts(402,41): error TS2345: Argument of type '{ maxParticles: number; }' is not assignable to parameter of type 'undefined'.
src/__tests__/engine/particles/GPUParticleSystem.property.test.ts(432,42): error TS2345: Argument of type '{ randomSeed: number; maxParticles: number; }' is not assignable to parameter of type 'undefined'.
src/__tests__/engine/particles/GPUParticleSystem.property.test.ts(433,42): error TS2345: Argument of type '{ randomSeed: number; maxParticles: number; }' is not assignable to parameter of type 'undefined'.
src/__tests__/engine/particles/GPUParticleSystem.property.test.ts(462,41): error TS2345: Argument of type '{ randomSeed: number; maxParticles: number; }' is not assignable to parameter of type 'undefined'.
src/__tests__/engine/particles/GPUParticleSystem.property.test.ts(494,42): error TS2345: Argument of type '{ randomSeed: number; maxParticles: number; }' is not assignable to parameter of type 'undefined'.
src/__tests__/engine/particles/GPUParticleSystem.property.test.ts(495,42): error TS2345: Argument of type '{ randomSeed: number; maxParticles: number; }' is not assignable to parameter of type 'undefined'.
src/__tests__/engine/particles/GPUParticleSystem.property.test.ts(500,13): error TS2551: Property 'positionVariance' does not exist on type 'EmitterConfig'. Did you mean 'rotationVariance'?
src/__tests__/engine/particles/GPUParticleSystem.property.test.ts(534,41): error TS2345: Argument of type '{ maxParticles: number; }' is not assignable to parameter of type 'undefined'.
src/__tests__/engine/particles/GPUParticleSystem.property.test.ts(556,41): error TS2345: Argument of type '{ maxParticles: number; }' is not assignable to parameter of type 'undefined'.
src/__tests__/engine/particles/GPUParticleSystem.property.test.ts(587,41): error TS2345: Argument of type '{ maxParticles: number; }' is not assignable to parameter of type 'undefined'.
src/__tests__/engine/particles/GPUParticleSystem.property.test.ts(613,41): error TS2345: Argument of type '{ maxParticles: number; }' is not assignable to parameter of type 'undefined'.
src/__tests__/engine/particles/GPUParticleSystem.property.test.ts(641,41): error TS2345: Argument of type '{ maxParticles: number; }' is not assignable to parameter of type 'undefined'.
src/__tests__/engine/particles/ParticleAudioReactive.property.test.ts(46,19): error TS2352: Conversion of type '{ id: string; enabled: true; position: { x: number; y: number; z: number; }; rotation: { x: number; y: number; z: number; }; scale: { x: number; y: number; z: number; }; emissionRate: number; lifetime: number; lifetimeVariance: number; ... 5 more ...; velocity: null; }' to type 'EmitterConfig & { accumulator: number; velocity: unknown; }' may be a mistake because neither type sufficiently overlaps with the other. If this was intentional, convert the expression to 'unknown' first.
  Type '{ id: string; enabled: true; position: { x: number; y: number; z: number; }; rotation: { x: number; y: number; z: number; }; scale: { x: number; y: number; z: number; }; emissionRate: number; lifetime: number; lifetimeVariance: number; ... 5 more ...; velocity: null; }' is missing the following properties from type 'EmitterConfig': name, emissionRateVariance, burstCount, burstInterval, and 15 more.
src/__tests__/engine/particles/ParticleAudioReactive.property.test.ts(67,9): error TS2741: Property 'name' is missing in type '{ id: string; type: "point"; enabled: true; position: { x: number; y: number; z: number; }; strength: number; falloffStart: number; falloffEnd: number; falloffType: "linear"; }' but required in type 'ForceFieldConfig'.
src/__tests__/engine/particles/ParticleAudioReactive.property.test.ts(85,7): error TS2322: Type 'Arbitrary<"bass" | "mid" | "spectralCentroid" | "rms" | "onsets" | "treble">' is not assignable to type 'Arbitrary<AudioFeature>'.
  Type '"bass" | "mid" | "spectralCentroid" | "rms" | "onsets" | "treble"' is not assignable to type 'AudioFeature'.
    Type '"treble"' is not assignable to type 'AudioFeature'.
src/__tests__/engine/particles/ParticleCollisionSystem.property.test.ts(69,7): error TS2322: Type 'Arbitrary<{ enabled: true; bounds: { min: { x: number; y: number; z: number; }; max: { x: number; y: number; z: number; }; }; boundsBehavior: "none" | "bounce" | "kill" | "wrap" | "stick" | "clamp"; bounceDamping: number; particleCollisions: boolean; particleRadius: number; collisionResponse: number; planes: { ...; ...' is not assignable to type 'Arbitrary<CollisionConfig>'.
  Type '{ enabled: true; bounds: { min: { x: number; y: number; z: number; }; max: { x: number; y: number; z: number; }; }; boundsBehavior: "none" | "bounce" | "kill" | "wrap" | "stick" | "clamp"; bounceDamping: number; particleCollisions: boolean; particleRadius: number; collisionResponse: number; planes: { ...; }[]; }' is missing the following properties from type 'CollisionConfig': particleCollision, bounciness, friction
src/__tests__/engine/particles/ParticleCollisionSystem.property.test.ts(217,33): error TS2554: Expected 1 arguments, but got 2.
src/__tests__/engine/particles/ParticleCollisionSystem.property.test.ts(261,13): error TS2353: Object literal may only specify known properties, and 'bounceDamping' does not exist in type 'CollisionConfig'.
src/__tests__/engine/particles/ParticleCollisionSystem.property.test.ts(277,33): error TS2554: Expected 1 arguments, but got 2.
src/__tests__/engine/particles/ParticleCollisionSystem.property.test.ts(329,13): error TS2353: Object literal may only specify known properties, and 'bounceDamping' does not exist in type 'CollisionConfig'.
src/__tests__/engine/particles/ParticleCollisionSystem.property.test.ts(345,33): error TS2554: Expected 1 arguments, but got 2.
src/__tests__/engine/particles/ParticleCollisionSystem.property.test.ts(396,13): error TS2353: Object literal may only specify known properties, and 'bounceDamping' does not exist in type 'CollisionConfig'.
src/__tests__/engine/particles/ParticleCollisionSystem.property.test.ts(412,33): error TS2554: Expected 1 arguments, but got 2.
src/__tests__/engine/particles/ParticleCollisionSystem.property.test.ts(446,13): error TS2353: Object literal may only specify known properties, and 'bounceDamping' does not exist in type 'CollisionConfig'.
src/__tests__/engine/particles/ParticleCollisionSystem.property.test.ts(460,33): error TS2554: Expected 1 arguments, but got 2.
src/__tests__/engine/particles/ParticleCollisionSystem.property.test.ts(496,13): error TS2353: Object literal may only specify known properties, and 'bounceDamping' does not exist in type 'CollisionConfig'.
src/__tests__/engine/particles/ParticleCollisionSystem.property.test.ts(518,35): error TS2554: Expected 1 arguments, but got 2.
src/__tests__/engine/particles/ParticleCollisionSystem.property.test.ts(547,7): error TS2353: Object literal may only specify known properties, and 'bounceDamping' does not exist in type 'CollisionConfig'.
src/__tests__/engine/particles/ParticleCollisionSystem.property.test.ts(564,31): error TS2554: Expected 1 arguments, but got 2.
src/__tests__/engine/particles/ParticleCollisionSystem.property.test.ts(602,9): error TS2741: Property 'id' is missing in type '{ enabled: true; point: { x: number; y: number; z: number; }; normal: { x: number; y: number; z: number; }; bounciness: number; friction: number; }' but required in type 'CollisionPlane'.
src/__tests__/engine/particles/ParticleCollisionSystem.property.test.ts(619,27): error TS2554: Expected 1 arguments, but got 2.
src/__tests__/engine/particles/ParticleCollisionSystem.property.test.ts(644,9): error TS2741: Property 'id' is missing in type '{ enabled: true; point: { x: number; y: number; z: number; }; normal: { x: number; y: number; z: number; }; bounciness: number; friction: number; }' but required in type 'CollisionPlane'.
src/__tests__/engine/particles/ParticleCollisionSystem.property.test.ts(673,33): error TS2554: Expected 1 arguments, but got 2.
src/__tests__/engine/particles/ParticleCollisionSystem.property.test.ts(709,13): error TS2353: Object literal may only specify known properties, and 'bounceDamping' does not exist in type 'CollisionConfig'.
src/__tests__/engine/particles/ParticleCollisionSystem.property.test.ts(726,33): error TS2554: Expected 1 arguments, but got 2.
src/__tests__/engine/particles/ParticleForceCalculator.property.test.ts(82,3): error TS2352: Conversion of type 'Arbitrary<{ vortexAxis: { x: number; y: number; z: number; } | undefined; inwardForce: number | undefined; noiseScale: number | undefined; noiseSpeed: number | undefined; linearDrag: number | undefined; ... 10 more ...; pathRadius: number | undefined; }>' to type 'Arbitrary<ForceFieldConfig>' may be a mistake because neither type sufficiently overlaps with the other. If this was intentional, convert the expression to 'unknown' first.
  Type '{ vortexAxis: { x: number; y: number; z: number; } | undefined; inwardForce: number | undefined; noiseScale: number | undefined; noiseSpeed: number | undefined; linearDrag: number | undefined; ... 10 more ...; pathRadius: number | undefined; }' is missing the following properties from type 'ForceFieldConfig': id, name, type, enabled, and 5 more.
src/__tests__/engine/particles/ParticleSubEmitter.property.test.ts(57,3): error TS2741: Property 'inheritPosition' is missing in type '{ id: string; trigger: "death"; parentEmitterId: string; triggerProbability: number; emitCount: number; emitCountVariance: number; inheritVelocity: number; inheritSize: number; inheritColor: number; inheritRotation: number; overrides: { ...; }; }' but required in type 'SubEmitterConfig'.
src/__tests__/engine/particles/ParticleSubEmitter.property.test.ts(126,7): error TS2322: Type 'Arbitrary<{ id: string; trigger: "death" | "collision" | "birth"; parentEmitterId: string; triggerProbability: number; emitCount: number; emitCountVariance: number; inheritVelocity: number; inheritSize: number; inheritColor: number; inheritRotation: number; overrides: { ...; }; }>' is not assignable to type 'Arbitrary<SubEmitterConfig>'.
  Property 'inheritPosition' is missing in type '{ id: string; trigger: "death" | "collision" | "birth"; parentEmitterId: string; triggerProbability: number; emitCount: number; emitCountVariance: number; inheritVelocity: number; inheritSize: number; inheritColor: number; inheritRotation: number; overrides: { ...; }; }' but required in type 'SubEmitterConfig'.
src/__tests__/export/cameraExport.test.ts(36,5): error TS2739: Type '{ enabled: false; focusDistance: number; aperture: number; blurLevel: number; }' is missing the following properties from type '{ enabled: boolean; focusDistance: number; aperture: number; fStop: number; blurLevel: number; lockToZoom: boolean; }': fStop, lockToZoom
src/__tests__/export/cameraExport.test.ts(48,5): error TS2353: Object literal may only specify known properties, and 'id' does not exist in type 'CameraKeyframe'.
src/__tests__/export/cameraExport.test.ts(193,7): error TS2739: Type '{ enabled: true; focusDistance: number; aperture: number; blurLevel: number; }' is missing the following properties from type '{ enabled: boolean; focusDistance: number; aperture: number; fStop: number; blurLevel: number; lockToZoom: boolean; }': fStop, lockToZoom
src/__tests__/export/cameraExportFormats.property.test.ts(64,7): error TS2322: Type 'Arbitrary<{ id: "test-camera"; name: "Test Camera"; type: "one-node"; position: { x: number; y: number; z: number; }; orientation: { x: number; y: number; z: number; }; focalLength: number; zoom: number; filmSize: 36; angleOfView: number; depthOfField: { ...; }; nearClip: 0.1; farClip: 10000; }>' is not assignable to type 'Arbitrary<Camera3D>'.
  Type '{ id: "test-camera"; name: "Test Camera"; type: "one-node"; position: { x: number; y: number; z: number; }; orientation: { x: number; y: number; z: number; }; focalLength: number; zoom: number; filmSize: 36; angleOfView: number; depthOfField: { ...; }; nearClip: 0.1; farClip: 10000; }' is missing the following properties from type 'Camera3D': pointOfInterest, xRotation, yRotation, zRotation, and 4 more.
src/__tests__/export/cameraExportFormats.property.test.ts(217,45): error TS2345: Argument of type '{ id: string; name: string; type: "one-node"; position: { x: number; y: number; z: number; }; orientation: { x: number; y: number; z: number; }; focalLength: number; zoom: number; filmSize: number; angleOfView: number; depthOfField: { ...; }; nearClip: number; farClip: number; }' is not assignable to parameter of type 'Camera3D'.
  Type '{ id: string; name: string; type: "one-node"; position: { x: number; y: number; z: number; }; orientation: { x: number; y: number; z: number; }; focalLength: number; zoom: number; filmSize: number; angleOfView: number; depthOfField: { ...; }; nearClip: number; farClip: number; }' is missing the following properties from type 'Camera3D': pointOfInterest, xRotation, yRotation, zRotation, and 4 more.
src/__tests__/export/cameraExportFormats.test.ts(47,5): error TS2739: Type '{ enabled: false; focusDistance: number; aperture: number; blurLevel: number; }' is missing the following properties from type '{ enabled: boolean; focusDistance: number; aperture: number; fStop: number; blurLevel: number; lockToZoom: boolean; }': fStop, lockToZoom
src/__tests__/export/cameraExportFormats.test.ts(64,5): error TS2353: Object literal may only specify known properties, and 'id' does not exist in type 'CameraKeyframe'.
src/__tests__/export/export-format-contracts.test.ts(68,5): error TS2322: Type '"perspective"' is not assignable to type 'CameraType'.
src/__tests__/export/export-format-contracts.test.ts(74,5): error TS2739: Type '{ enabled: false; focusDistance: number; aperture: number; blurLevel: number; }' is missing the following properties from type '{ enabled: boolean; focusDistance: number; aperture: number; fStop: number; blurLevel: number; lockToZoom: boolean; }': fStop, lockToZoom
src/__tests__/export/export-format-contracts.test.ts(88,7): error TS2353: Object literal may only specify known properties, and 'id' does not exist in type 'CameraKeyframe'.
src/__tests__/export/export-format-contracts.test.ts(97,7): error TS2353: Object literal may only specify known properties, and 'id' does not exist in type 'CameraKeyframe'.
src/__tests__/export/export-format-contracts.test.ts(106,7): error TS2353: Object literal may only specify known properties, and 'id' does not exist in type 'CameraKeyframe'.
src/__tests__/export/export-format-contracts.test.ts(443,11): error TS2353: Object literal may only specify known properties, and 'id' does not exist in type 'CameraKeyframe'.
src/__tests__/export/export-format-contracts.test.ts(444,11): error TS2353: Object literal may only specify known properties, and 'id' does not exist in type 'CameraKeyframe'.
src/__tests__/export/export-format-contracts.test.ts(454,11): error TS2353: Object literal may only specify known properties, and 'id' does not exist in type 'CameraKeyframe'.
src/__tests__/export/export-format-contracts.test.ts(455,11): error TS2353: Object literal may only specify known properties, and 'id' does not exist in type 'CameraKeyframe'.
src/__tests__/export/export-format-contracts.test.ts(465,11): error TS2353: Object literal may only specify known properties, and 'id' does not exist in type 'CameraKeyframe'.
src/__tests__/export/export-format-contracts.test.ts(466,11): error TS2353: Object literal may only specify known properties, and 'id' does not exist in type 'CameraKeyframe'.
src/__tests__/export/export-format-contracts.test.ts(494,11): error TS2353: Object literal may only specify known properties, and 'id' does not exist in type 'CameraKeyframe'.
src/__tests__/export/export-format-contracts.test.ts(495,11): error TS2353: Object literal may only specify known properties, and 'id' does not exist in type 'CameraKeyframe'.
src/__tests__/export/export-format-contracts.test.ts(506,11): error TS2353: Object literal may only specify known properties, and 'id' does not exist in type 'CameraKeyframe'.
src/__tests__/export/export-format-contracts.test.ts(507,11): error TS2353: Object literal may only specify known properties, and 'id' does not exist in type 'CameraKeyframe'.
src/__tests__/export/export-format-contracts.test.ts(538,11): error TS2353: Object literal may only specify known properties, and 'id' does not exist in type 'CameraKeyframe'.
src/__tests__/export/export-format-contracts.test.ts(539,11): error TS2353: Object literal may only specify known properties, and 'id' does not exist in type 'CameraKeyframe'.
src/__tests__/export/export-format-contracts.test.ts(540,11): error TS2353: Object literal may only specify known properties, and 'id' does not exist in type 'CameraKeyframe'.
src/__tests__/export/exportPipeline.test.ts(58,7): error TS2322: Type '"rendering"' is not assignable to type 'ExportStage'.
src/__tests__/export/exportPipeline.test.ts(72,7): error TS2322: Type '"rendering"' is not assignable to type 'ExportStage'.
src/__tests__/export/exportPipeline.test.ts(73,7): error TS2322: Type '"encoding"' is not assignable to type 'ExportStage'.
src/__tests__/export/exportPipeline.test.ts(150,7): error TS2322: Type '"controlnet-pose"' is not assignable to type 'ExportTarget'.
src/__tests__/export/exportPipeline.test.ts(151,7): error TS2820: Type '"wan22-camera"' is not assignable to type 'ExportTarget'. Did you mean '"wan22-fun-camera"'?
src/__tests__/export/exportPipeline.test.ts(152,7): error TS2820: Type '"wan22-move"' is not assignable to type 'ExportTarget'. Did you mean '"wan-move"'?
src/__tests__/export/exportPipeline.test.ts(154,7): error TS2820: Type '"animatediff-camera"' is not assignable to type 'ExportTarget'. Did you mean '"animatediff-cameractrl"'?
src/__tests__/export/exportPipeline.test.ts(155,7): error TS2322: Type '"custom"' is not assignable to type 'ExportTarget'.
src/__tests__/export/meshDeformExport.test.ts(709,24): error TS2349: This expression is not callable.
  Each member of the union type '{ (callbackfn: (previousValue: number, currentValue: number, currentIndex: number, array: Uint8Array<ArrayBufferLike>) => number): number; (callbackfn: (previousValue: number, currentValue: number, currentIndex: number, array: Uint8Array<...>) => number, initialValue: number): number; <U>(callbackfn: (previousValue:...' has signatures, but none of those signatures are compatible with each other.
src/__tests__/export/meshDeformExport.test.ts(709,32): error TS7006: Parameter 'a' implicitly has an 'any' type.
src/__tests__/export/meshDeformExport.test.ts(709,35): error TS7006: Parameter 'b' implicitly has an 'any' type.
src/__tests__/export/modelExport.test.ts(24,3): error TS2300: Duplicate identifier 'extractLayerTrajectory'.
src/__tests__/export/modelExport.test.ts(56,5): error TS2739: Type '{ enabled: false; focusDistance: number; aperture: number; blurLevel: number; }' is missing the following properties from type '{ enabled: boolean; focusDistance: number; aperture: number; fStop: number; blurLevel: number; lockToZoom: boolean; }': fStop, lockToZoom
src/__tests__/export/modelExport.test.ts(400,42): error TS2345: Argument of type '{ layerId: string; points: { x: number; y: number; frame: number; }[]; }' is not assignable to parameter of type 'PointTrajectory'.
  Type '{ layerId: string; points: { x: number; y: number; frame: number; }[]; }' is missing the following properties from type 'PointTrajectory': id, visibility
src/__tests__/export/modelExport.test.ts(411,42): error TS2345: Argument of type '{ layerId: string; points: { x: number; y: number; frame: number; }[]; }' is not assignable to parameter of type 'PointTrajectory'.
  Type '{ layerId: string; points: { x: number; y: number; frame: number; }[]; }' is missing the following properties from type 'PointTrajectory': id, visibility
src/__tests__/export/modelExport.test.ts(421,42): error TS2345: Argument of type '{ layerId: string; points: { x: number; y: number; frame: number; }[]; }' is not assignable to parameter of type 'PointTrajectory'.
  Type '{ layerId: string; points: { x: number; y: number; frame: number; }[]; }' is missing the following properties from type 'PointTrajectory': id, visibility
src/__tests__/export/modelExport.test.ts(431,42): error TS2345: Argument of type '{ layerId: string; points: { x: number; y: number; frame: number; }[]; }' is not assignable to parameter of type 'PointTrajectory'.
  Type '{ layerId: string; points: { x: number; y: number; frame: number; }[]; }' is missing the following properties from type 'PointTrajectory': id, visibility
src/__tests__/export/modelExport.test.ts(441,42): error TS2345: Argument of type '{ layerId: string; points: { x: number; y: number; frame: number; }[]; }' is not assignable to parameter of type 'PointTrajectory'.
  Type '{ layerId: string; points: { x: number; y: number; frame: number; }[]; }' is missing the following properties from type 'PointTrajectory': id, visibility
src/__tests__/export/modelExport.test.ts(689,41): error TS2345: Argument of type '{ layerId: string; points: { x: number; y: number; frame: number; }[]; }' is not assignable to parameter of type 'PointTrajectory'.
  Type '{ layerId: string; points: { x: number; y: number; frame: number; }[]; }' is missing the following properties from type 'PointTrajectory': id, visibility
src/__tests__/export/modelExport.test.ts(690,41): error TS2345: Argument of type '{ layerId: string; points: { x: number; y: number; frame: number; }[]; }' is not assignable to parameter of type 'PointTrajectory'.
  Type '{ layerId: string; points: { x: number; y: number; frame: number; }[]; }' is missing the following properties from type 'PointTrajectory': id, visibility
src/__tests__/export/modelExport.test.ts(806,46): error TS2345: Argument of type '{ id: string; type: "bezier"; closed: boolean; animated: boolean; controlPoints: { id: string; x: number; y: number; handleIn: { x: number; y: number; }; handleOut: { x: number; y: number; }; }[]; }' is not assignable to parameter of type 'SplineData'.
  Type '{ id: string; type: "bezier"; closed: boolean; animated: boolean; controlPoints: { id: string; x: number; y: number; handleIn: { x: number; y: number; }; handleOut: { x: number; y: number; }; }[]; }' is missing the following properties from type 'SplineData': pathData, stroke, strokeWidth, fill
src/__tests__/export/modelExport.test.ts(854,46): error TS2345: Argument of type '{ id: string; type: "bezier"; closed: boolean; animated: boolean; controlPoints: never[]; animatedControlPoints: { id: string; x: { id: string; name: string; type: "number"; value: number; animated: boolean; keyframes: { ...; }[]; }; y: { ...; }; handleIn: { ...; }; handleOut: { ...; }; }[]; }' is not assignable to parameter of type 'SplineData'.
  Type '{ id: string; type: "bezier"; closed: boolean; animated: boolean; controlPoints: never[]; animatedControlPoints: { id: string; x: { id: string; name: string; type: "number"; value: number; animated: boolean; keyframes: { ...; }[]; }; y: { ...; }; handleIn: { ...; }; handleOut: { ...; }; }[]; }' is missing the following properties from type 'SplineData': pathData, stroke, strokeWidth, fill
src/__tests__/export/modelExport.test.ts(953,10): error TS2300: Duplicate identifier 'extractLayerTrajectory'.
src/__tests__/export/modelExport.test.ts(1093,41): error TS2345: Argument of type '{ target: "camera-comfyui"; layers: never[]; cameras: { id: string; name: string; type: "one-node"; position: { x: number; y: number; z: number; }; orientation: { x: number; y: number; z: number; }; xRotation: number; ... 6 more ...; keyframes: never[]; }[]; ... 4 more ...; endFrame: number; }' is not assignable to parameter of type 'UnifiedExportOptions'.
  Type '{ target: "camera-comfyui"; layers: never[]; cameras: { id: string; name: string; type: "one-node"; position: { x: number; y: number; z: number; }; orientation: { x: number; y: number; z: number; }; xRotation: number; ... 6 more ...; keyframes: never[]; }[]; ... 4 more ...; endFrame: number; }' is missing the following properties from type 'UnifiedExportOptions': getPositionAtFrame, getLayerBounds
src/__tests__/export/modelExport.test.ts(1155,43): error TS2345: Argument of type '{ target: any; layers: never[]; cameras: never[]; compWidth: number; compHeight: number; fps: number; startFrame: number; endFrame: number; }' is not assignable to parameter of type 'UnifiedExportOptions'.
  Type '{ target: any; layers: never[]; cameras: never[]; compWidth: number; compHeight: number; fps: number; startFrame: number; endFrame: number; }' is missing the following properties from type 'UnifiedExportOptions': getPositionAtFrame, getLayerBounds
src/__tests__/export/poseExport.property.test.ts(72,3): error TS2322: Type 'Arbitrary<{ width: number; height: number; startFrame: number; endFrame: number; boneWidth: number; keypointRadius: number; showKeypoints: boolean; showBones: boolean; useOpenPoseColors: boolean; customColor: unknown; backgroundColor: unknown; outputFormat: "both" | ... 1 more ... | "images"; }>' is not assignable to type 'Arbitrary<PoseExportConfig>'.
  Type '{ width: number; height: number; startFrame: number; endFrame: number; boneWidth: number; keypointRadius: number; showKeypoints: boolean; showBones: boolean; useOpenPoseColors: boolean; customColor: unknown; backgroundColor: unknown; outputFormat: "both" | ... 1 more ... | "images"; }' is not assignable to type 'PoseExportConfig'.
    Types of property 'customColor' are incompatible.
      Type 'unknown' is not assignable to type 'string | undefined'.
src/__tests__/export/poseExport.property.test.ts(82,21): error TS2339: Property 'hexaString' does not exist on type 'typeof import("C:/Users/justi/Desktop/ComfyUI-Lattice-Compositor/ui/node_modules/fast-check/lib/types/fast-check")'.
src/__tests__/export/poseExport.property.test.ts(82,68): error TS7006: Parameter 's' implicitly has an 'any' type.
src/__tests__/export/poseExport.property.test.ts(83,25): error TS2339: Property 'hexaString' does not exist on type 'typeof import("C:/Users/justi/Desktop/ComfyUI-Lattice-Compositor/ui/node_modules/fast-check/lib/types/fast-check")'.
src/__tests__/export/poseExport.property.test.ts(83,72): error TS7006: Parameter 's' implicitly has an 'any' type.
src/__tests__/export/svgExport.property.test.ts(28,7): error TS2322: Type 'Arbitrary<{ x: number; y: number; handleIn: { x: number; y: number; } | undefined; handleOut: { x: number; y: number; } | undefined; }>' is not assignable to type 'Arbitrary<ControlPoint>'.
  Type '{ x: number; y: number; handleIn: { x: number; y: number; } | undefined; handleOut: { x: number; y: number; } | undefined; }' is missing the following properties from type 'ControlPoint': id, type
src/__tests__/export/svgExport.property.test.ts(142,7): error TS2739: Type '{ x: number; y: number; }' is missing the following properties from type 'ControlPoint': id, handleIn, handleOut, type
src/__tests__/export/svgExport.property.test.ts(143,7): error TS2739: Type '{ x: number; y: number; }' is missing the following properties from type 'ControlPoint': id, handleIn, handleOut, type
src/__tests__/export/svgExport.property.test.ts(156,11): error TS2739: Type '{ x: number; y: number; }' is missing the following properties from type 'ControlPoint': id, handleIn, handleOut, type
src/__tests__/export/svgExport.property.test.ts(163,7): error TS2739: Type '{ x: number; y: number; }' is missing the following properties from type 'ControlPoint': id, handleIn, handleOut, type
src/__tests__/export/svgExport.property.test.ts(164,7): error TS2739: Type '{ x: number; y: number; }' is missing the following properties from type 'ControlPoint': id, handleIn, handleOut, type
src/__tests__/export/svgExport.property.test.ts(173,7): error TS2739: Type '{ x: number; y: number; handleOut: { x: number; y: number; }; }' is missing the following properties from type 'ControlPoint': id, handleIn, type
src/__tests__/export/svgExport.property.test.ts(174,7): error TS2739: Type '{ x: number; y: number; handleIn: { x: number; y: number; }; }' is missing the following properties from type 'ControlPoint': id, handleOut, type
src/__tests__/export/svgExport.property.test.ts(229,39): error TS2739: Type '{ x: number; y: number; }' is missing the following properties from type 'ControlPoint': id, handleIn, handleOut, type
src/__tests__/export/svgExport.property.test.ts(229,55): error TS2739: Type '{ x: number; y: number; }' is missing the following properties from type 'ControlPoint': id, handleIn, handleOut, type
src/__tests__/export/svgExport.property.test.ts(230,39): error TS2739: Type '{ x: number; y: number; }' is missing the following properties from type 'ControlPoint': id, handleIn, handleOut, type
src/__tests__/export/svgExport.property.test.ts(230,57): error TS2739: Type '{ x: number; y: number; }' is missing the following properties from type 'ControlPoint': id, handleIn, handleOut, type
src/__tests__/export/svgExport.property.test.ts(242,38): error TS2739: Type '{ x: number; y: number; }' is missing the following properties from type 'ControlPoint': id, handleIn, handleOut, type
src/__tests__/export/svgExport.property.test.ts(242,54): error TS2739: Type '{ x: number; y: number; }' is missing the following properties from type 'ControlPoint': id, handleIn, handleOut, type
src/__tests__/export/svgExport.property.test.ts(252,38): error TS2739: Type '{ x: number; y: number; }' is missing the following properties from type 'ControlPoint': id, handleIn, handleOut, type
src/__tests__/export/svgExport.property.test.ts(252,54): error TS2739: Type '{ x: number; y: number; }' is missing the following properties from type 'ControlPoint': id, handleIn, handleOut, type
src/__tests__/export/svgExport.property.test.ts(262,38): error TS2739: Type '{ x: number; y: number; }' is missing the following properties from type 'ControlPoint': id, handleIn, handleOut, type
src/__tests__/export/svgExport.property.test.ts(262,54): error TS2739: Type '{ x: number; y: number; }' is missing the following properties from type 'ControlPoint': id, handleIn, handleOut, type
src/__tests__/export/svgExport.property.test.ts(272,38): error TS2739: Type '{ x: number; y: number; }' is missing the following properties from type 'ControlPoint': id, handleIn, handleOut, type
src/__tests__/export/svgExport.property.test.ts(272,54): error TS2739: Type '{ x: number; y: number; }' is missing the following properties from type 'ControlPoint': id, handleIn, handleOut, type
src/__tests__/export/svgExport.property.test.ts(288,38): error TS2739: Type '{ x: number; y: number; }' is missing the following properties from type 'ControlPoint': id, handleIn, handleOut, type
src/__tests__/export/svgExport.property.test.ts(288,54): error TS2739: Type '{ x: number; y: number; }' is missing the following properties from type 'ControlPoint': id, handleIn, handleOut, type
src/__tests__/export/svgExport.property.test.ts(304,39): error TS2739: Type '{ x: number; y: number; }' is missing the following properties from type 'ControlPoint': id, handleIn, handleOut, type
src/__tests__/export/svgExport.property.test.ts(304,55): error TS2739: Type '{ x: number; y: number; }' is missing the following properties from type 'ControlPoint': id, handleIn, handleOut, type
src/__tests__/export/svgExport.property.test.ts(305,39): error TS2739: Type '{ x: number; y: number; }' is missing the following properties from type 'ControlPoint': id, handleIn, handleOut, type
src/__tests__/export/svgExport.property.test.ts(305,57): error TS2739: Type '{ x: number; y: number; }' is missing the following properties from type 'ControlPoint': id, handleIn, handleOut, type
src/__tests__/export/svgExport.property.test.ts(315,38): error TS2739: Type '{ x: number; y: number; }' is missing the following properties from type 'ControlPoint': id, handleIn, handleOut, type
src/__tests__/export/svgExport.property.test.ts(315,54): error TS2739: Type '{ x: number; y: number; }' is missing the following properties from type 'ControlPoint': id, handleIn, handleOut, type
src/__tests__/export/svgExport.property.test.ts(323,38): error TS2739: Type '{ x: number; y: number; }' is missing the following properties from type 'ControlPoint': id, handleIn, handleOut, type
src/__tests__/export/svgExport.property.test.ts(323,54): error TS2739: Type '{ x: number; y: number; }' is missing the following properties from type 'ControlPoint': id, handleIn, handleOut, type
src/__tests__/export/svgExport.property.test.ts(338,44): error TS2739: Type '{ x: number; y: number; }' is missing the following properties from type 'ControlPoint': id, handleIn, handleOut, type
src/__tests__/export/svgExport.property.test.ts(338,60): error TS2739: Type '{ x: number; y: number; }' is missing the following properties from type 'ControlPoint': id, handleIn, handleOut, type
src/__tests__/export/svgExport.property.test.ts(356,7): error TS2739: Type '{ x: number; y: number; }' is missing the following properties from type 'ControlPoint': id, handleIn, handleOut, type
src/__tests__/export/svgExport.property.test.ts(357,7): error TS2739: Type '{ x: number; y: number; }' is missing the following properties from type 'ControlPoint': id, handleIn, handleOut, type
src/__tests__/export/svgExport.property.test.ts(366,7): error TS2739: Type '{ x: number; y: number; }' is missing the following properties from type 'ControlPoint': id, handleIn, handleOut, type
src/__tests__/export/svgExport.property.test.ts(367,7): error TS2739: Type '{ x: number; y: number; }' is missing the following properties from type 'ControlPoint': id, handleIn, handleOut, type
src/__tests__/export/svgExport.property.test.ts(376,7): error TS2739: Type '{ x: number; y: number; }' is missing the following properties from type 'ControlPoint': id, handleIn, handleOut, type
src/__tests__/export/svgExport.property.test.ts(377,7): error TS2739: Type '{ x: number; y: number; }' is missing the following properties from type 'ControlPoint': id, handleIn, handleOut, type
src/__tests__/export/svgExport.property.test.ts(385,38): error TS2739: Type '{ x: number; y: number; }' is missing the following properties from type 'ControlPoint': id, handleIn, handleOut, type
src/__tests__/export/svgExport.property.test.ts(385,54): error TS2739: Type '{ x: number; y: number; }' is missing the following properties from type 'ControlPoint': id, handleIn, handleOut, type
src/__tests__/export/vaceControlExport.property.test.ts(18,8): error TS2614: Module '"@/services/export/vaceControlExport"' has no exported member 'SplineControlPoint'. Did you mean to use 'import SplineControlPoint from "@/services/export/vaceControlExport"' instead?
src/__tests__/export/vaceControlExport.property.test.ts(119,48): error TS2322: Type '{ x: number; y: number; }' is not assignable to type 'SplineControlPoint'.
  Type '{ x: number; y: number; }' is missing the following properties from type 'ControlPoint': id, handleIn, handleOut, type
src/__tests__/export/vaceControlExport.property.test.ts(119,64): error TS2322: Type '{ x: number; y: number; }' is not assignable to type 'SplineControlPoint'.
  Type '{ x: number; y: number; }' is missing the following properties from type 'ControlPoint': id, handleIn, handleOut, type
src/__tests__/export/vaceControlExport.property.test.ts(177,54): error TS2322: Type '{ x: number; y: number; }' is not assignable to type 'SplineControlPoint'.
  Type '{ x: number; y: number; }' is missing the following properties from type 'ControlPoint': id, handleIn, handleOut, type
src/__tests__/export/vaceControlExport.property.test.ts(177,70): error TS2322: Type '{ x: number; y: number; }' is not assignable to type 'SplineControlPoint'.
  Type '{ x: number; y: number; }' is missing the following properties from type 'ControlPoint': id, handleIn, handleOut, type
src/__tests__/export/vaceControlExport.property.test.ts(228,32): error TS2322: Type '{ x: number; y: number; }' is not assignable to type 'SplineControlPoint'.
  Type '{ x: number; y: number; }' is missing the following properties from type 'ControlPoint': id, handleIn, handleOut, type
src/__tests__/export/vaceControlExport.property.test.ts(228,48): error TS2322: Type '{ x: number; y: number; }' is not assignable to type 'SplineControlPoint'.
  Type '{ x: number; y: number; }' is missing the following properties from type 'ControlPoint': id, handleIn, handleOut, type
src/__tests__/export/vaceControlExport.property.test.ts(229,32): error TS2322: Type '{ x: number; y: number; }' is not assignable to type 'SplineControlPoint'.
  Type '{ x: number; y: number; }' is missing the following properties from type 'ControlPoint': id, handleIn, handleOut, type
src/__tests__/export/vaceControlExport.property.test.ts(229,50): error TS2322: Type '{ x: number; y: number; }' is not assignable to type 'SplineControlPoint'.
  Type '{ x: number; y: number; }' is missing the following properties from type 'ControlPoint': id, handleIn, handleOut, type
src/__tests__/export/vaceControlExport.property.test.ts(437,8): error TS2322: Type '{ x: number; y: number; }' is not assignable to type 'SplineControlPoint'.
  Type '{ x: number; y: number; }' is missing the following properties from type 'ControlPoint': id, handleIn, handleOut, type
src/__tests__/export/vaceControlExport.property.test.ts(437,24): error TS2322: Type '{ x: number; y: number; }' is not assignable to type 'SplineControlPoint'.
  Type '{ x: number; y: number; }' is missing the following properties from type 'ControlPoint': id, handleIn, handleOut, type
src/__tests__/export/vaceControlExport.property.test.ts(458,14): error TS2322: Type '{ x: number; y: number; }' is not assignable to type 'SplineControlPoint'.
  Type '{ x: number; y: number; }' is missing the following properties from type 'ControlPoint': id, handleIn, handleOut, type
src/__tests__/export/vaceControlExport.property.test.ts(458,30): error TS2322: Type '{ x: number; y: number; }' is not assignable to type 'SplineControlPoint'.
  Type '{ x: number; y: number; }' is missing the following properties from type 'ControlPoint': id, handleIn, handleOut, type
src/__tests__/export/vaceControlExport.test.ts(27,9): error TS2322: Type '{ x: number; y: number; }' is not assignable to type 'SplineControlPoint'.
  Type '{ x: number; y: number; }' is missing the following properties from type 'ControlPoint': id, handleIn, handleOut, type
src/__tests__/export/vaceControlExport.test.ts(28,9): error TS2322: Type '{ x: number; y: number; }' is not assignable to type 'SplineControlPoint'.
  Type '{ x: number; y: number; }' is missing the following properties from type 'ControlPoint': id, handleIn, handleOut, type
src/__tests__/export/vaceControlExport.test.ts(40,9): error TS2322: Type '{ x: number; y: number; }' is not assignable to type 'SplineControlPoint'.
  Type '{ x: number; y: number; }' is missing the following properties from type 'ControlPoint': id, handleIn, handleOut, type
src/__tests__/export/vaceControlExport.test.ts(41,9): error TS2322: Type '{ x: number; y: number; }' is not assignable to type 'SplineControlPoint'.
  Type '{ x: number; y: number; }' is missing the following properties from type 'ControlPoint': id, handleIn, handleOut, type
src/__tests__/export/vaceControlExport.test.ts(59,20): error TS2339: Property 'pathLength' does not exist on type 'PathFollowerState'.
src/__tests__/export/vaceControlExport.test.ts(63,50): error TS2322: Type '{ x: number; y: number; }' is not assignable to type 'SplineControlPoint'.
  Type '{ x: number; y: number; }' is missing the following properties from type 'ControlPoint': id, handleIn, handleOut, type
src/__tests__/export/vaceControlExport.test.ts(74,9): error TS2322: Type '{ x: number; y: number; }' is not assignable to type 'SplineControlPoint'.
  Type '{ x: number; y: number; }' is missing the following properties from type 'ControlPoint': id, handleIn, handleOut, type
src/__tests__/export/vaceControlExport.test.ts(75,9): error TS2322: Type '{ x: number; y: number; }' is not assignable to type 'SplineControlPoint'.
  Type '{ x: number; y: number; }' is missing the following properties from type 'ControlPoint': id, handleIn, handleOut, type
src/__tests__/export/vaceControlExport.test.ts(86,9): error TS2322: Type '{ x: number; y: number; }' is not assignable to type 'SplineControlPoint'.
  Type '{ x: number; y: number; }' is missing the following properties from type 'ControlPoint': id, handleIn, handleOut, type
src/__tests__/export/vaceControlExport.test.ts(87,9): error TS2322: Type '{ x: number; y: number; }' is not assignable to type 'SplineControlPoint'.
  Type '{ x: number; y: number; }' is missing the following properties from type 'ControlPoint': id, handleIn, handleOut, type
src/__tests__/export/vaceControlExport.test.ts(98,9): error TS2322: Type '{ x: number; y: number; }' is not assignable to type 'SplineControlPoint'.
  Type '{ x: number; y: number; }' is missing the following properties from type 'ControlPoint': id, handleIn, handleOut, type
src/__tests__/export/vaceControlExport.test.ts(99,9): error TS2322: Type '{ x: number; y: number; }' is not assignable to type 'SplineControlPoint'.
  Type '{ x: number; y: number; }' is missing the following properties from type 'ControlPoint': id, handleIn, handleOut, type
src/__tests__/export/vaceControlExport.test.ts(110,9): error TS2322: Type '{ x: number; y: number; }' is not assignable to type 'SplineControlPoint'.
  Type '{ x: number; y: number; }' is missing the following properties from type 'ControlPoint': id, handleIn, handleOut, type
src/__tests__/export/vaceControlExport.test.ts(111,9): error TS2322: Type '{ x: number; y: number; }' is not assignable to type 'SplineControlPoint'.
  Type '{ x: number; y: number; }' is missing the following properties from type 'ControlPoint': id, handleIn, handleOut, type
src/__tests__/export/vaceControlExport.test.ts(129,9): error TS2322: Type '{ x: number; y: number; }' is not assignable to type 'SplineControlPoint'.
  Type '{ x: number; y: number; }' is missing the following properties from type 'ControlPoint': id, handleIn, handleOut, type
src/__tests__/export/vaceControlExport.test.ts(130,9): error TS2322: Type '{ x: number; y: number; }' is not assignable to type 'SplineControlPoint'.
  Type '{ x: number; y: number; }' is missing the following properties from type 'ControlPoint': id, handleIn, handleOut, type
src/__tests__/export/vaceControlExport.test.ts(149,9): error TS2322: Type '{ x: number; y: number; }' is not assignable to type 'SplineControlPoint'.
  Type '{ x: number; y: number; }' is missing the following properties from type 'ControlPoint': id, handleIn, handleOut, type
src/__tests__/export/vaceControlExport.test.ts(150,9): error TS2322: Type '{ x: number; y: number; }' is not assignable to type 'SplineControlPoint'.
  Type '{ x: number; y: number; }' is missing the following properties from type 'ControlPoint': id, handleIn, handleOut, type
src/__tests__/export/vaceControlExport.test.ts(214,57): error TS2345: Argument of type '{ x: number; y: number; handleIn: { x: number; y: number; }; handleOut: { x: number; y: number; }; }[]' is not assignable to parameter of type 'SplineControlPoint[]'.
  Type '{ x: number; y: number; handleIn: { x: number; y: number; }; handleOut: { x: number; y: number; }; }' is not assignable to type 'SplineControlPoint'.
    Type '{ x: number; y: number; handleIn: { x: number; y: number; }; handleOut: { x: number; y: number; }; }' is missing the following properties from type 'ControlPoint': id, type
src/__tests__/export/vaceControlExport.test.ts(229,57): error TS2345: Argument of type '{ x: number; y: number; handleIn: { x: number; y: number; }; handleOut: { x: number; y: number; }; }[]' is not assignable to parameter of type 'SplineControlPoint[]'.
  Type '{ x: number; y: number; handleIn: { x: number; y: number; }; handleOut: { x: number; y: number; }; }' is not assignable to type 'SplineControlPoint'.
    Type '{ x: number; y: number; handleIn: { x: number; y: number; }; handleOut: { x: number; y: number; }; }' is missing the following properties from type 'ControlPoint': id, type
src/__tests__/export/vaceControlExport.test.ts(240,57): error TS2345: Argument of type '{ x: number; y: number; }[]' is not assignable to parameter of type 'SplineControlPoint[]'.
  Type '{ x: number; y: number; }' is not assignable to type 'SplineControlPoint'.
    Type '{ x: number; y: number; }' is missing the following properties from type 'ControlPoint': id, handleIn, handleOut, type
src/__tests__/export/wanMoveExport.property.test.ts(585,7): error TS2353: Object literal may only specify known properties, and 'opacity' does not exist in type 'FlowLayer'.
src/__tests__/export/wanMoveExport.property.test.ts(590,7): error TS2353: Object literal may only specify known properties, and 'opacity' does not exist in type 'FlowLayer'.
src/__tests__/export/wanMoveExport.property.test.ts(604,7): error TS2353: Object literal may only specify known properties, and 'opacity' does not exist in type 'FlowLayer'.
src/__tests__/export/wanMoveExport.property.test.ts(609,7): error TS2353: Object literal may only specify known properties, and 'opacity' does not exist in type 'FlowLayer'.
src/__tests__/export/wanMoveExport.property.test.ts(626,7): error TS2353: Object literal may only specify known properties, and 'opacity' does not exist in type 'FlowLayer'.
src/__tests__/export/wanMoveExport.test.ts(174,7): error TS2353: Object literal may only specify known properties, and 'seed' does not exist in type 'DataDrivenFlowConfig'.
src/__tests__/export/wanMoveExport.test.ts(190,7): error TS2353: Object literal may only specify known properties, and 'seed' does not exist in type 'DataDrivenFlowConfig'.
src/__tests__/export/wanMoveExport.test.ts(194,47): error TS2339: Property 'layout' does not exist on type 'DataDrivenFlowConfig'.
src/__tests__/export/wanMoveExport.test.ts(197,66): error TS2353: Object literal may only specify known properties, and 'layout' does not exist in type 'DataDrivenFlowConfig'.
src/__tests__/export/wanMoveExport.test.ts(208,7): error TS2353: Object literal may only specify known properties, and 'seed' does not exist in type 'DataDrivenFlowConfig'.
src/__tests__/export/wanMoveExport.test.ts(217,7): error TS2353: Object literal may only specify known properties, and 'seed' does not exist in type 'DataDrivenFlowConfig'.
src/__tests__/export/wanMoveExport.test.ts(245,7): error TS2345: Argument of type '{ x: number; y: number; }[]' is not assignable to parameter of type 'ControlPoint[]'.
  Type '{ x: number; y: number; }' is missing the following properties from type 'ControlPoint': id, handleIn, handleOut, type
src/__tests__/export/wanMoveExport.test.ts(263,43): error TS2345: Argument of type '{ x: number; y: number; }[]' is not assignable to parameter of type 'ControlPoint[]'.
  Type '{ x: number; y: number; }' is missing the following properties from type 'ControlPoint': id, handleIn, handleOut, type
src/__tests__/export/wanMoveExport.test.ts(275,40): error TS2345: Argument of type '{ x: number; y: number; }[]' is not assignable to parameter of type 'ControlPoint[]'.
  Type '{ x: number; y: number; }' is missing the following properties from type 'ControlPoint': id, handleIn, handleOut, type
src/__tests__/export/wanMoveExport.test.ts(276,40): error TS2345: Argument of type '{ x: number; y: number; }[]' is not assignable to parameter of type 'ControlPoint[]'.
  Type '{ x: number; y: number; }' is missing the following properties from type 'ControlPoint': id, handleIn, handleOut, type
src/__tests__/export/wanMoveExport.test.ts(295,41): error TS2353: Object literal may only specify known properties, and 'type' does not exist in type 'ForcePoint'.
src/__tests__/export/wanMoveExport.test.ts(313,41): error TS2353: Object literal may only specify known properties, and 'type' does not exist in type 'ForcePoint'.
src/__tests__/export/wanMoveExport.test.ts(330,41): error TS2353: Object literal may only specify known properties, and 'type' does not exist in type 'ForcePoint'.
src/__tests__/export/wanMoveExport.test.ts(331,42): error TS2353: Object literal may only specify known properties, and 'type' does not exist in type 'ForcePoint'.
src/__tests__/export/wanMoveExport.test.ts(332,41): error TS2353: Object literal may only specify known properties, and 'type' does not exist in type 'ForcePoint'.
src/__tests__/export/wanMoveExport.test.ts(333,41): error TS2353: Object literal may only specify known properties, and 'type' does not exist in type 'ForcePoint'.
src/__tests__/export/wanMoveExport.test.ts(350,41): error TS2353: Object literal may only specify known properties, and 'type' does not exist in type 'ForcePoint'.
src/__tests__/export/wanMoveExport.test.ts(367,11): error TS2741: Property 'type' is missing in type '{ numFrames: number; width: number; height: number; numPoints: number; seed: number; }' but required in type 'AttractorConfig'.
src/__tests__/export/wanMoveExport.test.ts(382,11): error TS2741: Property 'type' is missing in type '{ numFrames: number; width: number; height: number; numPoints: number; seed: number; }' but required in type 'AttractorConfig'.
src/__tests__/export/wanMoveExport.test.ts(399,11): error TS2741: Property 'type' is missing in type '{ numFrames: number; width: number; height: number; numPoints: number; seed: number; }' but required in type 'AttractorConfig'.
src/__tests__/export/wanMoveExport.test.ts(416,11): error TS2741: Property 'type' is missing in type '{ numFrames: number; width: number; height: number; numPoints: number; seed: number; }' but required in type 'AttractorConfig'.
src/__tests__/export/wanMoveExport.test.ts(730,29): error TS2353: Object literal may only specify known properties, and 'opacity' does not exist in type 'FlowLayer'.
src/__tests__/export/wanMoveExport.test.ts(731,29): error TS2353: Object literal may only specify known properties, and 'opacity' does not exist in type 'FlowLayer'.
src/__tests__/export/wanMoveExport.test.ts(746,29): error TS2353: Object literal may only specify known properties, and 'opacity' does not exist in type 'FlowLayer'.
src/__tests__/export/wanMoveExport.test.ts(747,29): error TS2353: Object literal may only specify known properties, and 'opacity' does not exist in type 'FlowLayer'.
src/__tests__/export/wanMoveExport.test.ts(769,31): error TS2353: Object literal may only specify known properties, and 'opacity' does not exist in type 'FlowLayer'.
src/__tests__/export/wanMoveExport.test.ts(770,31): error TS2353: Object literal may only specify known properties, and 'opacity' does not exist in type 'FlowLayer'.
src/__tests__/integration/save-load-roundtrip.integration.test.ts(27,4): error TS2314: Generic type 'Keyframe<T>' requires 1 type argument(s).
src/__tests__/integration/save-load-roundtrip.integration.test.ts(41,14): error TS2314: Generic type 'Keyframe<T>' requires 1 type argument(s).
src/__tests__/integration/save-load-roundtrip.integration.test.ts(78,13): error TS2353: Object literal may only specify known properties, and 'type' does not exist in type 'ParticleData | ParticleLayerData | ShapeLayerData | SplineData | PathLayerData | TextData | ... 20 more ... | MatteLayerData'.
src/__tests__/integration/save-load-roundtrip.integration.test.ts(87,5): error TS2739: Type '{ width: number; height: number; fps: number; duration: number; backgroundColor: string; }' is missing the following properties from type 'CompositionSettings': frameCount, autoResizeToContent, frameBlendingEnabled
src/__tests__/integration/save-load-roundtrip.integration.test.ts(108,7): error TS2353: Object literal may only specify known properties, and 'version' does not exist in type 'ProjectMeta'.
src/__tests__/integration/save-load-roundtrip.integration.test.ts(130,21): error TS2339: Property 'id' does not exist on type 'LatticeProject'.
src/__tests__/integration/save-load-roundtrip.integration.test.ts(130,39): error TS2339: Property 'id' does not exist on type 'LatticeProject'.
src/__tests__/integration/save-load-roundtrip.integration.test.ts(158,26): error TS2339: Property 'version' does not exist on type 'ProjectMeta'.
src/__tests__/integration/save-load-roundtrip.integration.test.ts(196,7): error TS2353: Object literal may only specify known properties, and 'solo' does not exist in type 'Partial<Layer>'.
src/__tests__/integration/save-load-roundtrip.integration.test.ts(208,26): error TS2339: Property 'solo' does not exist on type 'Layer'.
src/__tests__/integration/save-load-roundtrip.integration.test.ts(321,15): error TS2353: Object literal may only specify known properties, and 'type' does not exist in type 'ParticleData | ParticleLayerData | ShapeLayerData | SplineData | PathLayerData | TextData | ... 20 more ... | MatteLayerData'.
src/__tests__/integration/save-load-roundtrip.integration.test.ts(328,12): error TS18047: 'restoredData' is possibly 'null'.
src/__tests__/integration/save-load-roundtrip.integration.test.ts(328,25): error TS2339: Property 'type' does not exist on type 'ParticleData | ParticleLayerData | ShapeLayerData | SplineData | PathLayerData | TextData | ... 20 more ... | MatteLayerData'.
  Property 'type' does not exist on type 'ParticleData'.
src/__tests__/integration/save-load-roundtrip.integration.test.ts(329,12): error TS18047: 'restoredData' is possibly 'null'.
src/__tests__/integration/save-load-roundtrip.integration.test.ts(329,25): error TS2339: Property 'color' does not exist on type 'ParticleData | ParticleLayerData | ShapeLayerData | SplineData | PathLayerData | TextData | ... 20 more ... | MatteLayerData'.
  Property 'color' does not exist on type 'ParticleData'.
src/__tests__/integration/save-load-roundtrip.integration.test.ts(336,9): error TS2353: Object literal may only specify known properties, and 'type' does not exist in type 'ParticleData | ParticleLayerData | ShapeLayerData | SplineData | PathLayerData | TextData | ... 20 more ... | MatteLayerData'.
src/__tests__/integration/save-load-roundtrip.integration.test.ts(348,12): error TS18047: 'restoredData' is possibly 'null'.
src/__tests__/integration/save-load-roundtrip.integration.test.ts(348,25): error TS2339: Property 'type' does not exist on type 'ParticleData | ParticleLayerData | ShapeLayerData | SplineData | PathLayerData | TextData | ... 20 more ... | MatteLayerData'.
  Property 'type' does not exist on type 'ParticleData'.
src/__tests__/integration/save-load-roundtrip.integration.test.ts(349,12): error TS18047: 'restoredData' is possibly 'null'.
src/__tests__/integration/save-load-roundtrip.integration.test.ts(349,25): error TS2339: Property 'text' does not exist on type 'ParticleData | ParticleLayerData | ShapeLayerData | SplineData | PathLayerData | TextData | ... 20 more ... | MatteLayerData'.
  Property 'text' does not exist on type 'ParticleData'.
src/__tests__/integration/save-load-roundtrip.integration.test.ts(350,12): error TS18047: 'restoredData' is possibly 'null'.
src/__tests__/integration/save-load-roundtrip.integration.test.ts(350,25): error TS2339: Property 'fontFamily' does not exist on type 'ParticleData | ParticleLayerData | ShapeLayerData | SplineData | PathLayerData | TextData | ... 20 more ... | MatteLayerData'.
  Property 'fontFamily' does not exist on type 'ParticleData'.
src/__tests__/integration/save-load-roundtrip.integration.test.ts(351,12): error TS18047: 'restoredData' is possibly 'null'.
src/__tests__/integration/save-load-roundtrip.integration.test.ts(351,25): error TS2339: Property 'fontSize' does not exist on type 'ParticleData | ParticleLayerData | ShapeLayerData | SplineData | PathLayerData | TextData | ... 20 more ... | MatteLayerData'.
  Property 'fontSize' does not exist on type 'ParticleData'.
src/__tests__/integration/save-load-roundtrip.integration.test.ts(358,9): error TS2353: Object literal may only specify known properties, and 'type' does not exist in type 'ParticleData | ParticleLayerData | ShapeLayerData | SplineData | PathLayerData | TextData | ... 20 more ... | MatteLayerData'.
src/__tests__/integration/save-load-roundtrip.integration.test.ts(372,12): error TS18047: 'restoredData' is possibly 'null'.
src/__tests__/integration/save-load-roundtrip.integration.test.ts(372,25): error TS2339: Property 'type' does not exist on type 'ParticleData | ParticleLayerData | ShapeLayerData | SplineData | PathLayerData | TextData | ... 20 more ... | MatteLayerData'.
  Property 'type' does not exist on type 'ParticleData'.
src/__tests__/integration/save-load-roundtrip.integration.test.ts(373,12): error TS18047: 'restoredData' is possibly 'null'.
src/__tests__/integration/save-load-roundtrip.integration.test.ts(373,25): error TS2339: Property 'depthOfField' does not exist on type 'ParticleData | ParticleLayerData | ShapeLayerData | SplineData | PathLayerData | TextData | ... 20 more ... | MatteLayerData'.
  Property 'depthOfField' does not exist on type 'ParticleData'.
src/__tests__/integration/save-load-roundtrip.integration.test.ts(374,12): error TS18047: 'restoredData' is possibly 'null'.
src/__tests__/integration/save-load-roundtrip.integration.test.ts(374,25): error TS2339: Property 'depthOfField' does not exist on type 'ParticleData | ParticleLayerData | ShapeLayerData | SplineData | PathLayerData | TextData | ... 20 more ... | MatteLayerData'.
  Property 'depthOfField' does not exist on type 'ParticleData'.
src/__tests__/integration/save-load-roundtrip.integration.test.ts(375,12): error TS18047: 'restoredData' is possibly 'null'.
src/__tests__/integration/save-load-roundtrip.integration.test.ts(375,25): error TS2339: Property 'depthOfField' does not exist on type 'ParticleData | ParticleLayerData | ShapeLayerData | SplineData | PathLayerData | TextData | ... 20 more ... | MatteLayerData'.
  Property 'depthOfField' does not exist on type 'ParticleData'.
src/__tests__/integration/save-load-roundtrip.integration.test.ts(461,15): error TS2353: Object literal may only specify known properties, and 'type' does not exist in type 'ParticleData | ParticleLayerData | ShapeLayerData | SplineData | PathLayerData | TextData | ... 20 more ... | MatteLayerData'.
src/__tests__/integration/save-load-roundtrip.integration.test.ts(469,12): error TS18047: 'restoredLayer.data' is possibly 'null'.
src/__tests__/integration/save-load-roundtrip.integration.test.ts(469,31): error TS2339: Property 'text' does not exist on type 'ParticleData | ParticleLayerData | ShapeLayerData | SplineData | PathLayerData | TextData | ... 20 more ... | MatteLayerData'.
  Property 'text' does not exist on type 'ParticleData'.
src/__tests__/integration/save-load-roundtrip.integration.test.ts(477,9): error TS2353: Object literal may only specify known properties, and 'type' does not exist in type 'ParticleData | ParticleLayerData | ShapeLayerData | SplineData | PathLayerData | TextData | ... 20 more ... | MatteLayerData'.
src/__tests__/integration/save-load-roundtrip.integration.test.ts(490,12): error TS18047: 'restoredLayer.data' is possibly 'null'.
src/__tests__/integration/save-load-roundtrip.integration.test.ts(490,31): error TS2339: Property 'text' does not exist on type 'ParticleData | ParticleLayerData | ShapeLayerData | SplineData | PathLayerData | TextData | ... 20 more ... | MatteLayerData'.
  Property 'text' does not exist on type 'ParticleData'.
src/__tests__/integration/store-engine-export.integration.test.ts(33,4): error TS2314: Generic type 'Keyframe<T>' requires 1 type argument(s).
src/__tests__/integration/store-engine-export.integration.test.ts(47,14): error TS2314: Generic type 'Keyframe<T>' requires 1 type argument(s).
src/__tests__/integration/store-engine-export.integration.test.ts(84,13): error TS2353: Object literal may only specify known properties, and 'type' does not exist in type 'ParticleData | ParticleLayerData | ShapeLayerData | SplineData | PathLayerData | TextData | ... 20 more ... | MatteLayerData'.
src/__tests__/integration/store-engine-export.integration.test.ts(93,5): error TS2739: Type '{ width: number; height: number; fps: number; duration: number; backgroundColor: string; }' is missing the following properties from type 'CompositionSettings': frameCount, autoResizeToContent, frameBlendingEnabled
src/__tests__/integration/store-engine-export.integration.test.ts(113,7): error TS2353: Object literal may only specify known properties, and 'version' does not exist in type 'ProjectMeta'.
src/__tests__/integration/store-engine-export.integration.test.ts(371,11): error TS2353: Object literal may only specify known properties, and 'type' does not exist in type 'ParticleData | ParticleLayerData | ShapeLayerData | SplineData | PathLayerData | TextData | ... 20 more ... | MatteLayerData'.
src/__tests__/integration/store-engine-export.integration.test.ts(475,11): error TS2322: Type '{ x: number; y: number; z?: number; }' is not assignable to type '{ x: number; y: number; z: number; }'.
  Types of property 'z' are incompatible.
    Type 'number | undefined' is not assignable to type 'number'.
      Type 'undefined' is not assignable to type 'number'.
src/__tests__/integration/store-engine.integration.test.ts(64,51): error TS18047: 'kf1' is possibly 'null'.
src/__tests__/integration/store-engine.integration.test.ts(85,13): error TS2339: Property 'deleteKeyframe' does not exist on type 'Store<"compositor", CompositorState, { activeComposition: (state: { project: { version: "1.0.0"; schemaVersion?: number | undefined; meta: { name: string; created: string; modified: string; author?: string | undefined; }; ... 8 more ...; exportSettings?: { ...; } | undefined; }; ... 49 more ...; selectedAssetId: str...'.
src/__tests__/integration/store-engine.integration.test.ts(85,49): error TS18047: 'kf1' is possibly 'null'.
src/__tests__/integration/store-engine.integration.test.ts(102,13): error TS2339: Property 'setLayerVisible' does not exist on type 'Store<"compositor", CompositorState, { activeComposition: (state: { project: { version: "1.0.0"; schemaVersion?: number | undefined; meta: { name: string; created: string; modified: string; author?: string | undefined; }; ... 8 more ...; exportSettings?: { ...; } | undefined; }; ... 49 more ...; selectedAssetId: str...'.
src/__tests__/performance/benchmarks.test.ts(71,3): error TS2322: Type 'AnimatableProperty<boolean>' is not assignable to type 'AnimatableProperty<number>'.
  Type 'boolean' is not assignable to type 'number'.
src/__tests__/performance/benchmarks.test.ts(71,35): error TS2345: Argument of type 'number' is not assignable to parameter of type 'string'.
src/__tests__/regression/actions/BUG-action-executor-undo-redo.regression.test.ts(35,11): error TS2741: Property 'id' is missing in type '{ name: string; arguments: { type: string; name: string; }; }' but required in type 'ToolCall'.
src/__tests__/regression/actions/BUG-action-executor-undo-redo.regression.test.ts(72,11): error TS2741: Property 'id' is missing in type '{ name: string; arguments: { layerId: string; }; }' but required in type 'ToolCall'.
src/__tests__/regression/actions/BUG-action-executor-undo-redo.regression.test.ts(102,11): error TS2741: Property 'id' is missing in type '{ name: string; arguments: { layerId: string; propertyPath: string; value: number; }; }' but required in type 'ToolCall'.
src/__tests__/regression/actions/BUG-action-executor-undo-redo.regression.test.ts(136,11): error TS2741: Property 'id' is missing in type '{ name: string; arguments: { layerId: string; propertyPath: string; frame: number; value: number; }; }' but required in type 'ToolCall'.
src/__tests__/regression/actions/BUG-action-executor-undo-redo.regression.test.ts(168,27): error TS2345: Argument of type '{ name: string; arguments: { type: string; name: string; }; }' is not assignable to parameter of type 'ToolCall'.
  Property 'id' is missing in type '{ name: string; arguments: { type: string; name: string; }; }' but required in type 'ToolCall'.
src/__tests__/regression/actions/BUG-action-executor-undo-redo.regression.test.ts(173,27): error TS2345: Argument of type '{ name: string; arguments: { type: string; name: string; }; }' is not assignable to parameter of type 'ToolCall'.
  Property 'id' is missing in type '{ name: string; arguments: { type: string; name: string; }; }' but required in type 'ToolCall'.
src/__tests__/regression/actions/BUG-action-executor-undo-redo.regression.test.ts(178,27): error TS2345: Argument of type '{ name: string; arguments: { type: string; name: string; }; }' is not assignable to parameter of type 'ToolCall'.
  Property 'id' is missing in type '{ name: string; arguments: { type: string; name: string; }; }' but required in type 'ToolCall'.
src/__tests__/regression/actions/BUG-action-executor-undo-redo.regression.test.ts(184,18): error TS2339: Property 'history' does not exist on type 'Store<"compositor", CompositorState, { activeComposition: (state: { project: { version: "1.0.0"; schemaVersion?: number | undefined; meta: { name: string; created: string; modified: string; author?: string | undefined; }; ... 8 more ...; exportSettings?: { ...; } | undefined; }; ... 49 more ...; selectedAssetId: str...'.
src/__tests__/regression/actions/BUG-action-executor-undo-redo.regression.test.ts(207,11): error TS2741: Property 'id' is missing in type '{ name: string; arguments: { layerId: string; propertyPath: string; expressionType: string; params: { frequency: number; amplitude: number; }; }; }' but required in type 'ToolCall'.
src/__tests__/regression/actions/BUG-property-driver-remap-div0.regression.test.ts(60,42): error TS2345: Argument of type 'string' is not assignable to parameter of type 'PropertyDriver'.
src/__tests__/regression/actions/BUG-property-driver-remap-div0.regression.test.ts(96,44): error TS2345: Argument of type 'string' is not assignable to parameter of type 'PropertyDriver'.
src/__tests__/regression/actions/BUG-property-driver-remap-div0.regression.test.ts(123,34): error TS2345: Argument of type 'string' is not assignable to parameter of type 'PropertyDriver'.
src/__tests__/regression/actions/BUG-property-driver-remap-div0.regression.test.ts(124,34): error TS2345: Argument of type 'string' is not assignable to parameter of type 'PropertyDriver'.
src/__tests__/regression/actions/BUG-property-driver-remap-div0.regression.test.ts(125,34): error TS2345: Argument of type 'string' is not assignable to parameter of type 'PropertyDriver'.
src/__tests__/regression/actions/BUG-property-driver-remap-div0.regression.test.ts(150,44): error TS2345: Argument of type 'string' is not assignable to parameter of type 'PropertyDriver'.
src/__tests__/regression/camera/BUG-camera3d-double-divide.regression.test.ts(17,3): error TS2322: Type '{ id: string; name: string; type: CameraType; position: { x: number; y: number; z: number; }; pointOfInterest: { x: number; y: number; z: number; }; orientation: { x: number; y: number; z: number; }; ... 13 more ...; farClip: number; }' is not assignable to type 'Camera3D'.
  Types of property 'xRotation' are incompatible.
    Type 'number | undefined' is not assignable to type 'number'.
      Type 'undefined' is not assignable to type 'number'.
src/__tests__/regression/interpolation/BUG-interpolation-malformed-hex.regression.test.ts(25,7): error TS2322: Type '"string"' is not assignable to type '"number" | "position" | "color" | "enum" | "vector3"'.
src/__tests__/regression/interpolation/BUG-interpolation-malformed-hex.regression.test.ts(82,9): error TS2322: Type '"string"' is not assignable to type '"number" | "position" | "color" | "enum" | "vector3"'.
src/__tests__/regression/interpolation/BUG-interpolation-malformed-hex.regression.test.ts(121,7): error TS2322: Type '"string"' is not assignable to type '"number" | "position" | "color" | "enum" | "vector3"'.
src/__tests__/regression/interpolation/BUG-interpolation-rgba-alpha.regression.test.ts(25,7): error TS2322: Type '"string"' is not assignable to type '"number" | "position" | "color" | "enum" | "vector3"'.
src/__tests__/regression/interpolation/BUG-interpolation-rgba-alpha.regression.test.ts(70,7): error TS2322: Type '"string"' is not assignable to type '"number" | "position" | "color" | "enum" | "vector3"'.
src/__tests__/regression/interpolation/BUG-interpolation-rgba-alpha.regression.test.ts(108,7): error TS2322: Type '"string"' is not assignable to type '"number" | "position" | "color" | "enum" | "vector3"'.
src/__tests__/regression/interpolation/BUG-interpolation-rgba-alpha.regression.test.ts(143,7): error TS2322: Type '"string"' is not assignable to type '"number" | "position" | "color" | "enum" | "vector3"'.
src/__tests__/regression/interpolation/BUG-interpolation-short-hex.regression.test.ts(25,7): error TS2322: Type '"string"' is not assignable to type '"number" | "position" | "color" | "enum" | "vector3"'.
src/__tests__/regression/interpolation/BUG-interpolation-short-hex.regression.test.ts(78,9): error TS2322: Type '"string"' is not assignable to type '"number" | "position" | "color" | "enum" | "vector3"'.
src/__tests__/regression/interpolation/BUG-interpolation-short-hex.regression.test.ts(115,7): error TS2322: Type '"string"' is not assignable to type '"number" | "position" | "color" | "enum" | "vector3"'.
src/__tests__/regression/physics/BUG-depthflow-exponential-div0.regression.test.ts(12,10): error TS2614: Module '"@/services/depthflow"' has no exported member 'calculateMotion'. Did you mean to use 'import calculateMotion from "@/services/depthflow"' instead?
src/__tests__/regression/physics/BUG-effect-processor-silent-skip.regression.test.ts(40,11): error TS2739: Type '{ id: string; effectKey: string; name: string; enabled: true; parameters: {}; }' is missing the following properties from type 'EffectInstance': category, expanded
src/__tests__/regression/physics/BUG-effect-processor-silent-skip.regression.test.ts(63,11): error TS2739: Type '{ id: string; effectKey: string; name: string; enabled: true; parameters: {}; }' is missing the following properties from type 'EffectInstance': category, expanded
src/__tests__/regression/physics/BUG-effect-processor-silent-skip.regression.test.ts(93,7): error TS2739: Type '{ id: string; effectKey: string; name: string; enabled: true; parameters: {}; }' is missing the following properties from type 'EffectInstance': category, expanded
src/__tests__/regression/physics/BUG-effect-processor-silent-skip.regression.test.ts(100,7): error TS2739: Type '{ id: string; effectKey: string; name: string; enabled: true; parameters: {}; }' is missing the following properties from type 'EffectInstance': category, expanded
src/__tests__/regression/physics/BUG-effect-processor-silent-skip.regression.test.ts(120,11): error TS2739: Type '{ id: string; effectKey: string; name: string; enabled: false; parameters: {}; }' is missing the following properties from type 'EffectInstance': category, expanded
src/__tests__/regression/physics/BUG-physics-mass-div0.regression.test.ts(13,15): error TS2459: Module '"@/services/physics/PhysicsEngine"' declares 'RigidBodyConfig' locally, but it is not exported.
src/__tests__/regression/physics/BUG-physics-mass-div0.regression.test.ts(74,35): error TS2339: Property 'inverseMass' does not exist on type 'RigidBodyState'.
src/__tests__/regression/physics/BUG-physics-mass-div0.regression.test.ts(75,19): error TS2339: Property 'inverseMass' does not exist on type 'RigidBodyState'.
src/__tests__/regression/physics/BUG-physics-mass-div0.regression.test.ts(99,19): error TS2339: Property 'inverseMass' does not exist on type 'RigidBodyState'.
src/__tests__/regression/physics/BUG-physics-mass-div0.regression.test.ts(123,19): error TS2339: Property 'inverseMass' does not exist on type 'RigidBodyState'.
src/__tests__/regression/physics/BUG-physics-mass-div0.regression.test.ts(124,35): error TS2339: Property 'inverseMass' does not exist on type 'RigidBodyState'.
src/__tests__/regression/physics/BUG-physics-mass-div0.regression.test.ts(132,25): error TS2345: Argument of type '{ id: string; type: "dynamic"; position: { x: number; y: number; }; velocity: { x: number; y: number; }; mass: number; angle: number; angularVelocity: number; }' is not assignable to parameter of type 'RigidBodyConfig'.
  Type '{ id: string; type: "dynamic"; position: { x: number; y: number; }; velocity: { x: number; y: number; }; mass: number; angle: number; angularVelocity: number; }' is missing the following properties from type 'RigidBodyConfig': layerId, shape, material, filter, and 5 more.
src/__tests__/regression/physics/BUG-physics-mass-div0.regression.test.ts(142,25): error TS2345: Argument of type '{ id: string; type: "dynamic"; position: { x: number; y: number; }; velocity: { x: number; y: number; }; mass: number; angle: number; angularVelocity: number; }' is not assignable to parameter of type 'RigidBodyConfig'.
  Type '{ id: string; type: "dynamic"; position: { x: number; y: number; }; velocity: { x: number; y: number; }; mass: number; angle: number; angularVelocity: number; }' is missing the following properties from type 'RigidBodyConfig': layerId, shape, material, filter, and 5 more.
src/__tests__/regression/physics/BUG-physics-mass-div0.regression.test.ts(159,37): error TS2339: Property 'inverseMass' does not exist on type 'RigidBodyState'.
src/__tests__/regression/physics/BUG-physics-mass-div0.regression.test.ts(160,34): error TS2339: Property 'inverseMass' does not exist on type 'RigidBodyState'.
src/__tests__/services/audio.property.test.ts(19,8): error TS2614: Module '"@/services/audioFeatures"' has no exported member 'AudioFeature'. Did you mean to use 'import AudioFeature from "@/services/audioFeatures"' instead?
src/__tests__/services/effectProcessor.property.test.ts(27,31): error TS2305: Module '"@/types/effects"' has no exported member 'EffectParameterDefinition'.
src/__tests__/services/effectProcessor.property.test.ts(38,3): error TS2322: Type 'Arbitrary<{ name: string; value: number; keyframes: { frame: number; value: number; easing: "linear" | "easeIn" | "easeOut" | "easeInOut"; }[]; }>' is not assignable to type 'Arbitrary<AnimatableProperty<number>>'.
  Type '{ name: string; value: number; keyframes: { frame: number; value: number; easing: "linear" | "easeIn" | "easeOut" | "easeInOut"; }[]; }' is missing the following properties from type 'AnimatableProperty<number>': id, type, animated
src/__tests__/services/effectProcessor.property.test.ts(52,3): error TS2322: Type 'Arbitrary<{ name: string; value: "#ffffff" | "#000000" | "#00ff00" | "#ff0000" | "#0000ff"; keyframes: { frame: number; value: "#ffffff" | "#000000" | "#00ff00" | "#ff0000" | "#0000ff"; easing: "linear" | ... 2 more ... | "easeInOut"; }[]; }>' is not assignable to type 'Arbitrary<AnimatableProperty<string>>'.
  Type '{ name: string; value: "#ffffff" | "#000000" | "#00ff00" | "#ff0000" | "#0000ff"; keyframes: { frame: number; value: "#ffffff" | "#000000" | "#00ff00" | "#ff0000" | "#0000ff"; easing: "linear" | ... 2 more ... | "easeInOut"; }[]; }' is missing the following properties from type 'AnimatableProperty<string>': id, type, animated
src/__tests__/services/effectProcessor.property.test.ts(172,37): error TS2872: This kind of expression is always truthy.
src/__tests__/services/effectProcessor.property.test.ts(195,62): error TS2353: Object literal may only specify known properties, and 'easing' does not exist in type 'Keyframe<any>'.
src/__tests__/services/effectProcessor.property.test.ts(222,42): error TS2353: Object literal may only specify known properties, and 'easing' does not exist in type 'Keyframe<any>'.
src/__tests__/services/effectProcessor.property.test.ts(223,42): error TS2353: Object literal may only specify known properties, and 'easing' does not exist in type 'Keyframe<any>'.
src/__tests__/services/effectProcessor.property.test.ts(241,11): error TS2739: Type '{ id: string; effectKey: string; name: string; enabled: true; parameters: {}; }' is missing the following properties from type 'EffectInstance': category, expanded
src/__tests__/services/effectProcessor.property.test.ts(260,9): error TS2739: Type '{ name: string; value: number; animated: false; keyframes: never[]; }' is missing the following properties from type 'AnimatableProperty<any>': id, type
src/__tests__/services/effectProcessor.property.test.ts(292,59): error TS2353: Object literal may only specify known properties, and 'easing' does not exist in type 'Keyframe<any>'.
src/__tests__/services/effectProcessor.property.test.ts(316,55): error TS2353: Object literal may only specify known properties, and 'easing' does not exist in type 'Keyframe<any>'.
src/__tests__/services/effectProcessor.property.test.ts(346,11): error TS2322: Type '{ easing: string; frame: number; value: number; }[]' is not assignable to type 'Keyframe<any>[]'.
  Type '{ easing: string; frame: number; value: number; }' is missing the following properties from type 'Keyframe<any>': id, interpolation, inHandle, outHandle, controlMode
src/__tests__/services/effectProcessor.property.test.ts(373,9): error TS2739: Type '{ name: string; value: number; animated: false; keyframes: never[]; }' is missing the following properties from type 'AnimatableProperty<any>': id, type
src/__tests__/services/effectProcessor.property.test.ts(374,9): error TS2739: Type '{ name: string; value: number; animated: false; keyframes: never[]; }' is missing the following properties from type 'AnimatableProperty<any>': id, type
src/__tests__/services/effectProcessor.property.test.ts(375,9): error TS2739: Type '{ name: string; value: number; animated: false; keyframes: never[]; }' is missing the following properties from type 'AnimatableProperty<any>': id, type
src/__tests__/services/effectProcessor.property.test.ts(449,7): error TS2739: Type '{ id: string; effectKey: string; name: string; enabled: false; parameters: {}; }' is missing the following properties from type 'EffectInstance': category, expanded
src/__tests__/services/effectProcessor.property.test.ts(450,7): error TS2739: Type '{ id: string; effectKey: string; name: string; enabled: false; parameters: {}; }' is missing the following properties from type 'EffectInstance': category, expanded
src/__tests__/services/effectProcessor.property.test.ts(454,7): error TS2739: Type '{ id: string; effectKey: string; name: string; enabled: false; parameters: {}; }' is missing the following properties from type 'EffectInstance': category, expanded
src/__tests__/services/effectProcessor.property.test.ts(455,7): error TS2739: Type '{ id: string; effectKey: string; name: string; enabled: true; parameters: {}; }' is missing the following properties from type 'EffectInstance': category, expanded
src/__tests__/services/effectProcessor.property.test.ts(459,7): error TS2739: Type '{ id: string; effectKey: string; name: string; enabled: true; parameters: {}; }' is missing the following properties from type 'EffectInstance': category, expanded
src/__tests__/services/effectProcessor.property.test.ts(489,11): error TS2739: Type '{ name: string; value: number; keyframes: never[]; }' is missing the following properties from type 'AnimatableProperty<any>': id, type, animated
src/__tests__/services/effectProcessor.property.test.ts(574,7): error TS2739: Type '{ id: string; effectKey: string; name: string; enabled: false; parameters: {}; }' is missing the following properties from type 'EffectInstance': category, expanded
src/__tests__/services/effectProcessor.property.test.ts(575,7): error TS2739: Type '{ id: string; effectKey: string; name: string; enabled: false; parameters: {}; }' is missing the following properties from type 'EffectInstance': category, expanded
src/__tests__/services/effectProcessor.property.test.ts(576,7): error TS2739: Type '{ id: string; effectKey: string; name: string; enabled: false; parameters: {}; }' is missing the following properties from type 'EffectInstance': category, expanded
src/__tests__/services/effectProcessor.property.test.ts(583,7): error TS2739: Type '{ id: string; effectKey: string; name: string; enabled: false; parameters: {}; }' is missing the following properties from type 'EffectInstance': category, expanded
src/__tests__/services/effectProcessor.property.test.ts(584,7): error TS2739: Type '{ id: string; effectKey: string; name: string; enabled: true; parameters: {}; }' is missing the following properties from type 'EffectInstance': category, expanded
src/__tests__/services/effectProcessor.property.test.ts(585,7): error TS2739: Type '{ id: string; effectKey: string; name: string; enabled: false; parameters: {}; }' is missing the following properties from type 'EffectInstance': category, expanded
src/__tests__/services/effectProcessor.property.test.ts(592,7): error TS2739: Type '{ id: string; effectKey: string; name: string; enabled: true; parameters: {}; }' is missing the following properties from type 'EffectInstance': category, expanded
src/__tests__/services/effectProcessor.property.test.ts(593,7): error TS2739: Type '{ id: string; effectKey: string; name: string; enabled: true; parameters: {}; }' is missing the following properties from type 'EffectInstance': category, expanded
src/__tests__/services/effectProcessor.property.test.ts(676,11): error TS2739: Type '{ name: string; value: number; keyframes: never[]; }' is missing the following properties from type 'AnimatableProperty<any>': id, type, animated
src/__tests__/services/effectProcessor.property.test.ts(728,11): error TS2739: Type '{ id: string; effectKey: string; name: string; enabled: true; parameters: {}; }' is missing the following properties from type 'EffectInstance': category, expanded
src/__tests__/services/effectProcessor.property.test.ts(744,11): error TS2739: Type '{ id: string; effectKey: string; name: string; enabled: true; parameters: {}; }' is missing the following properties from type 'EffectInstance': category, expanded
src/__tests__/services/effectProcessor.property.test.ts(790,37): error TS2353: Object literal may only specify known properties, and 'easing' does not exist in type 'Keyframe<any>'.
src/__tests__/services/effectProcessor.property.test.ts(791,40): error TS2353: Object literal may only specify known properties, and 'easing' does not exist in type 'Keyframe<any>'.
src/__tests__/services/effectProcessor.property.test.ts(843,39): error TS2353: Object literal may only specify known properties, and 'easing' does not exist in type 'Keyframe<any>'.
src/__tests__/services/effectProcessor.property.test.ts(844,41): error TS2353: Object literal may only specify known properties, and 'easing' does not exist in type 'Keyframe<any>'.
src/__tests__/services/effectProcessor.property.test.ts(880,11): error TS2739: Type '{ name: string; value: number; keyframes: never[]; }' is missing the following properties from type 'AnimatableProperty<any>': id, type, animated
src/__tests__/services/interpolation.property.test.ts(74,3): error TS2322: Type 'Arbitrary<{ frame: number; value: T | (undefined & T); interpolation: "linear" | "bezier" | "hold" | "easeInQuad" | "easeOutQuad" | "easeInOutQuad" | "easeInCubic" | "easeOutCubic"; outHandle: { ...; }; inHandle: { ...; }; }>' is not assignable to type 'Arbitrary<Keyframe<T>>'.
  Type '{ frame: number; value: T | (undefined & T); interpolation: "linear" | "bezier" | "hold" | "easeInQuad" | "easeOutQuad" | "easeInOutQuad" | "easeInCubic" | "easeOutCubic"; outHandle: { ...; }; inHandle: { ...; }; }' is missing the following properties from type 'Keyframe<T>': id, controlMode
src/__tests__/services/interpolation.property.test.ts(108,3): error TS2322: Type 'Arbitrary<{ value: T | (undefined & T); animated: boolean; keyframes: (readonly [] | Keyframe<T>[] | undefined) & (readonly [] | Keyframe<T>[]); name: "testProperty"; }>' is not assignable to type 'Arbitrary<AnimatableProperty<T>>'.
  Type '{ value: T | (undefined & T); animated: boolean; keyframes: (readonly [] | Keyframe<T>[] | undefined) & (readonly [] | Keyframe<T>[]); name: "testProperty"; }' is missing the following properties from type 'AnimatableProperty<T>': id, type
src/__tests__/services/interpolation.property.test.ts(166,13): error TS2739: Type '{ value: number; animated: true; keyframes: Keyframe<number>[]; name: string; }' is missing the following properties from type 'AnimatableProperty<number>': id, type
src/__tests__/services/interpolation.property.test.ts(185,13): error TS2739: Type '{ value: number; animated: true; keyframes: Keyframe<number>[]; name: string; }' is missing the following properties from type 'AnimatableProperty<number>': id, type
src/__tests__/services/interpolation.property.test.ts(200,13): error TS2739: Type '{ value: number; animated: false; keyframes: never[]; name: string; }' is missing the following properties from type 'AnimatableProperty<number>': id, type
src/__tests__/services/interpolation.property.test.ts(228,9): error TS2739: Type '{ frame: number; value: number; interpolation: "linear"; outHandle: { frame: number; value: number; enabled: false; }; inHandle: { frame: number; value: number; enabled: false; }; }' is missing the following properties from type 'Keyframe<number>': id, controlMode
src/__tests__/services/interpolation.property.test.ts(229,9): error TS2739: Type '{ frame: number; value: number; interpolation: "linear"; outHandle: { frame: number; value: number; enabled: false; }; inHandle: { frame: number; value: number; enabled: false; }; }' is missing the following properties from type 'Keyframe<number>': id, controlMode
src/__tests__/services/interpolation.property.test.ts(232,13): error TS2739: Type '{ value: number; animated: true; keyframes: Keyframe<number>[]; name: string; }' is missing the following properties from type 'AnimatableProperty<number>': id, type
src/__tests__/services/interpolation.property.test.ts(255,9): error TS2739: Type '{ frame: number; value: number; interpolation: "linear"; outHandle: { frame: number; value: number; enabled: false; }; inHandle: { frame: number; value: number; enabled: false; }; }' is missing the following properties from type 'Keyframe<number>': id, controlMode
src/__tests__/services/interpolation.property.test.ts(256,9): error TS2739: Type '{ frame: number; value: number; interpolation: "linear"; outHandle: { frame: number; value: number; enabled: false; }; inHandle: { frame: number; value: number; enabled: false; }; }' is missing the following properties from type 'Keyframe<number>': id, controlMode
src/__tests__/services/interpolation.property.test.ts(259,13): error TS2739: Type '{ value: number; animated: true; keyframes: Keyframe<number>[]; name: string; }' is missing the following properties from type 'AnimatableProperty<number>': id, type
src/__tests__/services/interpolation.property.test.ts(275,9): error TS2739: Type '{ frame: number; value: number; interpolation: "linear"; outHandle: { frame: number; value: number; enabled: false; }; inHandle: { frame: number; value: number; enabled: false; }; }' is missing the following properties from type 'Keyframe<number>': id, controlMode
src/__tests__/services/interpolation.property.test.ts(276,9): error TS2739: Type '{ frame: number; value: number; interpolation: "linear"; outHandle: { frame: number; value: number; enabled: false; }; inHandle: { frame: number; value: number; enabled: false; }; }' is missing the following properties from type 'Keyframe<number>': id, controlMode
src/__tests__/services/interpolation.property.test.ts(279,13): error TS2739: Type '{ value: number; animated: true; keyframes: Keyframe<number>[]; name: string; }' is missing the following properties from type 'AnimatableProperty<number>': id, type
src/__tests__/services/interpolation.property.test.ts(303,9): error TS2739: Type '{ frame: number; value: number; interpolation: "hold"; outHandle: { frame: number; value: number; enabled: false; }; inHandle: { frame: number; value: number; enabled: false; }; }' is missing the following properties from type 'Keyframe<number>': id, controlMode
src/__tests__/services/interpolation.property.test.ts(304,9): error TS2739: Type '{ frame: number; value: number; interpolation: "linear"; outHandle: { frame: number; value: number; enabled: false; }; inHandle: { frame: number; value: number; enabled: false; }; }' is missing the following properties from type 'Keyframe<number>': id, controlMode
src/__tests__/services/interpolation.property.test.ts(307,13): error TS2739: Type '{ value: number; animated: true; keyframes: Keyframe<number>[]; name: string; }' is missing the following properties from type 'AnimatableProperty<number>': id, type
src/__tests__/services/interpolation.property.test.ts(326,9): error TS2739: Type '{ frame: number; value: { x: number; y: number; }; interpolation: "linear"; outHandle: { frame: number; value: number; enabled: false; }; inHandle: { frame: number; value: number; enabled: false; }; }' is missing the following properties from type 'Keyframe<{ x: number; y: number; }>': id, controlMode
src/__tests__/services/interpolation.property.test.ts(327,9): error TS2739: Type '{ frame: number; value: { x: number; y: number; }; interpolation: "linear"; outHandle: { frame: number; value: number; enabled: false; }; inHandle: { frame: number; value: number; enabled: false; }; }' is missing the following properties from type 'Keyframe<{ x: number; y: number; }>': id, controlMode
src/__tests__/services/interpolation.property.test.ts(330,13): error TS2739: Type '{ value: { x: number; y: number; }; animated: true; keyframes: Keyframe<{ x: number; y: number; }>[]; name: string; }' is missing the following properties from type 'AnimatableProperty<{ x: number; y: number; }>': id, type
src/__tests__/services/interpolation.property.test.ts(349,9): error TS2739: Type '{ frame: number; value: { x: number; y: number; z: number; }; interpolation: "linear"; outHandle: { frame: number; value: number; enabled: false; }; inHandle: { frame: number; value: number; enabled: false; }; }' is missing the following properties from type 'Keyframe<{ x: number; y: number; z: number; }>': id, controlMode
src/__tests__/services/interpolation.property.test.ts(350,9): error TS2739: Type '{ frame: number; value: { x: number; y: number; z: number; }; interpolation: "linear"; outHandle: { frame: number; value: number; enabled: false; }; inHandle: { frame: number; value: number; enabled: false; }; }' is missing the following properties from type 'Keyframe<{ x: number; y: number; z: number; }>': id, controlMode
src/__tests__/services/interpolation.property.test.ts(353,13): error TS2739: Type '{ value: { x: number; y: number; z: number; }; animated: true; keyframes: Keyframe<{ x: number; y: number; z: number; }>[]; name: string; }' is missing the following properties from type 'AnimatableProperty<{ x: number; y: number; z: number; }>': id, type
src/__tests__/services/interpolation.property.test.ts(373,9): error TS2739: Type '{ frame: number; value: string; interpolation: "linear"; outHandle: { frame: number; value: number; enabled: false; }; inHandle: { frame: number; value: number; enabled: false; }; }' is missing the following properties from type 'Keyframe<string>': id, controlMode
src/__tests__/services/interpolation.property.test.ts(374,9): error TS2739: Type '{ frame: number; value: string; interpolation: "linear"; outHandle: { frame: number; value: number; enabled: false; }; inHandle: { frame: number; value: number; enabled: false; }; }' is missing the following properties from type 'Keyframe<string>': id, controlMode
src/__tests__/services/interpolation.property.test.ts(377,13): error TS2739: Type '{ value: string; animated: true; keyframes: Keyframe<string>[]; name: string; }' is missing the following properties from type 'AnimatableProperty<string>': id, type
src/__tests__/services/interpolation.property.test.ts(552,11): error TS2739: Type '{ frame: number; value: number; interpolation: "bezier"; outHandle: { frame: number; value: number; enabled: true; }; inHandle: { frame: number; value: number; enabled: false; }; }' is missing the following properties from type 'Keyframe<number>': id, controlMode
src/__tests__/services/interpolation.property.test.ts(559,11): error TS2739: Type '{ frame: number; value: number; interpolation: "linear"; outHandle: { frame: number; value: number; enabled: false; }; inHandle: { frame: number; value: number; enabled: true; }; }' is missing the following properties from type 'Keyframe<number>': id, controlMode
src/__tests__/services/interpolation.property.test.ts(568,15): error TS2739: Type '{ value: number; animated: true; keyframes: Keyframe<number>[]; name: string; }' is missing the following properties from type 'AnimatableProperty<number>': id, type
src/__tests__/services/interpolation.property.test.ts(619,3): error TS2593: Cannot find name 'it'. Do you need to install type definitions for a test runner? Try `npm i --save-dev @types/jest` or `npm i --save-dev @types/mocha` and then add 'jest' or 'mocha' to the types field in your tsconfig.
src/__tests__/services/interpolation.property.test.ts(621,27): error TS2322: Type '"object"' is not assignable to type '"number" | "position" | "color" | "enum" | "vector3"'.
src/__tests__/services/interpolation.property.test.ts(643,3): error TS2593: Cannot find name 'it'. Do you need to install type definitions for a test runner? Try `npm i --save-dev @types/jest` or `npm i --save-dev @types/mocha` and then add 'jest' or 'mocha' to the types field in your tsconfig.
src/__tests__/services/interpolation.property.test.ts(645,27): error TS2322: Type '"object"' is not assignable to type '"number" | "position" | "color" | "enum" | "vector3"'.
src/__tests__/services/interpolation.property.test.ts(663,3): error TS2593: Cannot find name 'it'. Do you need to install type definitions for a test runner? Try `npm i --save-dev @types/jest` or `npm i --save-dev @types/mocha` and then add 'jest' or 'mocha' to the types field in your tsconfig.
src/__tests__/services/interpolation.property.test.ts(665,27): error TS2322: Type '"string"' is not assignable to type '"number" | "position" | "color" | "enum" | "vector3"'.
src/__tests__/services/interpolation.property.test.ts(690,3): error TS2593: Cannot find name 'it'. Do you need to install type definitions for a test runner? Try `npm i --save-dev @types/jest` or `npm i --save-dev @types/mocha` and then add 'jest' or 'mocha' to the types field in your tsconfig.
src/__tests__/services/interpolation.property.test.ts(711,3): error TS2593: Cannot find name 'it'. Do you need to install type definitions for a test runner? Try `npm i --save-dev @types/jest` or `npm i --save-dev @types/mocha` and then add 'jest' or 'mocha' to the types field in your tsconfig.
src/__tests__/services/interpolation.property.test.ts(746,3): error TS2593: Cannot find name 'it'. Do you need to install type definitions for a test runner? Try `npm i --save-dev @types/jest` or `npm i --save-dev @types/mocha` and then add 'jest' or 'mocha' to the types field in your tsconfig.
src/__tests__/services/interpolation.property.test.ts(764,3): error TS2593: Cannot find name 'it'. Do you need to install type definitions for a test runner? Try `npm i --save-dev @types/jest` or `npm i --save-dev @types/mocha` and then add 'jest' or 'mocha' to the types field in your tsconfig.
src/__tests__/services/interpolation.property.test.ts(787,3): error TS2593: Cannot find name 'it'. Do you need to install type definitions for a test runner? Try `npm i --save-dev @types/jest` or `npm i --save-dev @types/mocha` and then add 'jest' or 'mocha' to the types field in your tsconfig.
src/__tests__/services/interpolation.property.test.ts(806,3): error TS2593: Cannot find name 'it'. Do you need to install type definitions for a test runner? Try `npm i --save-dev @types/jest` or `npm i --save-dev @types/mocha` and then add 'jest' or 'mocha' to the types field in your tsconfig.
src/__tests__/services/interpolation.property.test.ts(854,3): error TS2593: Cannot find name 'it'. Do you need to install type definitions for a test runner? Try `npm i --save-dev @types/jest` or `npm i --save-dev @types/mocha` and then add 'jest' or 'mocha' to the types field in your tsconfig.
src/__tests__/services/interpolation.test.ts(35,3): error TS2739: Type '{ value: T; animated: boolean; keyframes: Keyframe<T>[]; name: string; }' is missing the following properties from type 'AnimatableProperty<T>': id, type
src/__tests__/services/interpolation.test.ts(51,3): error TS2739: Type '{ frame: number; value: T; interpolation: "linear" | "bezier" | "hold"; outHandle: BezierHandle; inHandle: BezierHandle; }' is missing the following properties from type 'Keyframe<T>': id, controlMode
src/__tests__/services/interpolation.test.ts(324,49): error TS2353: Object literal may only specify known properties, and 'z' does not exist in type '{ x: number; y: number; }'.
src/__tests__/services/layerEvaluationCache.property.test.ts(31,10): error TS2352: Conversion of type '{ id: string; name: string; type: "solid"; visible: true; locked: false; solo: boolean; shy: boolean; blendMode: "normal"; threeD: false; parentId: null; opacity: { id: string; name: string; type: "number"; value: number; animated: false; keyframes: never[]; }; ... 6 more ...; data: null; }' to type 'Layer' may be a mistake because neither type sufficiently overlaps with the other. If this was intentional, convert the expression to 'unknown' first.
  Type '{ id: string; name: string; type: "solid"; visible: true; locked: false; solo: boolean; shy: boolean; blendMode: "normal"; threeD: false; parentId: null; opacity: { id: string; name: string; type: "number"; value: number; animated: false; keyframes: never[]; }; ... 6 more ...; data: null; }' is missing the following properties from type 'Layer': isolate, motionBlur
src/__tests__/services/particles.property.test.ts(169,7): error TS2561: Object literal may only specify known properties, but 'seed' does not exist in type 'EmitterConfig'. Did you mean to write 'speed'?
src/__tests__/services/particles.property.test.ts(175,7): error TS2561: Object literal may only specify known properties, but 'seed' does not exist in type 'EmitterConfig'. Did you mean to write 'speed'?
src/__tests__/services/particles.property.test.ts(212,7): error TS2561: Object literal may only specify known properties, but 'seed' does not exist in type 'EmitterConfig'. Did you mean to write 'speed'?
src/__tests__/services/particles.property.test.ts(255,7): error TS2561: Object literal may only specify known properties, but 'seed' does not exist in type 'EmitterConfig'. Did you mean to write 'speed'?
src/__tests__/services/particles.property.test.ts(298,7): error TS2561: Object literal may only specify known properties, but 'seed' does not exist in type 'EmitterConfig'. Did you mean to write 'speed'?
src/__tests__/services/particles.property.test.ts(346,7): error TS2561: Object literal may only specify known properties, but 'seed' does not exist in type 'EmitterConfig'. Did you mean to write 'speed'?
src/__tests__/services/particles.property.test.ts(403,7): error TS2561: Object literal may only specify known properties, but 'seed' does not exist in type 'EmitterConfig'. Did you mean to write 'speed'?
src/__tests__/services/particles.property.test.ts(427,7): error TS2322: Type '{ x: number; y: number; z: number; }' is not assignable to type 'number'.
src/__tests__/services/particles.property.test.ts(433,7): error TS2561: Object literal may only specify known properties, but 'seed' does not exist in type 'EmitterConfig'. Did you mean to write 'speed'?
src/__tests__/services/particles.property.test.ts(479,7): error TS2561: Object literal may only specify known properties, but 'seed' does not exist in type 'EmitterConfig'. Did you mean to write 'speed'?
src/__tests__/services/particles.property.test.ts(525,7): error TS2561: Object literal may only specify known properties, but 'seed' does not exist in type 'EmitterConfig'. Did you mean to write 'speed'?
src/__tests__/services/particles.property.test.ts(576,7): error TS2741: Property 'billboard' is missing in type '{ enabled: true; isSheet: true; totalFrames: number; columns: number; rows: number; frameRate: number; playMode: "random" | "loop" | "once" | "pingpong"; rotationEnabled: false; rotationSpeed: number; rotationSpeedVariance: number; alignToVelocity: false; imageUrl: string; imageData: null; }' but required in type 'SpriteConfig'.
src/__tests__/services/particles.property.test.ts(625,7): error TS2561: Object literal may only specify known properties, but 'seed' does not exist in type 'EmitterConfig'. Did you mean to write 'speed'?
src/__tests__/services/particles.property.test.ts(688,7): error TS2561: Object literal may only specify known properties, but 'seed' does not exist in type 'EmitterConfig'. Did you mean to write 'speed'?
src/__tests__/services/projectStorage.property.test.ts(38,5): error TS2739: Type '{ width: number; height: number; frameCount: number; fps: number; backgroundColor: string; }' is missing the following properties from type 'CompositionSettings': duration, autoResizeToContent, frameBlendingEnabled
src/__tests__/services/projectStorage.property.test.ts(49,9): error TS2739: Type '{ width: number; height: number; frameCount: number; fps: number; backgroundColor: string; }' is missing the following properties from type 'CompositionSettings': duration, autoResizeToContent, frameBlendingEnabled
src/__tests__/services/serialization.property.test.ts(12,3): error TS2305: Module '"@/types/project"' has no exported member 'LatticeComposition'.
src/__tests__/services/serialization.property.test.ts(19,3): error TS2724: '"@/types/project"' has no exported member named 'LayerStyle'. Did you mean 'LayerStyles'?
src/__tests__/services/serialization.property.test.ts(168,7): error TS2322: Type 'Arbitrary<{ type: "none"; enabled: boolean; } | { type: "preset"; name: string; enabled: boolean; params: Record<string, number>; }>' is not assignable to type 'Arbitrary<PropertyExpression>'.
  Type '{ type: "none"; enabled: boolean; } | { type: "preset"; name: string; enabled: boolean; params: Record<string, number>; }' is not assignable to type 'PropertyExpression'.
    Type '{ type: "none"; enabled: boolean; }' is missing the following properties from type 'PropertyExpression': name, params
src/__tests__/services/serialization.property.test.ts(184,7): error TS2322: Type 'Arbitrary<{ frame: number; value: number; interpolation: "linear" | "bezier" | "hold" | "easeIn" | "easeOut" | "easeInOut"; inHandle: BezierHandle; outHandle: BezierHandle; }>' is not assignable to type 'Arbitrary<Keyframe<number>>'.
  Type '{ frame: number; value: number; interpolation: "linear" | "bezier" | "hold" | "easeIn" | "easeOut" | "easeInOut"; inHandle: BezierHandle; outHandle: BezierHandle; }' is missing the following properties from type 'Keyframe<number>': id, controlMode
src/__tests__/services/serialization.property.test.ts(195,7): error TS2322: Type 'Arbitrary<{ frame: number; value: ({ x: number; y: number; } | { x: number; y: number; z: number; } | undefined) & ({ x: number; y: number; } | { x: number; y: number; z: number; }); interpolation: "linear" | "bezier" | "hold"; inHandle: BezierHandle; outHandle: BezierHandle; }>' is not assignable to type 'Arbitrary<Keyframe<{ x: number; y: number; z?: number | undefined; }>>'.
  Type '{ frame: number; value: ({ x: number; y: number; } | { x: number; y: number; z: number; } | undefined) & ({ x: number; y: number; } | { x: number; y: number; z: number; }); interpolation: "linear" | "bezier" | "hold"; inHandle: BezierHandle; outHandle: BezierHandle; }' is missing the following properties from type 'Keyframe<{ x: number; y: number; z?: number | undefined; }>': id, controlMode
src/__tests__/services/serialization.property.test.ts(216,7): error TS2322: Type 'Arbitrary<{ name: string; value: number; animated: boolean; keyframes: Keyframe<number>[]; expression: PropertyExpression; }>' is not assignable to type 'Arbitrary<AnimatableProperty<number>>'.
  Type '{ name: string; value: number; animated: boolean; keyframes: Keyframe<number>[]; expression: PropertyExpression; }' is missing the following properties from type 'AnimatableProperty<number>': id, type
src/__tests__/services/serialization.property.test.ts(227,7): error TS2322: Type 'Arbitrary<{ position: { name: "Position"; value: { x: number; y: number; z: number; }; animated: boolean; keyframes: []; expression: { readonly type: "none"; readonly enabled: false; }; }; anchorPoint: { name: "Anchor Point"; value: { ...; }; animated: boolean; keyframes: []; expression: { ...; }; }; scale: { ...; }...' is not assignable to type 'Arbitrary<LayerTransform>'.
  Property 'origin' is missing in type '{ position: { name: "Position"; value: { x: number; y: number; z: number; }; animated: boolean; keyframes: []; expression: { readonly type: "none"; readonly enabled: false; }; }; anchorPoint: { name: "Anchor Point"; value: { ...; }; animated: boolean; keyframes: []; expression: { ...; }; }; scale: { ...; }; rotation...' but required in type 'LayerTransform'.
src/__tests__/services/serialization.property.test.ts(280,7): error TS2322: Type 'Arbitrary<{ id: string; name: string; type: "image" | "solid" | "video" | "audio" | "text" | "shape" | "camera" | "light" | "null" | "adjustment" | "precomp"; visible: boolean; locked: boolean; ... 17 more ...; autoOrient: boolean; }>' is not assignable to type 'Arbitrary<Layer>'.
  Type '{ id: string; name: string; type: "image" | "solid" | "video" | "audio" | "text" | "shape" | "camera" | "light" | "null" | "adjustment" | "precomp"; visible: boolean; locked: boolean; solo: boolean; ... 16 more ...; autoOrient: boolean; }' is missing the following properties from type 'Layer': isolate, threeD, startFrame, endFrame, and 3 more.
src/__tests__/services/serialization.property.test.ts(503,9): error TS2353: Object literal may only specify known properties, and 'description' does not exist in type 'ProjectMeta'.
src/__tests__/services/serialization.property.test.ts(515,7): error TS2322: Type 'never[]' is not assignable to type 'Record<string, Composition>'.
  Index signature for type 'string' is missing in type 'never[]'.
src/__tests__/services/serialization.property.test.ts(516,7): error TS2322: Type 'never[]' is not assignable to type 'Record<string, AssetReference>'.
  Index signature for type 'string' is missing in type 'never[]'.
src/__tests__/services/serialization.property.test.ts(544,25): error TS2322: Type '"none"' is not assignable to type '"preset" | "custom"'.
src/__tests__/services/serialization.property.test.ts(551,25): error TS2322: Type '"none"' is not assignable to type '"preset" | "custom"'.
src/__tests__/services/serialization.property.test.ts(558,25): error TS2322: Type '"none"' is not assignable to type '"preset" | "custom"'.
src/__tests__/services/serialization.property.test.ts(565,25): error TS2322: Type '"none"' is not assignable to type '"preset" | "custom"'.
src/__tests__/services/serialization.property.test.ts(582,7): error TS2322: Type 'false' is not assignable to type 'AutoOrientMode | undefined'.
src/__tests__/services/serialization.property.test.ts(704,25): error TS2322: Type '"none"' is not assignable to type '"preset" | "custom"'.
src/__tests__/services/serialization.property.test.ts(711,25): error TS2322: Type '"none"' is not assignable to type '"preset" | "custom"'.
src/__tests__/services/serialization.property.test.ts(718,25): error TS2322: Type '"none"' is not assignable to type '"preset" | "custom"'.
src/__tests__/services/serialization.property.test.ts(725,25): error TS2322: Type '"none"' is not assignable to type '"preset" | "custom"'.
src/__tests__/services/serialization.property.test.ts(742,7): error TS2322: Type 'false' is not assignable to type 'AutoOrientMode | undefined'.
src/__tests__/services/serialization.property.test.ts(756,81): error TS2739: Type '{ frame: number; value: number; interpolation: "linear"; inHandle: { frame: number; value: number; enabled: true; }; outHandle: { frame: number; value: number; enabled: true; }; }' is missing the following properties from type 'Keyframe<number>': id, controlMode
src/__tests__/services/serialization.property.test.ts(769,21): error TS2322: Type '"none"' is not assignable to type '"preset" | "custom"'.
src/__tests__/services/undoredo.property.test.ts(35,3): error TS2322: Type 'Arbitrary<{ name: string; value: T | (undefined & T); keyframes: { frame: number; value: T | (undefined & T); easing: "linear" | "easeIn" | "easeOut" | "easeInOut"; }[]; }>' is not assignable to type 'Arbitrary<AnimatableProperty<T>>'.
  Type '{ name: string; value: T | (undefined & T); keyframes: { frame: number; value: T | (undefined & T); easing: "linear" | "easeIn" | "easeOut" | "easeInOut"; }[]; }' is missing the following properties from type 'AnimatableProperty<T>': id, type, animated
src/__tests__/services/undoredo.property.test.ts(52,3): error TS2352: Conversion of type 'Arbitrary<{ id: string; name: string; type: "image" | "solid" | "video" | "text" | "shape" | "camera" | "light" | "null"; visible: boolean; locked: boolean; solo: boolean; shy: boolean; blendMode: "normal" | "multiply" | "screen" | "overlay"; ... 9 more ...; data: null; }>' to type 'Arbitrary<Layer>' may be a mistake because neither type sufficiently overlaps with the other. If this was intentional, convert the expression to 'unknown' first.
  Type '{ id: string; name: string; type: "image" | "solid" | "video" | "text" | "shape" | "camera" | "light" | "null"; visible: boolean; locked: boolean; solo: boolean; shy: boolean; blendMode: "normal" | "multiply" | "screen" | "overlay"; ... 9 more ...; data: null; }' is missing the following properties from type 'Layer': isolate, motionBlur
src/__tests__/services/undoredo.property.test.ts(110,3): error TS2352: Conversion of type 'Arbitrary<{ version: "1.0.0"; mainCompositionId: string; meta: { name: string; created: string; modified: string; }; composition: { width: number; height: number; frameCount: number; fps: 16 | 30 | 60 | 24; backgroundColor: "#ffffff" | ... 3 more ... | "#0000ff"; }; compositions: Record<...>; assets: {}; audioMappin...' to type 'Arbitrary<LatticeProject>' may be a mistake because neither type sufficiently overlaps with the other. If this was intentional, convert the expression to 'unknown' first.
  Type '{ version: "1.0.0"; mainCompositionId: string; meta: { name: string; created: string; modified: string; }; composition: { width: number; height: number; frameCount: number; fps: 16 | 30 | 60 | 24; backgroundColor: "#ffffff" | ... 3 more ... | "#0000ff"; }; compositions: Record<...>; assets: {}; audioMappings: readon...' is missing the following properties from type 'LatticeProject': layers, currentFrame
src/__tests__/stores/keyframeActions.test.ts(90,13): error TS2353: Object literal may only specify known properties, and 'type' does not exist in type 'ParticleData | ParticleLayerData | ShapeLayerData | SplineData | PathLayerData | TextData | ... 20 more ... | MatteLayerData'.
src/__tests__/stores/keyframeActions.test.ts(99,5): error TS2739: Type '{ width: number; height: number; fps: number; duration: number; backgroundColor: string; }' is missing the following properties from type 'CompositionSettings': frameCount, autoResizeToContent, frameBlendingEnabled
src/__tests__/stores/projectActions.test.ts(49,5): error TS2739: Type '{ width: number; height: number; frameCount: number; fps: number; duration: number; backgroundColor: string; }' is missing the following properties from type 'CompositionSettings': autoResizeToContent, frameBlendingEnabled
src/__tests__/stores/projectActions.test.ts(61,9): error TS2739: Type '{ width: number; height: number; frameCount: number; fps: number; duration: number; backgroundColor: string; }' is missing the following properties from type 'CompositionSettings': autoResizeToContent, frameBlendingEnabled
src/__tests__/stores/projectActions.test.ts(103,5): error TS2353: Object literal may only specify known properties, and 'solo' does not exist in type 'Layer'.
src/__tests__/stores/projectActions.test.ts(197,7): error TS2531: Object is possibly 'null'.
src/__tests__/stores/projectActions.test.ts(197,54): error TS2339: Property 'color' does not exist on type 'ParticleData | ParticleLayerData | ShapeLayerData | SplineData | PathLayerData | TextData | ... 20 more ... | MatteLayerData'.
  Property 'color' does not exist on type 'ParticleData'.
src/__tests__/stores/projectActions.test.ts(201,14): error TS2531: Object is possibly 'null'.
src/__tests__/stores/projectActions.test.ts(201,56): error TS2339: Property 'color' does not exist on type 'ParticleData | ParticleLayerData | ShapeLayerData | SplineData | PathLayerData | TextData | ... 20 more ... | MatteLayerData'.
  Property 'color' does not exist on type 'ParticleData'.
src/__tests__/stores/projectActions.test.ts(735,7): error TS2741: Property 'isNestedComp' is missing in type '{ id: string; name: string; settings: CompositionSettings; layers: Layer[]; currentFrame: number; }' but required in type 'Composition'.
src/__tests__/stores/projectActions.test.ts(1008,12): error TS2531: Object is possibly 'null'.
src/__tests__/stores/projectActions.test.ts(1008,60): error TS2339: Property 'text' does not exist on type 'ParticleData | ParticleLayerData | ShapeLayerData | SplineData | PathLayerData | TextData | ... 20 more ... | MatteLayerData'.
  Property 'text' does not exist on type 'ParticleData'.
src/__tests__/types/dataAsset.property.test.ts(29,5): error TS2353: Object literal may only specify known properties, and 'path' does not exist in type 'JSONDataAsset'.
src/__tests__/types/dataAsset.property.test.ts(44,5): error TS2353: Object literal may only specify known properties, and 'path' does not exist in type 'JSONDataAsset'.
src/__tests__/types/dataAsset.property.test.ts(59,5): error TS2353: Object literal may only specify known properties, and 'path' does not exist in type 'CSVDataAsset'.
src/__tests__/types/dataAsset.property.test.ts(72,5): error TS2353: Object literal may only specify known properties, and 'path' does not exist in type 'CSVDataAsset'.
src/__tests__/types/project.property.test.ts(40,31): error TS2322: Type '"effect"' is not assignable to type 'LayerType'.
src/__tests__/types/project.property.test.ts(40,50): error TS2820: Type '"nested_comp"' is not assignable to type 'LayerType'. Did you mean '"nestedComp"'?
src/__tests__/types/project.property.test.ts(42,35): error TS2322: Type '"procedural_matte"' is not assignable to type 'LayerType'.
src/__tests__/types/project.property.test.ts(43,26): error TS2820: Type '"generated_map"' is not assignable to type 'LayerType'. Did you mean '"generated"'?
src/__tests__/types/project.property.test.ts(50,47): error TS2820: Type '"colorBurn"' is not assignable to type 'BlendMode'. Did you mean '"color-burn"'?
src/__tests__/types/project.property.test.ts(50,60): error TS2820: Type '"linearBurn"' is not assignable to type 'BlendMode'. Did you mean '"linear-burn"'?
src/__tests__/types/project.property.test.ts(51,3): error TS2820: Type '"darkerColor"' is not assignable to type 'BlendMode'. Did you mean '"darker-color"'?
src/__tests__/types/project.property.test.ts(51,39): error TS2820: Type '"colorDodge"' is not assignable to type 'BlendMode'. Did you mean '"color-dodge"'?
src/__tests__/types/project.property.test.ts(51,53): error TS2820: Type '"linearDodge"' is not assignable to type 'BlendMode'. Did you mean '"linear-dodge"'?
src/__tests__/types/project.property.test.ts(52,3): error TS2820: Type '"lighterColor"' is not assignable to type 'BlendMode'. Did you mean '"lighter-color"'?
src/__tests__/types/project.property.test.ts(52,30): error TS2820: Type '"softLight"' is not assignable to type 'BlendMode'. Did you mean '"soft-light"'?
src/__tests__/types/project.property.test.ts(52,43): error TS2820: Type '"hardLight"' is not assignable to type 'BlendMode'. Did you mean '"hard-light"'?
src/__tests__/types/project.property.test.ts(52,56): error TS2820: Type '"vividLight"' is not assignable to type 'BlendMode'. Did you mean '"vivid-light"'?
src/__tests__/types/project.property.test.ts(53,3): error TS2820: Type '"linearLight"' is not assignable to type 'BlendMode'. Did you mean '"linear-light"'?
src/__tests__/types/project.property.test.ts(53,18): error TS2820: Type '"pinLight"' is not assignable to type 'BlendMode'. Did you mean '"pin-light"'?
src/__tests__/types/project.property.test.ts(53,30): error TS2820: Type '"hardMix"' is not assignable to type 'BlendMode'. Did you mean '"hard-mix"'?
src/__tests__/types/project.property.test.ts(55,3): error TS2322: Type '"classicColorBurn"' is not assignable to type 'BlendMode'.
src/__tests__/types/project.property.test.ts(55,23): error TS2322: Type '"classicColorDodge"' is not assignable to type 'BlendMode'.
src/__tests__/types/project.property.test.ts(55,44): error TS2820: Type '"stencilAlpha"' is not assignable to type 'BlendMode'. Did you mean '"stencil-alpha"'?
src/__tests__/types/project.property.test.ts(55,60): error TS2820: Type '"stencilLuma"' is not assignable to type 'BlendMode'. Did you mean '"stencil-luma"'?
src/__tests__/types/project.property.test.ts(56,3): error TS2820: Type '"silhouetteAlpha"' is not assignable to type 'BlendMode'. Did you mean '"silhouette-alpha"'?
src/__tests__/types/project.property.test.ts(56,22): error TS2820: Type '"silhouetteLuma"' is not assignable to type 'BlendMode'. Did you mean '"silhouette-luma"'?
src/__tests__/types/project.property.test.ts(56,40): error TS2820: Type '"alphaAdd"' is not assignable to type 'BlendMode'. Did you mean '"alpha-add"'?
src/__tests__/types/project.property.test.ts(56,52): error TS2820: Type '"luminoscentPremul"' is not assignable to type 'BlendMode'. Did you mean '"luminescent-premul"'?
src/__tests__/types/project.property.test.ts(97,14): error TS2554: Expected 2-4 arguments, but got 1.
src/__tests__/types/project.property.test.ts(351,51): error TS2345: Argument of type '"noise" | "solid" | "zigzag" | "checkerboard" | "grid" | "linearGradient" | "radialGradient" | "fractalNoise" | "angularGradient" | "cellNoise" | "voronoi" | "dots" | "stripes" | "rings"' is not assignable to parameter of type 'ProceduralMatteType | undefined'.
  Type '"solid"' is not assignable to type 'ProceduralMatteType | undefined'.
src/__tests__/types/project.property.test.ts(356,51): error TS2345: Argument of type '"noise" | "solid" | "zigzag" | "checkerboard" | "grid" | "linearGradient" | "radialGradient" | "fractalNoise" | "angularGradient" | "cellNoise" | "voronoi" | "dots" | "stripes" | "rings"' is not assignable to parameter of type 'ProceduralMatteType | undefined'.
  Type '"solid"' is not assignable to type 'ProceduralMatteType | undefined'.
src/__tests__/types/project.property.test.ts(367,51): error TS2345: Argument of type '"noise" | "solid" | "zigzag" | "checkerboard" | "grid" | "linearGradient" | "radialGradient" | "fractalNoise" | "angularGradient" | "cellNoise" | "voronoi" | "dots" | "stripes" | "rings"' is not assignable to parameter of type 'ProceduralMatteType | undefined'.
  Type '"solid"' is not assignable to type 'ProceduralMatteType | undefined'.
src/__tests__/types/project.property.test.ts(377,51): error TS2345: Argument of type '"noise" | "solid" | "zigzag" | "checkerboard" | "grid" | "linearGradient" | "radialGradient" | "fractalNoise" | "angularGradient" | "cellNoise" | "voronoi" | "dots" | "stripes" | "rings"' is not assignable to parameter of type 'ProceduralMatteType | undefined'.
  Type '"solid"' is not assignable to type 'ProceduralMatteType | undefined'.
src/__tests__/types/project.property.test.ts(386,51): error TS2345: Argument of type '"noise" | "solid" | "zigzag" | "checkerboard" | "grid" | "linearGradient" | "radialGradient" | "fractalNoise" | "angularGradient" | "cellNoise" | "voronoi" | "dots" | "stripes" | "rings"' is not assignable to parameter of type 'ProceduralMatteType | undefined'.
  Type '"solid"' is not assignable to type 'ProceduralMatteType | undefined'.
src/__tests__/types/project.property.test.ts(396,52): error TS2345: Argument of type '"noise" | "solid" | "zigzag" | "checkerboard" | "grid" | "linearGradient" | "radialGradient" | "fractalNoise" | "angularGradient" | "cellNoise" | "voronoi" | "dots" | "stripes" | "rings"' is not assignable to parameter of type 'ProceduralMatteType | undefined'.
  Type '"solid"' is not assignable to type 'ProceduralMatteType | undefined'.
src/__tests__/types/project.property.test.ts(397,52): error TS2345: Argument of type '"noise" | "solid" | "zigzag" | "checkerboard" | "grid" | "linearGradient" | "radialGradient" | "fractalNoise" | "angularGradient" | "cellNoise" | "voronoi" | "dots" | "stripes" | "rings"' is not assignable to parameter of type 'ProceduralMatteType | undefined'.
  Type '"solid"' is not assignable to type 'ProceduralMatteType | undefined'.
src/__tests__/types/templateBuilder.property.test.ts(291,90): error TS2345: Argument of type '"position"' is not assignable to parameter of type 'ExposedPropertyType'.
src/__tests__/types/templateBuilder.property.test.ts(299,84): error TS2345: Argument of type '"position"' is not assignable to parameter of type 'ExposedPropertyType'.
src/__tests__/types/templateBuilder.property.test.ts(304,84): error TS2345: Argument of type '"position"' is not assignable to parameter of type 'ExposedPropertyType'.
src/__tests__/types/transform.property.test.ts(76,12): error TS18048: 'transform.orientation' is possibly 'undefined'.
src/__tests__/types/transform.property.test.ts(81,12): error TS18048: 'transform.rotationX' is possibly 'undefined'.
src/__tests__/types/transform.property.test.ts(82,12): error TS18048: 'transform.rotationY' is possibly 'undefined'.
src/__tests__/types/transform.property.test.ts(83,12): error TS18048: 'transform.rotationZ' is possibly 'undefined'.
src/__tests__/types/transform.property.test.ts(112,14): error TS18048: 'prop' is possibly 'undefined'.
src/__tests__/types/transform.property.test.ts(113,14): error TS18048: 'prop' is possibly 'undefined'.
src/engine/layers/PointCloudLayer.ts(824,5): error TS2779: The left-hand side of an assignment expression may not be an optional property access.
src/engine/layers/PointCloudLayer.ts(861,5): error TS2779: The left-hand side of an assignment expression may not be an optional property access.
src/engine/layers/PointCloudLayer.ts(891,7): error TS2779: The left-hand side of an assignment expression may not be an optional property access.
src/engine/layers/PointCloudLayer.ts(895,5): error TS2779: The left-hand side of an assignment expression may not be an optional property access.
src/engine/layers/PointCloudLayer.ts(937,7): error TS2779: The left-hand side of an assignment expression may not be an optional property access.
src/engine/layers/PointCloudLayer.ts(940,7): error TS2779: The left-hand side of an assignment expression may not be an optional property access.
src/engine/layers/PointCloudLayer.ts(990,7): error TS2779: The left-hand side of an assignment expression may not be an optional property access.
src/engine/layers/PointCloudLayer.ts(993,7): error TS2779: The left-hand side of an assignment expression may not be an optional property access.
src/engine/layers/PoseLayer.ts(468,10): error TS2339: Property 'lastRenderedFrame' does not exist on type 'PoseLayer'.
src/engine/layers/PoseLayer.ts(481,12): error TS2339: Property 'lastRenderedFrame' does not exist on type 'PoseLayer'.
src/engine/layers/TextLayer.ts(140,10): error TS2339: Property 'resources' does not exist on type 'TextLayer'.
src/engine/layers/TextLayer.ts(196,14): error TS2339: Property 'fontMetrics' does not exist on type 'TextLayer'.
src/engine/layers/TextLayer.ts(292,16): error TS2339: Property 'lineSpacingProp' does not exist on type 'TextLayer'.
src/engine/layers/TextLayer.ts(313,16): error TS2339: Property 'characterOffsetProp' does not exist on type 'TextLayer'.
src/engine/layers/TextLayer.ts(462,10): error TS2339: Property 'pathControlPoints' does not exist on type 'TextLayer'.
src/engine/layers/TextLayer.ts(463,10): error TS2339: Property 'pathClosed' does not exist on type 'TextLayer'.
src/engine/layers/TextLayer.ts(769,10): error TS2339: Property 'fontMetrics' does not exist on type 'TextLayer'.
src/engine/layers/VideoLayer.ts(810,14): error TS2551: Property 'prevFrameTime' does not exist on type 'VideoLayer'. Did you mean 'prevFrameCtx'?
src/engine/layers/VideoLayer.ts(999,10): error TS2551: Property 'prevFrameTime' does not exist on type 'VideoLayer'. Did you mean 'prevFrameCtx'?
src/engine/MotionEngine.ts(470,10): error TS2339: Property 'lastProjectHash' does not exist on type 'MotionEngine'.
src/engine/particles/GPUSPHSystem.ts(401,62): error TS2345: Argument of type 'Float32Array<ArrayBufferLike>' is not assignable to parameter of type 'GPUAllowSharedBufferSource'.
  Type 'Float32Array<ArrayBufferLike>' is not assignable to type 'ArrayBufferView<ArrayBuffer>'.
    Types of property 'buffer' are incompatible.
      Type 'ArrayBufferLike' is not assignable to type 'ArrayBuffer'.
        Type 'SharedArrayBuffer' is not assignable to type 'ArrayBuffer'.
          Types of property '[Symbol.toStringTag]' are incompatible.
            Type '"SharedArrayBuffer"' is not assignable to type '"ArrayBuffer"'.
src/engine/particles/GPUSpringSystem.ts(499,62): error TS2345: Argument of type 'Float32Array<ArrayBufferLike>' is not assignable to parameter of type 'GPUAllowSharedBufferSource'.
  Type 'Float32Array<ArrayBufferLike>' is not assignable to type 'ArrayBufferView<ArrayBuffer>'.
    Types of property 'buffer' are incompatible.
      Type 'ArrayBufferLike' is not assignable to type 'ArrayBuffer'.
        Type 'SharedArrayBuffer' is not assignable to type 'ArrayBuffer'.
          Types of property '[Symbol.toStringTag]' are incompatible.
            Type '"SharedArrayBuffer"' is not assignable to type '"ArrayBuffer"'.
src/engine/particles/ParticleCollisionSystem.ts(78,7): error TS2561: Object literal may only specify known properties, but 'particleCollisions' does not exist in type 'CollisionConfig'. Did you mean to write 'particleCollision'?
src/engine/particles/ParticleCollisionSystem.ts(78,34): error TS2551: Property 'particleCollisions' does not exist on type 'Partial<CollisionConfig>'. Did you mean 'particleCollision'?
src/engine/particles/ParticleCollisionSystem.ts(82,33): error TS2339: Property 'collisionResponse' does not exist on type 'Partial<CollisionConfig>'.
src/engine/particles/ParticleCollisionSystem.ts(83,29): error TS2339: Property 'bounceDamping' does not exist on type 'Partial<CollisionConfig>'.
src/engine/particles/ParticleEmitterLogic.ts(53,53): error TS18048: 'shape.radius' is possibly 'undefined'.
src/engine/particles/ParticleEmitterLogic.ts(55,9): error TS18048: 'radius' is possibly 'undefined'.
src/engine/particles/ParticleEmitterLogic.ts(59,29): error TS18048: 'radius' is possibly 'undefined'.
src/engine/particles/ParticleEmitterLogic.ts(60,29): error TS18048: 'radius' is possibly 'undefined'.
src/engine/particles/ParticleEmitterLogic.ts(70,53): error TS18048: 'shape.radius' is possibly 'undefined'.
src/engine/particles/ParticleEmitterLogic.ts(72,9): error TS18048: 'radius' is possibly 'undefined'.
src/engine/particles/ParticleEmitterLogic.ts(76,45): error TS18048: 'radius' is possibly 'undefined'.
src/engine/particles/ParticleEmitterLogic.ts(77,45): error TS18048: 'radius' is possibly 'undefined'.
src/engine/particles/ParticleEmitterLogic.ts(78,27): error TS18048: 'radius' is possibly 'undefined'.
src/engine/particles/ParticleEmitterLogic.ts(115,63): error TS18048: 'shape.coneRadius' is possibly 'undefined'.
src/engine/particles/ParticleEmitterLogic.ts(116,63): error TS18048: 'shape.coneLength' is possibly 'undefined'.
src/engine/particles/ParticleEmitterLogic.ts(117,26): error TS18048: 'coneRadius' is possibly 'undefined'.
src/engine/particles/ParticleEmitterLogic.ts(118,26): error TS18048: 'coneLength' is possibly 'undefined'.
src/engine/particles/ParticleEmitterLogic.ts(143,21): error TS18048: 'threshold' is possibly 'undefined'.
src/engine/particles/ParticleEmitterLogic.ts(188,24): error TS18048: 'threshold' is possibly 'undefined'.
src/engine/particles/ParticleForceCalculator.ts(117,53): error TS18048: 'speed' is possibly 'undefined'.
src/engine/particles/ParticleForceCalculator.ts(117,79): error TS18048: 'speed' is possibly 'undefined'.
src/engine/particles/ParticleForceCalculator.ts(121,23): error TS18048: 'scale' is possibly 'undefined'.
src/engine/particles/ParticleForceCalculator.ts(121,53): error TS18048: 'scale' is possibly 'undefined'.
src/engine/particles/ParticleForceCalculator.ts(123,23): error TS18048: 'scale' is possibly 'undefined'.
src/engine/particles/ParticleForceCalculator.ts(124,23): error TS18048: 'scale' is possibly 'undefined'.
src/engine/particles/ParticleForceCalculator.ts(127,23): error TS18048: 'scale' is possibly 'undefined'.
src/engine/particles/ParticleForceCalculator.ts(128,23): error TS18048: 'scale' is possibly 'undefined'.
src/engine/particles/ParticleForceCalculator.ts(140,25): error TS18048: 'linearDrag' is possibly 'undefined'.
src/engine/particles/ParticleForceCalculator.ts(140,46): error TS18048: 'quadDrag' is possibly 'undefined'.
src/engine/particles/ParticleForceCalculator.ts(170,14): error TS18048: 'sigma' is possibly 'undefined'.
src/engine/particles/ParticleForceCalculator.ts(170,39): error TS18048: 'rho' is possibly 'undefined'.
src/engine/particles/ParticleForceCalculator.ts(170,65): error TS18048: 'beta' is possibly 'undefined'.
src/engine/particles/ParticleForceCalculator.ts(180,53): error TS18048: 'speed' is possibly 'undefined'.
src/engine/particles/ParticleForceCalculator.ts(180,79): error TS18048: 'speed' is possibly 'undefined'.
src/engine/particles/ParticleForceCalculator.ts(186,31): error TS18048: 'scale' is possibly 'undefined'.
src/engine/particles/ParticleForceCalculator.ts(187,31): error TS18048: 'scale' is possibly 'undefined'.
src/engine/particles/ParticleForceCalculator.ts(189,31): error TS18048: 'scale' is possibly 'undefined'.
src/engine/particles/ParticleForceCalculator.ts(190,31): error TS18048: 'scale' is possibly 'undefined'.
src/engine/particles/ParticleForceCalculator.ts(193,31): error TS18048: 'scale' is possibly 'undefined'.
src/engine/particles/ParticleForceCalculator.ts(194,31): error TS18048: 'scale' is possibly 'undefined'.
src/engine/particles/ParticleForceCalculator.ts(196,31): error TS18048: 'scale' is possibly 'undefined'.
src/engine/particles/ParticleForceCalculator.ts(197,31): error TS18048: 'scale' is possibly 'undefined'.
src/engine/particles/ParticleForceCalculator.ts(200,31): error TS18048: 'scale' is possibly 'undefined'.
src/engine/particles/ParticleForceCalculator.ts(201,31): error TS18048: 'scale' is possibly 'undefined'.
src/engine/particles/ParticleForceCalculator.ts(203,31): error TS18048: 'scale' is possibly 'undefined'.
src/engine/particles/ParticleForceCalculator.ts(204,31): error TS18048: 'scale' is possibly 'undefined'.
src/engine/particles/ParticleSubEmitter.ts(178,68): error TS18048: 'overrides.initialSpeed' is possibly 'undefined'.
src/engine/particles/ParticleSubEmitter.ts(181,41): error TS2345: Argument of type 'number | undefined' is not assignable to parameter of type 'number'.
  Type 'undefined' is not assignable to type 'number'.
src/engine/particles/ParticleSubEmitter.ts(188,61): error TS18048: 'speed' is possibly 'undefined'.
src/engine/particles/ParticleSubEmitter.ts(189,61): error TS18048: 'speed' is possibly 'undefined'.
src/engine/particles/ParticleSubEmitter.ts(190,43): error TS18048: 'speed' is possibly 'undefined'.
src/engine/particles/ParticleSubEmitter.ts(201,67): error TS18048: 'overrides.lifetime' is possibly 'undefined'.
src/engine/particles/ParticleSubEmitter.ts(203,11): error TS2322: Type 'number | undefined' is not assignable to type 'number'.
  Type 'undefined' is not assignable to type 'number'.
src/engine/particles/ParticleSubEmitter.ts(207,70): error TS18048: 'overrides.initialMass' is possibly 'undefined'.
src/engine/particles/ParticleSubEmitter.ts(209,11): error TS2322: Type 'number | undefined' is not assignable to type 'number'.
  Type 'undefined' is not assignable to type 'number'.
src/engine/particles/ParticleSubEmitter.ts(211,77): error TS18048: 'overrides.initialSize' is possibly 'undefined'.
src/engine/particles/ParticleSubEmitter.ts(214,27): error TS18048: 'safeInitialSize' is possibly 'undefined'.
src/engine/particles/ParticleSubEmitter.ts(225,11): error TS2322: Type 'number | undefined' is not assignable to type 'number'.
  Type 'undefined' is not assignable to type 'number'.
src/engine/particles/ParticleSubEmitter.ts(229,58): error TS18048: 'overrides.colorStart' is possibly 'undefined'.
src/engine/particles/ParticleSubEmitter.ts(230,58): error TS18048: 'overrides.colorStart' is possibly 'undefined'.
src/engine/particles/ParticleSubEmitter.ts(231,58): error TS18048: 'overrides.colorStart' is possibly 'undefined'.
src/engine/particles/ParticleSubEmitter.ts(232,58): error TS18048: 'overrides.colorStart' is possibly 'undefined'.
src/engine/particles/ParticleTextureSystem.ts(103,68): error TS18048: 'spriteSheet.columns' is possibly 'undefined'.
src/engine/particles/ParticleTextureSystem.ts(104,30): error TS2345: Argument of type 'number | undefined' is not assignable to parameter of type 'number'.
  Type 'undefined' is not assignable to type 'number'.
src/engine/particles/ParticleTextureSystem.ts(106,65): error TS18048: 'spriteSheet.rows' is possibly 'undefined'.
src/engine/particles/ParticleTextureSystem.ts(107,30): error TS2345: Argument of type 'number | undefined' is not assignable to parameter of type 'number'.
  Type 'undefined' is not assignable to type 'number'.
src/engine/particles/ParticleTextureSystem.ts(110,75): error TS18048: 'spriteSheet.frameRate' is possibly 'undefined'.
src/engine/particles/ParticleTextureSystem.ts(118,17): error TS2322: Type 'number | undefined' is not assignable to type 'number'.
  Type 'undefined' is not assignable to type 'number'.
src/services/cameraEnhancements.ts(194,10): error TS2551: Property 'noise3D' does not exist on type 'CameraShake'. Did you mean 'noise2D'?
src/services/export/cameraExportFormats.ts(105,22): error TS18048: 'prev.frame' is possibly 'undefined'.
src/services/export/cameraExportFormats.ts(105,38): error TS18048: 'next.frame' is possibly 'undefined'.
src/services/export/cameraExportFormats.ts(105,52): error TS18048: 'prev.frame' is possibly 'undefined'.
src/services/export/depthRenderer.ts(920,7): error TS2345: Argument of type 'Float32Array<ArrayBufferLike> | Uint8Array<ArrayBufferLike> | Uint16Array<ArrayBufferLike>' is not assignable to parameter of type 'Uint8Array<ArrayBufferLike> | DepthRenderResult | Uint16Array<ArrayBufferLike>'.
  Type 'Float32Array<ArrayBufferLike>' is not assignable to type 'Uint8Array<ArrayBufferLike> | DepthRenderResult | Uint16Array<ArrayBufferLike>'.
    Type 'Float32Array<ArrayBufferLike>' is not assignable to type 'Uint16Array<ArrayBufferLike>'.
      The types of 'filter(...)[Symbol.toStringTag]' are incompatible between these types.
        Type '"Float32Array"' is not assignable to type '"Uint16Array"'.
src/services/export/exportPipeline.ts(480,9): error TS2345: Argument of type 'Float32Array<ArrayBufferLike> | Uint8Array<ArrayBufferLike> | Uint16Array<ArrayBufferLike>' is not assignable to parameter of type 'Uint8Array<ArrayBufferLike> | DepthRenderResult | Uint16Array<ArrayBufferLike>'.
  Type 'Float32Array<ArrayBufferLike>' is not assignable to type 'Uint8Array<ArrayBufferLike> | DepthRenderResult | Uint16Array<ArrayBufferLike>'.
    Type 'Float32Array<ArrayBufferLike>' is not assignable to type 'Uint16Array<ArrayBufferLike>'.
      The types of 'filter(...)[Symbol.toStringTag]' are incompatible between these types.
        Type '"Float32Array"' is not assignable to type '"Uint16Array"'.
src/services/frameCache.ts(532,10): error TS2339: Property 'isPreCaching' does not exist on type 'FrameCache'.
src/services/frameCache.ts(557,10): error TS2339: Property 'isPreCaching' does not exist on type 'FrameCache'.
src/services/frameCache.ts(569,10): error TS2339: Property 'isPreCaching' does not exist on type 'FrameCache'.
src/services/glsl/ShaderEffects.ts(1076,12): error TS2339: Property 'currentEffect' does not exist on type 'ShaderEffectProcessor'.
src/services/glsl/ShaderEffects.ts(1127,10): error TS2339: Property 'currentEffect' does not exist on type 'ShaderEffectProcessor'.
src/services/gpuParticleRenderer.ts(387,10): error TS2551: Property 'depthTexture' does not exist on type 'GPUParticleRenderer'. Did you mean 'setDepthTexture'?
src/services/materialSystem.ts(482,11): error TS2322: Type 'Texture | undefined' is not assignable to type 'Texture | null'.
  Type 'undefined' is not assignable to type 'Texture | null'.
src/services/materialSystem.ts(488,19): error TS2345: Argument of type 'Texture | undefined' is not assignable to parameter of type 'Texture | PromiseLike<Texture>'.
  Type 'undefined' is not assignable to type 'Texture | PromiseLike<Texture>'.
src/services/matteExporter.ts(159,7): error TS2322: Type 'Blob | undefined' is not assignable to type 'Blob'.
  Type 'undefined' is not assignable to type 'Blob'.
src/services/matteExporter.ts(206,5): error TS2322: Type 'Blob | undefined' is not assignable to type 'Blob'.
  Type 'undefined' is not assignable to type 'Blob'.
src/services/meshParticleManager.ts(133,10): error TS2339: Property 'textureLoader' does not exist on type 'MeshParticleManager'.
src/services/meshParticleManager.ts(159,7): error TS2322: Type 'Box3 | undefined' is not assignable to type 'Box3'.
  Type 'undefined' is not assignable to type 'Box3'.
src/services/meshParticleManager.ts(160,7): error TS2322: Type 'Sphere | undefined' is not assignable to type 'Sphere'.
  Type 'undefined' is not assignable to type 'Sphere'.
src/services/meshParticleManager.ts(480,7): error TS2322: Type 'string' is not assignable to type '"custom" | "sphere" | "cone" | "billboard" | "cube" | "cylinder" | "torus" | "octahedron" | "icosahedron" | undefined'.
src/services/motionBlur.ts(120,10): error TS2339: Property 'workCtx' does not exist on type 'MotionBlurProcessor'.
src/services/motionBlur.ts(139,10): error TS2339: Property 'workCtx' does not exist on type 'MotionBlurProcessor'.
src/services/particleGPU.ts(828,7): error TS2769: No overload matches this call.
  The last overload gave the following error.
    Argument of type 'ArrayBuffer | undefined' is not assignable to parameter of type 'ArrayLike<number> | ArrayBuffer'.
      Type 'undefined' is not assignable to type 'ArrayLike<number> | ArrayBuffer'.
src/services/particleGPU.ts(831,7): error TS2769: No overload matches this call.
  The last overload gave the following error.
    Argument of type 'ArrayBuffer | undefined' is not assignable to parameter of type 'ArrayLike<number> | ArrayBuffer'.
      Type 'undefined' is not assignable to type 'ArrayLike<number> | ArrayBuffer'.
src/services/particleGPU.ts(834,7): error TS2769: No overload matches this call.
  The last overload gave the following error.
    Argument of type 'ArrayBuffer | undefined' is not assignable to parameter of type 'ArrayLike<number> | ArrayBuffer'.
      Type 'undefined' is not assignable to type 'ArrayLike<number> | ArrayBuffer'.
src/services/particleGPU.ts(837,7): error TS2769: No overload matches this call.
  The last overload gave the following error.
    Argument of type 'ArrayBuffer | undefined' is not assignable to parameter of type 'ArrayLike<number> | ArrayBuffer'.
      Type 'undefined' is not assignable to type 'ArrayLike<number> | ArrayBuffer'.
src/services/particleSystem.ts(2217,30): error TS2551: Property 'turbulenceFields' does not exist on type 'ParticleSystem'. Did you mean 'getTurbulenceFields'?
src/services/particleSystem.ts(2218,25): error TS2551: Property 'subEmitters' does not exist on type 'ParticleSystem'. Did you mean 'emitters'?
src/services/particleSystem.ts(2255,16): error TS2551: Property 'addTurbulenceField' does not exist on type 'ParticleSystem'. Did you mean 'addTurbulence'?
src/services/particleSystem.ts(2268,14): error TS2551: Property 'setRenderOptions' does not exist on type 'ParticleSystem'. Did you mean 'renderOptions'?
src/services/physics/PhysicsEngine.ts(1235,10): error TS2339: Property 'random' does not exist on type 'ForceFieldProcessor'.
src/services/physics/PhysicsEngine.ts(1471,10): error TS2339: Property 'random' does not exist on type 'PhysicsEngine'.
src/services/physics/PhysicsEngine.ts(1578,12): error TS2339: Property 'random' does not exist on type 'PhysicsEngine'.
src/services/physics/PhysicsEngine.ts(1581,12): error TS2339: Property 'random' does not exist on type 'PhysicsEngine'.
src/services/renderQueue/RenderQueueManager.ts(182,21): error TS18048: 'transaction' is possibly 'undefined'.
src/services/renderQueue/RenderQueueManager.ts(195,21): error TS18048: 'transaction' is possibly 'undefined'.
src/services/renderQueue/RenderQueueManager.ts(208,21): error TS18048: 'transaction' is possibly 'undefined'.
src/services/renderQueue/RenderQueueManager.ts(226,25): error TS18048: 'transaction' is possibly 'undefined'.
src/services/renderQueue/RenderQueueManager.ts(230,27): error TS18048: 'transaction' is possibly 'undefined'.
src/services/renderQueue/RenderQueueManager.ts(242,7): error TS18048: 'transaction' is possibly 'undefined'.
src/services/renderQueue/RenderQueueManager.ts(243,7): error TS18048: 'transaction' is possibly 'undefined'.
src/services/renderQueue/RenderQueueManager.ts(243,42): error TS18048: 'transaction' is possibly 'undefined'.
src/services/renderQueue/RenderQueueManager.ts(252,21): error TS18048: 'transaction' is possibly 'undefined'.
src/services/renderQueue/RenderQueueManager.ts(265,21): error TS18048: 'transaction' is possibly 'undefined'.
src/services/renderQueue/RenderQueueManager.ts(279,21): error TS18048: 'transaction' is possibly 'undefined'.
src/services/renderQueue/RenderQueueManager.ts(291,7): error TS18048: 'transaction' is possibly 'undefined'.
src/services/renderQueue/RenderQueueManager.ts(292,7): error TS18048: 'transaction' is possibly 'undefined'.
src/services/renderQueue/RenderQueueManager.ts(292,42): error TS18048: 'transaction' is possibly 'undefined'.
src/services/videoDecoder.ts(343,29): error TS2532: Object is possibly 'undefined'.
src/services/videoDecoder.ts(424,13): error TS2322: Type 'number | undefined' is not assignable to type 'number'.
  Type 'undefined' is not assignable to type 'number'.
src/services/videoDecoder.ts(425,13): error TS2322: Type 'number | undefined' is not assignable to type 'number'.
  Type 'undefined' is not assignable to type 'number'.
src/services/videoDecoder.ts(459,36): error TS2532: Object is possibly 'undefined'.
src/services/webgpuRenderer.ts(744,10): error TS2339: Property 'displacementBindGroupLayout' does not exist on type 'WebGPURenderer'.
src/services/webgpuRenderer.ts(770,10): error TS2339: Property 'displacementPipeline' does not exist on type 'WebGPURenderer'.
src/services/webgpuRenderer.ts(1476,10): error TS2339: Property 'displacementPipeline' does not exist on type 'WebGPURenderer'.
src/services/webgpuRenderer.ts(1485,10): error TS2339: Property 'displacementBindGroupLayout' does not exist on type 'WebGPURenderer'.
