
src/components/controls/index.ts(3,38): error TS2307: Cannot find module './AngleDial.vue' or its corresponding type declarations.
src/components/controls/index.ts(4,40): error TS2307: Cannot find module './ColorPicker.vue' or its corresponding type declarations.
src/components/controls/index.ts(5,40): error TS2307: Cannot find module './CurveEditor.vue' or its corresponding type declarations.
src/components/controls/index.ts(6,39): error TS2307: Cannot find module './PositionXY.vue' or its corresponding type declarations.
src/components/controls/index.ts(7,44): error TS2307: Cannot find module './ScrubableNumber.vue' or its corresponding type declarations.
src/components/controls/index.ts(8,40): error TS2307: Cannot find module './SliderInput.vue' or its corresponding type declarations.
src/components/materials/index.ts(8,42): error TS2307: Cannot find module './AssetUploader.vue' or its corresponding type declarations.
src/components/materials/index.ts(9,48): error TS2307: Cannot find module './EnvironmentSettings.vue' or its corresponding type declarations.
src/components/materials/index.ts(10,43): error TS2307: Cannot find module './MaterialEditor.vue' or its corresponding type declarations.
src/components/materials/index.ts(11,42): error TS2307: Cannot find module './TextureUpload.vue' or its corresponding type declarations.
src/components/properties/particle/index.ts(8,57): error TS2307: Cannot find module './ParticleAudioBindingsSection.vue' or its corresponding type declarations.
src/components/properties/particle/index.ts(9,53): error TS2307: Cannot find module './ParticleCollisionSection.vue' or its corresponding type declarations.
src/components/properties/particle/index.ts(10,52): error TS2307: Cannot find module './ParticleFlockingSection.vue' or its corresponding type declarations.
src/components/properties/particle/index.ts(11,55): error TS2307: Cannot find module './ParticleForceFieldsSection.vue' or its corresponding type declarations.
src/components/properties/particle/index.ts(12,55): error TS2307: Cannot find module './ParticleModulationsSection.vue' or its corresponding type declarations.
src/components/properties/particle/index.ts(13,50): error TS2307: Cannot find module './ParticleRenderSection.vue' or its corresponding type declarations.
src/components/properties/particle/index.ts(14,55): error TS2307: Cannot find module './ParticleSubEmittersSection.vue' or its corresponding type declarations.
src/components/properties/particle/index.ts(15,54): error TS2307: Cannot find module './ParticleTurbulenceSection.vue' or its corresponding type declarations.
src/components/properties/particle/index.ts(16,57): error TS2307: Cannot find module './ParticleVisualizationSection.vue' or its corresponding type declarations.
src/composables/useAssetHandlers.ts(29,65): error TS2307: Cannot find module '@/components/canvas/ThreeCanvas.vue' or its corresponding type declarations.
src/composables/useAssetHandlers.ts(35,45): error TS2307: Cannot find module '@/components/layout/CenterViewport.vue' or its corresponding type declarations.
src/composables/useCurveEditorCoords.ts(182,16): error TS2339: Property 'x' does not exist on type '{ x: number; y: number; } | { x: number; y: number; z?: number | undefined; } | { x: number; y: number; z: number; } | { r: number; g: number; b: number; a: number; }'.
src/composables/useCurveEditorCoords.ts(182,56): error TS2339: Property 'x' does not exist on type '{ x: number; y: number; } | { x: number; y: number; z?: number | undefined; } | { x: number; y: number; z: number; } | { r: number; g: number; b: number; a: number; }'.
src/composables/useCurveEditorCoords.ts(182,67): error TS2339: Property 'x' does not exist on type '{ x: number; y: number; } | { x: number; y: number; z?: number | undefined; } | { x: number; y: number; z: number; } | { r: number; g: number; b: number; a: number; }'.
src/composables/useKeyboardShortcuts.ts(184,50): error TS2307: Cannot find module '@/components/canvas/ThreeCanvas.vue' or its corresponding type declarations.
src/composables/useKeyboardShortcuts.ts(1505,33): error TS2352: Conversion of type 'LightLayerData & Record<"receiveShadows", unknown> & Record<"wireframe", unknown> & Record<"lodBias", unknown>' to type 'ModelLayerDataWithRuntime' may be a mistake because neither type sufficiently overlaps with the other. If this was intentional, convert the expression to 'unknown' first.
src/engine/LatticeEngine.ts(803,25): error TS2345: Argument of type '{ width: number; height: number; compositionWidth: number | undefined; compositionHeight: number | undefined; }' is not assignable to parameter of type 'JSONValue | undefined'.
src/engine/LatticeEngine.ts(1150,30): error TS2345: Argument of type 'string | undefined' is not assignable to parameter of type 'string'.
src/engine/layers/BaseLayer.ts(1920,7): error TS2740: Type '{}' is missing the following properties from type 'Line<BufferGeometry<NormalBufferAttributes>, Material | Material[], Object3DEventMap>': isLine, type, geometry, material, and 77 more.
src/engine/layers/BaseLayer.ts(1936,7): error TS2740: Type '{}' is missing the following properties from type 'Group<Object3DEventMap>': isGroup, isObject3D, id, uuid, and 73 more.
src/engine/layers/BaseLayer.ts(2079,7): error TS2740: Type '{}' is missing the following properties from type 'Group<Object3DEventMap>': isGroup, isObject3D, id, uuid, and 73 more.
src/engine/layers/BaseLayer.ts(2260,7): error TS2740: Type '{}' is missing the following properties from type 'Line<BufferGeometry<NormalBufferAttributes>, Material | Material[], Object3DEventMap>': isLine, type, geometry, material, and 77 more.
src/engine/layers/BaseLayer.ts(2275,7): error TS2740: Type '{}' is missing the following properties from type 'Group<Object3DEventMap>': isGroup, isObject3D, id, uuid, and 73 more.
src/engine/layers/BaseLayer.ts(2294,7): error TS2740: Type '{}' is missing the following properties from type 'Group<Object3DEventMap>': isGroup, isObject3D, id, uuid, and 73 more.
src/engine/layers/LightLayer.ts(614,9): error TS2740: Type '{}' is missing the following properties from type 'AnimatableProperty<{ x: number; y: number; z: number; }>': id, name, type, value, and 2 more.
src/engine/layers/LightLayer.ts(623,9): error TS2740: Type '{}' is missing the following properties from type 'AnimatableProperty<number>': id, name, type, value, and 2 more.
src/engine/layers/LightLayer.ts(625,9): error TS2740: Type '{}' is missing the following properties from type 'AnimatableProperty<number>': id, name, type, value, and 2 more.
src/engine/layers/LightLayer.ts(646,7): error TS2740: Type '{}' is missing the following properties from type 'AnimatableProperty<number>': id, name, type, value, and 2 more.
src/engine/layers/LightLayer.ts(647,7): error TS2740: Type '{}' is missing the following properties from type 'AnimatableProperty<number>': id, name, type, value, and 2 more.
src/engine/layers/LightLayer.ts(648,7): error TS2740: Type '{}' is missing the following properties from type 'AnimatableProperty<string>': id, name, type, value, and 2 more.
src/engine/layers/LightLayer.ts(649,7): error TS2740: Type '{}' is missing the following properties from type 'AnimatableProperty<number>': id, name, type, value, and 2 more.
src/engine/layers/PathLayer.ts(604,22): error TS2352: Conversion of type 'string | number | boolean | { x: number; y: number; } | { x: number; y: number; z?: number | undefined; } | { x: number; y: number; z: number; } | { r: number; g: number; b: number; a: number; }' to type 'EvaluatedControlPoint[]' may be a mistake because neither type sufficiently overlaps with the other. If this was intentional, convert the expression to 'unknown' first.
src/engine/layers/ShapeLayer.ts(214,26): error TS2352: Conversion of type 'OffscreenCanvas' to type 'HTMLCanvasElement' may be a mistake because neither type sufficiently overlaps with the other. If this was intentional, convert the expression to 'unknown' first.
src/engine/layers/SplineLayer.ts(1694,20): error TS2352: Conversion of type 'string | number | boolean | { x: number; y: number; } | { x: number; y: number; z?: number | undefined; } | { x: number; y: number; z: number; } | { r: number; g: number; b: number; a: number; }' to type 'EvaluatedControlPoint[]' may be a mistake because neither type sufficiently overlaps with the other. If this was intentional, convert the expression to 'unknown' first.
src/engine/layers/TextLayer.ts(243,9): error TS2322: Type 'FontMetrics' is not assignable to type 'JSONValue | undefined'.
src/engine/layers/TextLayer.ts(1178,22): error TS2345: Argument of type 'PropertyValue' is not assignable to parameter of type 'string'.
src/engine/layers/TextLayer.ts(1237,7): error TS2345: Argument of type 'AnimatableProperty<CharacterTransform[]>' is not assignable to parameter of type 'AnimatableProperty<PropertyValue>'.
src/engine/layers/TextLayer.ts(1243,57): error TS2339: Property 'length' does not exist on type 'PropertyValue'.
src/engine/layers/TextLayer.ts(1247,17): error TS7053: Element implicitly has an 'any' type because expression of type 'number' can't be used to index type 'PropertyValue'.
src/engine/layers/TextLayer.ts(1451,5): error TS2322: Type 'PropertyValue' is not assignable to type 'T'.
src/engine/layers/TextLayer.ts(1451,40): error TS2345: Argument of type 'AnimatableProperty<T>' is not assignable to parameter of type 'AnimatableProperty<PropertyValue>'.
src/engine/layers/TextLayer.ts(1489,22): error TS2345: Argument of type 'string | undefined' is not assignable to parameter of type 'string'.
src/engine/layers/VideoLayer.ts(878,75): error TS2322: Type 'null' is not assignable to type 'HTMLCanvasElement'.
src/engine/layers/VideoLayer.ts(1110,11): error TS2430: Interface 'HTMLVideoElementWithFrameCallback' incorrectly extends interface 'HTMLVideoElement'.
src/engine/layers/VideoLayer.ts(1125,13): error TS2677: A type predicate's type must be assignable to its parameter's type.
src/engine/MotionEngine.ts(31,15): error TS2300: Duplicate identifier 'PropertyValue'.
src/engine/MotionEngine.ts(62,3): error TS2300: Duplicate identifier 'PropertyValue'.
src/engine/MotionEngine.ts(505,24): error TS2339: Property 'resetTemporalState' does not exist on type '{} | AudioReactiveMapper'.
src/engine/MotionEngine.ts(508,5): error TS2322: Type 'undefined' is not assignable to type '{} | AudioAnalysis'.
src/engine/MotionEngine.ts(586,28): error TS2339: Property 'setAnalysis' does not exist on type '{} | AudioReactiveMapper'.
src/engine/MotionEngine.ts(600,28): error TS2339: Property 'resetTemporalState' does not exist on type '{} | AudioReactiveMapper'.
src/engine/MotionEngine.ts(611,26): error TS2339: Property 'getAllMappings' does not exist on type '{} | AudioReactiveMapper'.
src/engine/MotionEngine.ts(617,28): error TS2339: Property 'addMapping' does not exist on type '{} | AudioReactiveMapper'.
src/engine/MotionEngine.ts(625,28): error TS2339: Property 'removeMapping' does not exist on type '{} | AudioReactiveMapper'.
src/engine/MotionEngine.ts(629,7): error TS2322: Type '{} | AudioReactiveMapper' is not assignable to type 'AudioReactiveMapper | undefined'.
src/engine/TransformControlsManager.ts(60,31): error TS2304: Cannot find name 'JSONValue'.
src/engine/TransformControlsManager.ts(135,9): error TS2352: Conversion of type 'TransformControls' to type 'Object3D<Object3DEventMap>' may be a mistake because neither type sufficiently overlaps with the other. If this was intentional, convert the expression to 'unknown' first.
src/engine/TransformControlsManager.ts(140,9): error TS2352: Conversion of type 'TransformControls' to type 'Object3D<Object3DEventMap>' may be a mistake because neither type sufficiently overlaps with the other. If this was intentional, convert the expression to 'unknown' first.
src/engine/TransformControlsManager.ts(154,7): error TS2345: Argument of type '(event: { value: boolean; }) => void' is not assignable to parameter of type 'EventListener<{ value: unknown; }, "dragging-changed", TransformControls>'.
src/engine/TransformControlsManager.ts(184,34): error TS18048: 'anchorZ' is possibly 'undefined'.
src/main.ts(3,17): error TS2307: Cannot find module './App.vue' or its corresponding type declarations.
src/services/ai/actionExecutor.ts(542,26): error TS2352: Conversion of type 'ParticleData | ParticleLayerData | ShapeLayerData | SplineData | PathLayerData | TextData | ... 21 more ... | ProceduralMatteData' to type 'Record<string, string | number | boolean | { x: number; y: number; } | { x: number; y: number; z?: number | undefined; } | { x: number; y: number; z: number; } | { r: number; g: number; b: number; a: number; } | JSONValue[] | { ...; } | null | undefined>' may be a mistake because neither type sufficiently overlaps with the other. If this was intentional, convert the expression to 'unknown' first.
src/services/ai/actionExecutor.ts(607,28): error TS2352: Conversion of type 'ParticleData | ParticleLayerData | ShapeLayerData | SplineData | PathLayerData | TextData | ... 21 more ... | ProceduralMatteData' to type '{ [x: string]: string | number | boolean | { x: number; y: number; } | { x: number; y: number; z?: number | undefined; } | { x: number; y: number; z: number; } | { r: number; g: number; b: number; a: number; } | JSONValue[] | { ...; } | null | undefined; }' may be a mistake because neither type sufficiently overlaps with the other. If this was intentional, convert the expression to 'unknown' first.
src/services/ai/AICompositorAgent.ts(447,31): error TS2345: Argument of type '{ type: string; properties?: Record<string, string | number | boolean | Vec2 | Vec3> | undefined; position?: Vec2 | undefined; inPoint?: number | undefined; outPoint?: number | undefined; } | ... 33 more ... | {}' is not assignable to parameter of type 'ToolArgsRecord'.
src/services/ai/secureActionExecutor.ts(150,11): error TS2322: Type '{ type?: string | undefined; confidence: string; location?: string | undefined; }[]' is not assignable to type 'string | number | boolean | number[] | string[] | { [key: string]: string | number | boolean | null | undefined; } | null | undefined'.
src/services/ai/security/comfyOutputValidator.ts(109,9): error TS2322: Type '{ code: "custom" | "unrecognized_keys" | "invalid_union" | "invalid_union_discriminator" | "invalid_arguments" | "invalid_return_type" | "invalid_string" | "not_multiple_of" | ... 7 more ... | "invalid_enum_value"; path: string; message: string; }[]' is not assignable to type 'string | number | boolean | number[] | string[] | { [key: string]: string | number | boolean | null | undefined; } | null | undefined'.
src/services/ai/security/comfyOutputValidator.ts(142,77): error TS18048: 'result.error' is possibly 'undefined'.
src/services/ai/security/comfyOutputValidator.ts(142,101): error TS7006: Parameter 'e' implicitly has an 'any' type.
src/services/ai/security/comfyOutputValidator.ts(165,9): error TS2322: Type '{ code: "custom" | "unrecognized_keys" | "invalid_union" | "invalid_union_discriminator" | "invalid_arguments" | "invalid_return_type" | "invalid_string" | "not_multiple_of" | ... 7 more ... | "invalid_enum_value"; path: string; message: string; }[]' is not assignable to type 'string | number | boolean | number[] | string[] | { [key: string]: string | number | boolean | null | undefined; } | null | undefined'.
src/services/ai/security/comfyOutputValidator.ts(192,9): error TS2322: Type '{ code: "custom" | "unrecognized_keys" | "invalid_union" | "invalid_union_discriminator" | "invalid_arguments" | "invalid_return_type" | "invalid_string" | "not_multiple_of" | ... 7 more ... | "invalid_enum_value"; path: string; message: string; }[]' is not assignable to type 'string | number | boolean | number[] | string[] | { [key: string]: string | number | boolean | null | undefined; } | null | undefined'.
src/services/ai/security/hardenedScopeManager.ts(84,29): error TS2304: Cannot find name 'JSONValue'.
src/services/ai/security/hardenedScopeManager.ts(402,26): error TS2304: Cannot find name 'JSONValue'.
src/services/ai/security/hardenedScopeManager.ts(570,26): error TS2304: Cannot find name 'JSONValue'.
src/services/ai/security/hardenedScopeManager.ts(888,25): error TS2304: Cannot find name 'JSONValue'.
src/services/ai/security/promptInjectionDetector.ts(1101,7): error TS2322: Type '"none"' is not assignable to type '"high" | "low" | "medium"'.
src/services/ai/security/promptInjectionDetector.ts(1102,7): error TS2322: Type '"none"' is not assignable to type 'InjectionType | undefined'.
src/services/ai/security/promptInjectionDetector.ts(1160,5): error TS2322: Type '"none"' is not assignable to type '"high" | "low" | "medium"'.
src/services/ai/security/promptInjectionDetector.ts(1161,5): error TS2322: Type '"none"' is not assignable to type 'InjectionType | undefined'.
src/services/ai/security/promptInjectionDetector.ts(1225,7): error TS2322: Type '"none"' is not assignable to type '"high" | "low" | "medium"'.
src/services/ai/security/promptInjectionDetector.ts(1226,7): error TS2322: Type '"none"' is not assignable to type 'InjectionType | undefined'.
src/services/ai/security/promptInjectionDetector.ts(1268,5): error TS2322: Type '"none"' is not assignable to type '"high" | "low" | "medium"'.
src/services/ai/security/promptInjectionDetector.ts(1269,5): error TS2322: Type '"none"' is not assignable to type 'InjectionType | undefined'.
src/services/ai/security/promptInjectionDetector.ts(1558,9): error TS2322: Type '(InjectionType | undefined)[]' is not assignable to type 'string | number | boolean | number[] | string[] | { [key: string]: string | number | boolean | null | undefined; } | null | undefined'.
src/services/ai/security/scopeManager.ts(93,61): error TS2304: Cannot find name 'JSONValue'.
src/services/ai/security/scopeManager.ts(308,86): error TS2304: Cannot find name 'JSONValue'.
src/services/ai/security/scopeManager.ts(360,60): error TS2304: Cannot find name 'JSONValue'.
src/services/ai/security/scopeManager.ts(440,27): error TS2304: Cannot find name 'JSONValue'.
src/services/ai/security/scopeManager.ts(565,26): error TS2304: Cannot find name 'JSONValue'.
src/services/ai/security/scopeManager.ts(579,85): error TS2304: Cannot find name 'JSONValue'.
src/services/ai/security/scopeManager.ts(654,71): error TS2304: Cannot find name 'JSONValue'.
src/services/ai/toolDefinitions.ts(615,17): error TS2353: Object literal may only specify known properties, and 'enum' does not exist in type '{ type: string; }'.
src/services/ai/toolDefinitions.ts(619,17): error TS2353: Object literal may only specify known properties, and 'properties' does not exist in type '{ type: string; }'.
src/services/ai/toolDefinitions.ts(623,17): error TS2353: Object literal may only specify known properties, and 'properties' does not exist in type '{ type: string; }'.
src/services/ai/toolDefinitions.ts(637,17): error TS2353: Object literal may only specify known properties, and 'properties' does not exist in type '{ type: string; }'.
src/services/ai/toolDefinitions.ts(644,17): error TS2353: Object literal may only specify known properties, and 'properties' does not exist in type '{ type: string; }'.
src/services/ai/toolDefinitions.ts(651,17): error TS2353: Object literal may only specify known properties, and 'properties' does not exist in type '{ type: string; }'.
src/services/ai/toolDefinitions.ts(658,17): error TS2353: Object literal may only specify known properties, and 'properties' does not exist in type '{ type: string; }'.
src/services/ai/toolDefinitions.ts(665,17): error TS2353: Object literal may only specify known properties, and 'properties' does not exist in type '{ type: string; }'.
src/services/ai/toolDefinitions.ts(673,17): error TS2353: Object literal may only specify known properties, and 'properties' does not exist in type '{ type: string; }'.
src/services/ai/toolDefinitions.ts(685,17): error TS2353: Object literal may only specify known properties, and 'properties' does not exist in type '{ type: string; }'.
src/services/ai/toolDefinitions.ts(689,17): error TS2353: Object literal may only specify known properties, and 'properties' does not exist in type '{ type: string; }'.
src/services/ai/toolDefinitions.ts(693,17): error TS2353: Object literal may only specify known properties, and 'properties' does not exist in type '{ type: string; }'.
src/services/ai/toolDefinitions.ts(971,36): error TS2353: Object literal may only specify known properties, and 'description' does not exist in type '{ type: string; }'.
src/services/ai/toolDefinitions.ts(972,36): error TS2353: Object literal may only specify known properties, and 'description' does not exist in type '{ type: string; }'.
src/services/ai/toolDefinitions.ts(1080,13): error TS2353: Object literal may only specify known properties, and 'items' does not exist in type '{ type?: string | undefined; enum?: readonly string[] | undefined; properties?: Record<string, { type: string; }> | undefined; description?: string | undefined; nullable?: boolean | undefined; }'.
src/services/ai/toolDefinitions.ts(1130,13): error TS2353: Object literal may only specify known properties, and 'items' does not exist in type '{ type?: string | undefined; enum?: readonly string[] | undefined; properties?: Record<string, { type: string; }> | undefined; description?: string | undefined; nullable?: boolean | undefined; }'.
src/services/ai/toolDefinitions.ts(1203,13): error TS2353: Object literal may only specify known properties, and 'minimum' does not exist in type '{ type?: string | undefined; enum?: readonly string[] | undefined; properties?: Record<string, { type: string; }> | undefined; description?: string | undefined; nullable?: boolean | undefined; }'.
src/services/ai/toolDefinitions.ts(1256,17): error TS2353: Object literal may only specify known properties, and 'enum' does not exist in type '{ type: string; }'.
src/services/ai/toolDefinitions.ts(1262,17): error TS2353: Object literal may only specify known properties, and 'description' does not exist in type '{ type: string; }'.
src/services/ai/toolDefinitions.ts(1266,17): error TS2353: Object literal may only specify known properties, and 'description' does not exist in type '{ type: string; }'.
src/services/ai/toolDefinitions.ts(1270,17): error TS2353: Object literal may only specify known properties, and 'description' does not exist in type '{ type: string; }'.
src/services/ai/toolDefinitions.ts(1274,17): error TS2353: Object literal may only specify known properties, and 'description' does not exist in type '{ type: string; }'.
src/services/audioFeatures.ts(1374,15): error TS18048: 'stats' is possibly 'undefined'.
src/services/audioFeatures.ts(1375,15): error TS18048: 'stats' is possibly 'undefined'.
src/services/cameraEnhancements.ts(381,22): error TS2304: Cannot find name 'isFiniteNumber'.
src/services/cameraEnhancements.ts(381,75): error TS2304: Cannot find name 'isFiniteNumber'.
src/services/cameraEnhancements.ts(389,22): error TS2304: Cannot find name 'isFiniteNumber'.
src/services/cameraEnhancements.ts(389,75): error TS2304: Cannot find name 'isFiniteNumber'.
src/services/cameraEnhancements.ts(397,22): error TS2304: Cannot find name 'isFiniteNumber'.
src/services/cameraEnhancements.ts(397,75): error TS2304: Cannot find name 'isFiniteNumber'.
src/services/cameraTrackingImport.ts(855,52): error TS2345: Argument of type 'AnimatableProperty<{ x: number; y: number; z?: number | undefined; }> | null' is not assignable to parameter of type 'AnimatableProperty<{ x: number; y: number; z?: number | undefined; }> | undefined'.
src/services/cameraTrackingImport.ts(857,50): error TS2345: Argument of type 'AnimatableProperty<{ x: number; y: number; z: number; }> | null' is not assignable to parameter of type 'AnimatableProperty<{ x: number; y: number; z: number; }> | undefined'.
src/services/comfyui/comfyuiClient.ts(64,47): error TS2304: Cannot find name 'JSONValue'.
src/services/comfyui/comfyuiClient.ts(418,43): error TS2304: Cannot find name 'JSONValue'.
src/services/comfyui/comfyuiClient.ts(429,40): error TS2304: Cannot find name 'JSONValue'.
src/services/comfyui/workflowTemplates.ts(132,164): error TS2304: Cannot find name 'wanMoveValidation'.
src/services/comfyui/workflowTemplates.ts(132,199): error TS2304: Cannot find name 'atiValidation'.
src/services/dataImport.ts(498,16): error TS2304: Cannot find name 'RuntimeValue'.
src/services/dataImport.ts(498,51): error TS2304: Cannot find name 'RuntimeValue'.
src/services/dataImport.ts(510,50): error TS2304: Cannot find name 'JSONValue'.
src/services/dataImport.ts(511,35): error TS2304: Cannot find name 'RuntimeValue'.
src/services/dataImport.ts(514,47): error TS2304: Cannot find name 'JSONValue'.
src/services/dataImport.ts(531,16): error TS2304: Cannot find name 'RuntimeValue'.
src/services/dataImport.ts(531,51): error TS2304: Cannot find name 'RuntimeValue'.
src/services/dataImport.ts(550,45): error TS2304: Cannot find name 'JSONValue'.
src/services/dataImport.ts(559,38): error TS2304: Cannot find name 'RuntimeValue'.
src/services/dataImport.ts(562,45): error TS2304: Cannot find name 'JSONValue'.
src/services/dataImport.ts(563,30): error TS2304: Cannot find name 'RuntimeValue'.
src/services/dataImport.ts(568,21): error TS2304: Cannot find name 'JSONValue'.
src/services/effectProcessor.ts(701,11): error TS2345: Argument of type 'EvaluatedEffectParams' is not assignable to parameter of type 'Record<string, PropertyValue>'.
src/services/effects/blurRenderer.ts(602,7): error TS2322: Type 'BlurStack' is not assignable to type 'BlurStack & { next: BlurStack; }'.
src/services/effects/blurRenderer.ts(632,7): error TS2322: Type 'BlurStack' is not assignable to type 'BlurStack & { next: BlurStack; }'.
src/services/effects/blurRenderer.ts(640,7): error TS2322: Type 'BlurStack' is not assignable to type 'BlurStack & { next: BlurStack; }'.
src/services/effects/blurRenderer.ts(644,5): error TS2322: Type 'BlurStack' is not assignable to type 'BlurStack & { next: BlurStack; }'.
src/services/effects/blurRenderer.ts(685,7): error TS2322: Type 'BlurStack' is not assignable to type 'BlurStack & { next: BlurStack; }'.
src/services/effects/blurRenderer.ts(699,7): error TS2322: Type 'BlurStack' is not assignable to type 'BlurStack & { next: BlurStack; }'.
src/services/effects/blurRenderer.ts(769,7): error TS2322: Type 'BlurStack' is not assignable to type 'BlurStack & { next: BlurStack; }'.
src/services/effects/blurRenderer.ts(799,7): error TS2322: Type 'BlurStack' is not assignable to type 'BlurStack & { next: BlurStack; }'.
src/services/effects/blurRenderer.ts(807,7): error TS2322: Type 'BlurStack' is not assignable to type 'BlurStack & { next: BlurStack; }'.
src/services/effects/blurRenderer.ts(811,5): error TS2322: Type 'BlurStack' is not assignable to type 'BlurStack & { next: BlurStack; }'.
src/services/effects/blurRenderer.ts(852,7): error TS2322: Type 'BlurStack' is not assignable to type 'BlurStack & { next: BlurStack; }'.
src/services/effects/blurRenderer.ts(866,7): error TS2322: Type 'BlurStack' is not assignable to type 'BlurStack & { next: BlurStack; }'.
src/services/effects/colorRenderer.ts(386,31): error TS2304: Cannot find name 'RuntimeValue'.
src/services/effects/colorRenderer.ts(393,27): error TS2304: Cannot find name 'JSONValue'.
src/services/effects/colorRenderer.ts(394,27): error TS2304: Cannot find name 'JSONValue'.
src/services/effects/colorRenderer.ts(395,27): error TS2304: Cannot find name 'JSONValue'.
src/services/effects/colorRenderer.ts(793,39): error TS18048: 'params._fps' is possibly 'undefined'.
src/services/effects/colorRenderer.ts(794,26): error TS18048: 'fps' is possibly 'undefined'.
src/services/effects/colorRenderer.ts(1078,28): error TS2304: Cannot find name 'RuntimeValue'.
src/services/effects/colorRenderer.ts(1265,20): error TS2304: Cannot find name 'safeNum'.
src/services/effects/colorRenderer.ts(1266,22): error TS2304: Cannot find name 'safeNum'.
src/services/export/depthRenderer.ts(168,44): error TS2345: Argument of type 'Keyframe<{ x: number; y: number; z?: number | undefined; }>[]' is not assignable to parameter of type 'Keyframe[]'.
src/services/export/depthRenderer.ts(566,73): error TS2322: Type 'number | number[]' is not assignable to type 'number'.
src/services/export/exportPipeline.ts(412,21): error TS2304: Cannot find name 'fontSize'.
src/services/export/vaceControlExport.ts(707,5): error TS2322: Type 'number[]' is not assignable to type '[number, number]'.
src/services/export/wanMoveFlowGenerators.ts(512,128): error TS2367: This comparison appears to be unintentional because the types '"custom" | "text"' and '"random"' have no overlap.
src/services/export/wanMoveFlowGenerators.ts(515,128): error TS2367: This comparison appears to be unintentional because the types '"custom" | "text"' and '"random"' have no overlap.
src/services/expressions/sesEvaluator.ts(342,5): error TS2322: Type '{ PI: number; E: number; abs: (x: number) => number; acos: (x: number) => number; asin: (x: number) => number; atan: (x: number) => number; atan2: (y: number, x: number) => number; ceil: (x: number) => number; ... 24 more ...; atanh: (x: number) => number; }' is not assignable to type 'JSONValue'.
src/services/expressions/sesEvaluator.ts(345,5): error TS2322: Type '{ isFinite: (number: unknown) => boolean; isNaN: (number: unknown) => boolean; isInteger: (number: unknown) => boolean; parseFloat: (string: string) => number; parseInt: (string: string, radix?: number) => number; ... 7 more ...; NaN: number; }' is not assignable to type 'JSONValue'.
src/services/expressions/sesEvaluator.ts(348,12): error TS2322: Type '(number: unknown) => boolean' is not assignable to type 'JSONValue'.
src/services/expressions/sesEvaluator.ts(349,15): error TS2322: Type '(number: unknown) => boolean' is not assignable to type 'JSONValue'.
src/services/expressions/sesEvaluator.ts(350,15): error TS2322: Type '(string: string, radix?: number | undefined) => number' is not assignable to type 'JSONValue'.
src/services/expressions/sesEvaluator.ts(351,17): error TS2322: Type '(string: string) => number' is not assignable to type 'JSONValue'.
src/services/expressions/sesEvaluator.ts(356,5): error TS2322: Type 'undefined' is not assignable to type 'JSONValue'.
src/services/expressions/sesEvaluator.ts(381,5): error TS2322: Type '{ log: (...args: JSONValue[]) => void; warn: (...args: JSONValue[]) => void; }' is not assignable to type 'JSONValue'.
src/services/expressions/sesEvaluator.ts(382,22): error TS2304: Cannot find name 'JSONValue'.
src/services/expressions/sesEvaluator.ts(383,23): error TS2304: Cannot find name 'JSONValue'.
src/services/expressions/sesEvaluator.ts(388,5): error TS2322: Type 'undefined' is not assignable to type 'JSONValue'.
src/services/expressions/sesEvaluator.ts(389,5): error TS2322: Type 'undefined' is not assignable to type 'JSONValue'.
src/services/expressions/sesEvaluator.ts(390,5): error TS2322: Type 'undefined' is not assignable to type 'JSONValue'.
src/services/expressions/sesEvaluator.ts(391,5): error TS2322: Type 'undefined' is not assignable to type 'JSONValue'.
src/services/expressions/sesEvaluator.ts(392,5): error TS2322: Type 'undefined' is not assignable to type 'JSONValue'.
src/services/expressions/sesEvaluator.ts(393,5): error TS2322: Type 'undefined' is not assignable to type 'JSONValue'.
src/services/expressions/sesEvaluator.ts(394,5): error TS2322: Type 'undefined' is not assignable to type 'JSONValue'.
src/services/expressions/sesEvaluator.ts(395,5): error TS2322: Type 'undefined' is not assignable to type 'JSONValue'.
src/services/expressions/sesEvaluator.ts(396,5): error TS2322: Type 'undefined' is not assignable to type 'JSONValue'.
src/services/expressions/sesEvaluator.ts(397,5): error TS2322: Type 'undefined' is not assignable to type 'JSONValue'.
src/services/expressions/sesEvaluator.ts(398,5): error TS2322: Type 'undefined' is not assignable to type 'JSONValue'.
src/services/expressions/sesEvaluator.ts(399,5): error TS2322: Type 'undefined' is not assignable to type 'JSONValue'.
src/services/expressions/sesEvaluator.ts(400,5): error TS2322: Type 'undefined' is not assignable to type 'JSONValue'.
src/services/expressions/sesEvaluator.ts(401,5): error TS2322: Type 'undefined' is not assignable to type 'JSONValue'.
src/services/expressions/sesEvaluator.ts(402,5): error TS2322: Type 'undefined' is not assignable to type 'JSONValue'.
src/services/expressions/sesEvaluator.ts(403,5): error TS2322: Type 'undefined' is not assignable to type 'JSONValue'.
src/services/expressions/sesEvaluator.ts(404,5): error TS2322: Type 'undefined' is not assignable to type 'JSONValue'.
src/services/expressions/sesEvaluator.ts(592,7): error TS2345: Argument of type '{ Function: undefined; eval: undefined; globalThis: undefined; window: undefined; document: undefined; setTimeout: undefined; setInterval: undefined; setImmediate: undefined; fetch: undefined; ... 14 more ...; random: (seed?: number) => number; }' is not assignable to parameter of type 'Record<PropertyKey, JSONValue>'.
src/services/fontService.ts(154,27): error TS2722: Cannot invoke an object which is possibly 'undefined'.
src/services/fontService.ts(154,27): error TS18048: 'windowWithFonts.queryLocalFonts' is possibly 'undefined'.
src/services/gpuDetection.ts(46,19): error TS2430: Interface 'GPUAdapterWithInfo' incorrectly extends interface 'GPUAdapter'.
src/services/gpuEffectDispatcher.ts(597,13): error TS2304: Cannot find name 'JSONValue'.
src/services/gpuEffectDispatcher.ts(604,17): error TS2304: Cannot find name 'JSONValue'.
src/services/gpuEffectDispatcher.ts(610,24): error TS2551: Property 'colorCorrection' does not exist on type 'WebGPURenderer'. Did you mean 'colorCorrect'?
src/services/gpuEffectDispatcher.ts(612,54): error TS2551: Property 'colorCorrection' does not exist on type 'WebGPURenderer'. Did you mean 'colorCorrect'?
src/services/gpuEffectDispatcher.ts(809,11): error TS2322: Type 'PropertyValue' is not assignable to type 'string | number | { x: number; y: number; } | { x: number; y: number; z: number; }'.
src/services/gpuEffectDispatcher.ts(848,9): error TS2322: Type 'Record<string, PropertyValue>' is not assignable to type 'Record<string, string | number | { x: number; y: number; } | { x: number; y: number; z: number; }>'.
src/services/gpuEffectDispatcher.ts(994,9): error TS2322: Type '{ [x: string]: PropertyValue; }' is not assignable to type 'Record<string, string | number | { x: number; y: number; } | { x: number; y: number; z: number; }>'.
src/services/interpolation.ts(387,5): error TS2322: Type 'Record<string, JSONValue>' is not assignable to type 'Record<string, string | number | boolean>'.
src/services/math3d.ts(501,19): error TS2322: Type '{ axis: string; value: number; }[]' is not assignable to type 'string | number | boolean | Vec3 | Mat4 | (string | number | boolean | Vec3)[] | null | undefined'.
src/services/midiToKeyframes.ts(294,5): error TS2588: Cannot assign to 'currentBpm' because it is a constant.
src/services/pathMorphing.ts(758,32): error TS2304: Cannot find name 'RuntimeValue'.
src/services/pathMorphing.ts(760,38): error TS2304: Cannot find name 'JSONValue'.
src/services/pathMorphing.ts(760,53): error TS2304: Cannot find name 'JSONValue'.
src/services/pathMorphing.ts(764,30): error TS2304: Cannot find name 'JSONValue'.
src/services/pathMorphing.ts(765,30): error TS2304: Cannot find name 'JSONValue'.
src/services/pathMorphing.ts(765,45): error TS2304: Cannot find name 'JSONValue'.
src/services/pathMorphing.ts(769,37): error TS2304: Cannot find name 'RuntimeValue'.
src/services/pathMorphing.ts(774,37): error TS2304: Cannot find name 'JSONValue'.
src/services/pathMorphing.ts(774,57): error TS2304: Cannot find name 'JSONValue'.
src/services/persistenceService.ts(91,17): error TS2304: Cannot find name 'JSONValue'.
src/services/physics/PhysicsEngine.ts(1766,253): error TS2339: Property 'id' does not exist on type 'never'.
src/services/physics/PhysicsEngine.ts(2241,17): error TS2345: Argument of type 'T' is not assignable to parameter of type 'RuntimeValue'.
src/services/physics/PhysicsEngine.ts(2241,32): error TS2345: Argument of type 'T' is not assignable to parameter of type 'RuntimeValue'.
src/services/physics/PhysicsEngine.ts(2241,47): error TS2345: Argument of type 'T' is not assignable to parameter of type 'RuntimeValue'.
src/services/physics/PhysicsEngine.ts(2266,33): error TS2345: Argument of type 'T' is not assignable to parameter of type 'RuntimeValue'.
src/services/physics/PhysicsEngine.ts(2266,57): error TS2345: Argument of type 'T' is not assignable to parameter of type 'RuntimeValue'.
src/services/physics/PhysicsEngine.ts(2266,81): error TS2345: Argument of type 'T' is not assignable to parameter of type 'RuntimeValue'.
src/services/preprocessorService.ts(800,7): error TS2345: Argument of type 'string | number | true' is not assignable to parameter of type 'number | undefined'.
src/services/projectMigration.ts(33,19): error TS2304: Cannot find name 'JSONValue'.
src/services/projectMigration.ts(34,14): error TS2304: Cannot find name 'JSONValue'.
src/services/projectMigration.ts(44,17): error TS2304: Cannot find name 'JSONValue'.
src/services/projectMigration.ts(46,16): error TS2304: Cannot find name 'JSONValue'.
src/services/projectMigration.ts(63,18): error TS2430: Interface 'VersionedProject' incorrectly extends interface 'Omit<LatticeProject, "compositions">'.
src/services/projectMigration.ts(184,46): error TS2304: Cannot find name 'JSONValue'.
src/services/projectMigration.ts(198,46): error TS2304: Cannot find name 'JSONValue'.
src/services/projectMigration.ts(227,46): error TS2304: Cannot find name 'JSONValue'.
src/services/projectMigration.ts(240,7): error TS2322: Type 'Record<string, JSONValue> | VersionedProject' is not assignable to type 'VersionedProject | undefined'.
src/services/projectMigration.ts(270,36): error TS2345: Argument of type 'Record<string, JSONValue> | VersionedProject' is not assignable to parameter of type 'VersionedProject'.
src/services/projectMigration.ts(282,7): error TS2322: Type 'Record<string, JSONValue> | VersionedProject' is not assignable to type 'VersionedProject | undefined'.
src/services/projectMigration.ts(297,27): error TS2304: Cannot find name 'JSONValue'.
src/services/projectMigration.ts(303,5): error TS2353: Object literal may only specify known properties, and 'lastModified' does not exist in type 'VersionedProject'.
src/services/propertyDriver.ts(501,5): error TS2322: Type 'number | null' is not assignable to type 'number'.
src/services/propertyEvaluator.ts(145,78): error TS2322: Type 'null' is not assignable to type 'number'.
src/services/propertyEvaluator.ts(149,78): error TS2322: Type 'null' is not assignable to type 'number'.
src/services/propertyEvaluator.ts(153,78): error TS2322: Type 'null' is not assignable to type 'number'.
src/services/segmentToMask.ts(490,99): error TS2339: Property 'threshold' does not exist on type 'ContourOptions'.
src/services/textToVector.ts(632,9): error TS2451: Cannot redeclare block-scoped variable 'x'.
src/services/textToVector.ts(646,7): error TS18048: 'options' is possibly 'undefined'.
src/services/textToVector.ts(673,7): error TS2451: Cannot redeclare block-scoped variable 'x'.
src/services/textToVector.ts(712,5): error TS2588: Cannot assign to 'x' because it is a constant.
src/services/textToVector.ts(712,25): error TS18048: 'opts.letterSpacing' is possibly 'undefined'.
src/services/textToVector.ts(719,9): error TS2588: Cannot assign to 'x' because it is a constant.
src/services/visionAuthoring/MotionIntentTranslator.ts(361,104): error TS2367: This comparison appears to be unintentional because the types '"symmetric"' and '"auto"' have no overlap.
src/services/visionAuthoring/MotionIntentTranslator.ts(460,11): error TS2322: Type 'ParticleBaseConfig' is not assignable to type 'NewLayerConfig'.
src/services/workerPool.ts(27,21): error TS2304: Cannot find name 'JSONValue'.
src/services/workerPool.ts(56,18): error TS2304: Cannot find name 'JSONValue'.
src/services/workerPool.ts(216,18): error TS2304: Cannot find name 'JSONValue'.
src/services/workerPool.ts(251,29): error TS2304: Cannot find name 'JSONValue'.
src/services/workerPool.ts(251,74): error TS2304: Cannot find name 'JSONValue'.
src/services/workerPool.ts(269,26): error TS2304: Cannot find name 'JSONValue'.
src/services/workerPool.ts(276,35): error TS2304: Cannot find name 'JSONValue'.
src/stores/actions/layer/layerDefaults.ts(8,15): error TS2305: Module '"@/types/project"' has no exported member 'LayerDataUnion'.
src/stores/animationStore/navigation.ts(59,5): error TS2554: Expected 2 arguments, but got 3.
src/stores/animationStore/navigation.ts(85,5): error TS2554: Expected 2 arguments, but got 3.
src/stores/assetStore.ts(893,14): error TS2352: Conversion of type '{ diffuseMap: string; spriteSheetColumns: number; spriteSheetRows: number; animateSprite: boolean; spriteFrameRate: number; randomStartFrame: boolean; }' to type 'ParticleSpriteConfig' may be a mistake because neither type sufficiently overlaps with the other. If this was intentional, convert the expression to 'unknown' first.
src/stores/audioKeyframeStore.ts(257,28): error TS2304: Cannot find name 'useProjectStore'.
src/stores/audioKeyframeStore.ts(262,9): error TS2353: Object literal may only specify known properties, and 'project' does not exist in type '{ getActiveComp(): { currentFrame: number; } | null; }'.
src/stores/audioStore.ts(149,43): error TS2322: Type 'undefined' is not assignable to type 'number[]'.
src/stores/effectStore/index.ts(440,27): error TS2352: Conversion of type 'boolean | DropShadowStyle | InnerShadowStyle | OuterGlowStyle | InnerGlowStyle | BevelEmbossStyle | ... 4 more ... | StyleBlendingOptions' to type 'Record<string, string | number | boolean | { x: number; y: number; } | { x: number; y: number; z?: number | undefined; } | { x: number; y: number; z: number; } | { r: number; g: number; b: number; a: number; } | JSONValue[] | { ...; } | { ...; } | null>' may be a mistake because neither type sufficiently overlaps with the other. If this was intentional, convert the expression to 'unknown' first.
src/stores/expressionStore/drivers.ts(249,128): error TS2304: Cannot find name 'sourcePropertyPath'.
src/stores/expressionStore/drivers.ts(249,173): error TS2304: Cannot find name 'targetPropertyPath'.
src/stores/expressionStore/expressions.ts(25,5): error TS2554: Expected 3 arguments, but got 4.
src/stores/expressionStore/expressions.ts(44,5): error TS2554: Expected 2-4 arguments, but got 5.
src/stores/expressionStore/expressions.ts(59,5): error TS2554: Expected 2 arguments, but got 3.
src/stores/expressionStore/expressions.ts(74,5): error TS2554: Expected 2 arguments, but got 3.
src/stores/expressionStore/expressions.ts(89,5): error TS2554: Expected 2 arguments, but got 3.
src/stores/expressionStore/expressions.ts(101,67): error TS2554: Expected 2 arguments, but got 3.
src/stores/expressionStore/expressions.ts(112,67): error TS2554: Expected 2 arguments, but got 3.
src/stores/expressionStore/expressions.ts(128,5): error TS2554: Expected 3 arguments, but got 4.
src/stores/expressionStore/expressions.ts(140,63): error TS2554: Expected 2 arguments, but got 3.
src/stores/expressionStore/expressions.ts(161,5): error TS2554: Expected 2-5 arguments, but got 6.
src/stores/index.ts(41,8): error TS2305: Module '"./keyframeStore"' has no exported member 'KeyframeStoreAccess'.
src/stores/keyframeStore/evaluation.ts(113,7): error TS2322: Type 'null' is not assignable to type 'number'.
src/stores/keyframeStore/index.ts(22,15): error TS2300: Duplicate identifier 'PropertyValue'.
src/stores/keyframeStore/index.ts(146,3): error TS2300: Duplicate identifier 'PropertyValue'.
src/stores/keyframeStore/timing.ts(208,50): error TS2322: Type 'null' is not assignable to type 'string'.
src/stores/keyframeStore/timing.ts(250,7): error TS2352: Conversion of type 'Keyframe<PropertyValue>[]' to type 'Keyframe<number[]>[]' may be a mistake because neither type sufficiently overlaps with the other. If this was intentional, convert the expression to 'unknown' first.
src/stores/layerStore/crud.ts(14,3): error TS2305: Module '"@/types/project"' has no exported member 'LayerDataUnion'.
src/stores/layerStore/hierarchy.ts(356,3): error TS2322: Type 'Layer | null' is not assignable to type 'Layer'.
src/stores/layerStore/index.ts(151,57): error TS2305: Module '"@/types/project"' has no exported member 'LayerDataUnion'.
src/stores/layerStore/types.ts(10,15): error TS2305: Module '"@/types/project"' has no exported member 'LayerDataUnion'.
src/stores/physicsStore.ts(35,32): error TS2305: Module '"@/types/project"' has no exported member 'LayerDataUnion'.
src/stores/projectStore.ts(795,26): error TS2554: Expected 0 arguments, but got 1.
src/stores/segmentationStore.ts(205,9): error TS2322: Type 'Layer | null' is not assignable to type 'Layer'.
src/stores/segmentationStore.ts(237,9): error TS2322: Type 'Layer | null' is not assignable to type 'Layer'.
src/stores/segmentationStore.ts(268,9): error TS2322: Type 'Layer | null' is not assignable to type 'Layer'.
src/types/presets.ts(15,15): error TS2300: Duplicate identifier 'PropertyValue'.
src/types/presets.ts(75,15): error TS2300: Duplicate identifier 'PropertyValue'.
src/workers/computeWorker.ts(363,9): error TS2322: Type 'ParticleStepResult' is not assignable to type 'JSONValue'.
src/workers/computeWorker.ts(363,32): error TS2352: Conversion of type 'string | number | boolean | JSONValue[] | { [key: string]: JSONValue; } | null' to type 'ParticleStepPayload' may be a mistake because neither type sufficiently overlaps with the other. If this was intentional, convert the expression to 'unknown' first.
src/workers/computeWorker.ts(367,31): error TS2352: Conversion of type 'string | number | boolean | JSONValue[] | { [key: string]: JSONValue; } | null' to type 'BezierEvaluatePayload' may be a mistake because neither type sufficiently overlaps with the other. If this was intentional, convert the expression to 'unknown' first.
src/workers/computeWorker.ts(368,9): error TS2322: Type 'BezierPoint' is not assignable to type 'JSONValue'.
src/workers/computeWorker.ts(373,37): error TS2352: Conversion of type 'string | number | boolean | JSONValue[] | { [key: string]: JSONValue; } | null' to type 'BezierArcLengthPayload' may be a mistake because neither type sufficiently overlaps with the other. If this was intentional, convert the expression to 'unknown' first.
src/workers/computeWorker.ts(379,39): error TS2352: Conversion of type 'string | number | boolean | JSONValue[] | { [key: string]: JSONValue; } | null' to type 'ImageBlurPayload' may be a mistake because neither type sufficiently overlaps with the other. If this was intentional, convert the expression to 'unknown' first.
src/workers/computeWorker.ts(380,9): error TS2322: Type 'ImageData' is not assignable to type 'JSONValue'.
src/workers/computeWorker.ts(386,11): error TS2352: Conversion of type 'string | number | boolean | JSONValue[] | { [key: string]: JSONValue; } | null' to type 'ImageThresholdPayload' may be a mistake because neither type sufficiently overlaps with the other. If this was intentional, convert the expression to 'unknown' first.
src/workers/computeWorker.ts(387,9): error TS2322: Type 'ImageData' is not assignable to type 'JSONValue'.
src/workers/computeWorker.ts(392,26): error TS2352: Conversion of type 'string | number | boolean | JSONValue[] | { [key: string]: JSONValue; } | null' to type 'ComputeHashPayload' may be a mistake because neither type sufficiently overlaps with the other. If this was intentional, convert the expression to 'unknown' first.
src/workers/expressionWorker.ts(14,42): error TS2459: Module '"@/types/ses-ambient"' declares 'HardenFunction' locally, but it is not exported.
src/workers/expressionWorker.ts(121,11): error TS2322: Type '{ random: any; Function: undefined; eval: undefined; globalThis: undefined; window: undefined; document: undefined; setTimeout: undefined; setInterval: undefined; setImmediate: undefined; fetch: undefined; ... 26 more ...; E: number; }' is not assignable to type 'SESGlobals'.
src/workers/expressionWorker.ts(157,29): error TS18047: 'Compartment' is possibly 'null'.

